#
# A fatal error has been detected by the Java Runtime Environment:
#
#  SIGBUS (0xa) at pc=0x000000010bfd14f0, pid=76035, tid=25095
#
# JRE version: OpenJDK Runtime Environment Homebrew (18.0) (build 18+0)
# Java VM: OpenJDK 64-Bit Server VM Homebrew (18+0, mixed mode, sharing, tiered, compressed oops, compressed class ptrs, g1 gc, bsd-aarch64)
# Problematic frame:
# v  ~StubRoutines::SafeFetchN
#
# No core dump will be written. Core dumps have been disabled. To enable core dumping, try "ulimit -c unlimited" before starting Java again
#
# If you would like to submit a bug report, please visit:
#   https://github.com/Homebrew/homebrew-core/issues
# The crash happened outside the Java Virtual Machine in native code.
# See problematic frame for where to report the bug.
#

---------------  S U M M A R Y ------------

Command Line: -Dclassworlds.conf=/opt/homebrew/Cellar/maven/3.8.5/libexec/bin/m2.conf -Dmaven.home=/opt/homebrew/Cellar/maven/3.8.5/libexec -Dlibrary.jansi.path=/opt/homebrew/Cellar/maven/3.8.5/libexec/lib/jansi-native -Dmaven.multiModuleProjectDirectory=/Users/mira/Documents/Boston University/CS665/met-cs665-assignment-project org.codehaus.plexus.classworlds.launcher.Launcher exec:java -Dexec.executable=edu.bu.met.cs665.Main -Dexec.args=

Host: "MacBookPro18,4" arm64, 10 cores, 32G, Darwin 21.4.0, macOS 12.3.1 (21E258)
Time: Sat Apr 23 17:34:08 2022 PDT elapsed time: 2.291571 seconds (0d 0h 0m 2s)

---------------  T H R E A D  ---------------

Current thread (0x0000000140a42a00):  JavaThread "InvokeLaterDispatcher" daemon [_thread_in_native, id=25095, stack(0x0000000170034000,0x0000000170237000)]

Stack: [0x0000000170034000,0x0000000170237000],  sp=0x0000000170236770,  free space=2057k
Native frames: (J=compiled Java code, j=interpreted, Vv=VM code, C=native code)
v  ~StubRoutines::SafeFetchN
V  [libjvm.dylib+0x66792c]  _ZN10OopStorage7releaseEPKP7oopDesc+0x20
V  [libjvm.dylib+0x418bc0]  jni_DeleteGlobalRef+0x80
C  [libglass.dylib+0xab08]  -[GlassRunnable dealloc]+0x34
C  [Foundation+0x85618]  -[_NSThreadPerformInfo dealloc]+0x30
C  [Foundation+0x5198c]  -[NSObject(NSThreadPerformAdditions) performSelectorOnMainThread:withObject:waitUntilDone:]+0x88
C  0x9b5e00010bfd98ac
j  com.sun.glass.ui.mac.MacApplication.submitForLaterInvocation(Ljava/lang/Runnable;)V+2
j  com.sun.glass.ui.InvokeLaterDispatcher.run()V+82
v  ~StubRoutines::call_stub
V  [libjvm.dylib+0x3c8ad8]  _ZN9JavaCalls11call_helperEP9JavaValueRK12methodHandleP17JavaCallArgumentsP10JavaThread+0x234
V  [libjvm.dylib+0x3c7e78]  _ZN9JavaCalls12call_virtualEP9JavaValueP5KlassP6SymbolS5_P17JavaCallArgumentsP10JavaThread+0x11c
V  [libjvm.dylib+0x3c7f44]  _ZN9JavaCalls12call_virtualEP9JavaValue6HandleP5KlassP6SymbolS6_P10JavaThread+0x64
V  [libjvm.dylib+0x468f50]  _ZL12thread_entryP10JavaThreadS0_+0x9c
V  [libjvm.dylib+0x7cd2e8]  _ZN10JavaThread17thread_main_innerEv+0xa0
V  [libjvm.dylib+0x7cd22c]  _ZN10JavaThread3runEv+0x11c
V  [libjvm.dylib+0x7cbf50]  _ZN6Thread8call_runEv+0x8c
V  [libjvm.dylib+0x66d31c]  _ZL19thread_native_entryP6Thread+0xcc
C  [libsystem_pthread.dylib+0x726c]  _pthread_start+0x94

Java frames: (J=compiled Java code, j=interpreted, Vv=VM code)
j  com.sun.glass.ui.mac.MacApplication._submitForLaterInvocation(Ljava/lang/Runnable;)V+0
j  com.sun.glass.ui.mac.MacApplication.submitForLaterInvocation(Ljava/lang/Runnable;)V+2
j  com.sun.glass.ui.InvokeLaterDispatcher.run()V+82
v  ~StubRoutines::call_stub

siginfo: si_signo: 10 (SIGBUS), si_code: 1 (BUS_ADRALN), si_addr: 0x000000010bfd14f0

Register to memory mapping:

 x0=0x0000000153619248 is a global jni handle
 x1=0x0 is NULL
 x2=0x0000000604725da0 is an oop: com.sun.glass.ui.InvokeLaterDispatcher$Future 
{0x0000000604725da0} - klass: 'com/sun/glass/ui/InvokeLaterDispatcher$Future'
 - ---- fields (total size 3 words):
 - private 'done' 'Z' @12  true
 - private final 'runnable' 'Ljava/lang/Runnable;' @16  a 'com/sun/javafx/tk/quantum/QuantumToolkit$$Lambda$104+0x0000000800e26bc8'{0x0000000615e6e878} (c2bcdd0f)
 - final synthetic 'this$0' 'Lcom/sun/glass/ui/InvokeLaterDispatcher;' @20  a 'com/sun/glass/ui/InvokeLaterDispatcher'{0x0000000616446188} (c2c88c31)
 x3=0x0 is NULL
 x4=0x00000000000130a8 is an unknown value
 x5=0x0 is NULL
 x6=0x0 is NULL
 x7=0x0 is NULL
 x8=0x000000010bfd14ec is at begin+0 in a stub
StubRoutines::SafeFetchN [0x000000010bfd14ec, 0x000000010bfd14f8] (12 bytes)
 x9=0x0 is NULL
x10=0x2010000030300000 is an unknown value
x11=0x0000000000000007 is an unknown value
x12=0x0000000000000004 is an unknown value
x13=0x0000600002ac6190 points into unknown readable memory: 0xb9658001a3d4fc40 | 40 fc d4 a3 01 80 65 b9
x14=0x0000040000000000 is an unknown value
x15=0x0000000135df9f98: OBJC_CLASS_$_GlassRunnable+0 in /Users/mira/.openjfx/cache/17.0.1/libglass.dylib at 0x0000000135db4000
x16=0x00000001a3eb90fc: pthread_getspecific+0 in /usr/lib/system/libsystem_pthread.dylib at 0x00000001a3eb7000
x17=0x0000600002fc9ea0 points into unknown readable memory: 0xfffffffffffffffe | fe ff ff ff ff ff ff ff
x18=0x0 is NULL
x19=0x0000600002ff5490 points into unknown readable memory: 0x00006000006f0890 | 90 08 6f 00 00 60 00 00
x20=0x0000000153619248 is a global jni handle
x21=0x0000000140a42a00 is a thread
x22=0x0000000000000001 is an unknown value
x23=0x0 is NULL
x24=0x0000000153619200 is a global jni handle
x25=0x0000000104080098: _ZN12StubRoutines17_safefetchN_entryE+0 in /opt/homebrew/Cellar/openjdk/18/libexec/openjdk.jdk/Contents/Home/lib/server/libjvm.dylib at 0x000000010360c000
x26=0x0000000000000001 is an unknown value
x27=0x0 is NULL
x28=0x0000000140a42a00 is a thread


Registers:
 x0=0x0000000153619248  x1=0x0000000000000000  x2=0x0000000604725da0  x3=0x0000000000000000
 x4=0x00000000000130a8  x5=0x0000000000000000  x6=0x0000000000000000  x7=0x0000000000000000
 x8=0x000000010bfd14ec  x9=0x0000000000000000 x10=0x2010000030300000 x11=0x0000000000000007
x12=0x0000000000000004 x13=0x0000600002ac6190 x14=0x0000040000000000 x15=0x0000000135df9f98
x16=0x00000001a3eb90fc x17=0x0000600002fc9ea0 x18=0x0000000000000000 x19=0x0000600002ff5490
x20=0x0000000153619248 x21=0x0000000140a42a00 x22=0x0000000000000001 x23=0x0000000000000000
x24=0x0000000153619200 x25=0x0000000104080098 x26=0x0000000000000001 x27=0x0000000000000000
x28=0x0000000140a42a00  fp=0x00000001702367b0  lr=0x0000000103c72d38  sp=0x0000000170236770
pc=0x000000010bfd14f0 cpsr=0x0000000060001000
Top of Stack: (sp=0x0000000170236770)
0x0000000170236770:   0000000130f5e7b0 0000000170236de0
0x0000000170236780:   0000000170236978 0000600000790490
0x0000000170236790:   0000000136244290 0000000153619208
0x00000001702367a0:   0000000153619208 0000600002ff5490
0x00000001702367b0:   00000001702367f0 0000000103c7392c
0x00000001702367c0:   0000000000000001 0000000153619208
0x00000001702367d0:   0000000136244290 0000000153619208
0x00000001702367e0:   0000000000000001 0000000136244000
0x00000001702367f0:   0000000170236830 0000000103a24bc0
0x0000000170236800:   0000000136244000 0000600000790498
0x0000000170236810:   0000600000790480 00000001edf7ebe0
0x0000000170236820:   0000000000000000 0000600000790480
0x0000000170236830:   0000000170236860 0000000135dbeb08
0x0000000170236840:   e039232034c70030 0000000000000000
0x0000000170236850:   0000000000000000 0000600001efe9c0
0x0000000170236860:   00000001702368a0 00000001a4e86618
0x0000000170236870:   0000000170236978 0000600000790490
0x0000000170236880:   0000600000790480 e039232034c70030
0x0000000170236890:   0000000000000000 0000000000000000
0x00000001702368a0:   00000001702368e0 d1168001a4e5298c
0x00000001702368b0:   0000000170236978 000000010bfd87c0
0x00000001702368c0:   0000000000000000 0000000104087b50
0x00000001702368d0:   00000001702368f0 000000010bfd7730
0x00000001702368e0:   0000000170236950 9b5e00010bfd98ac
0x00000001702368f0:   0000000170236958 00000001303b8560
0x0000000170236900:   0000000170236900 0000000000000000
0x0000000170236910:   0000000170236978 0000000130f5e7b0
0x0000000170236920:   00000006164478f0 0000000000000000
0x0000000170236930:   0000000000000000 0000000130f3b138
0x0000000170236940:   0000000000000000 0000000170236950
0x0000000170236950:   00000001702369d0 000000010bfd5fc8
0x0000000170236960:   0000000000000000 0000000000000000 

Instructions: (pc=0x000000010bfd14f0)
0x000000010bfd13f0:   f2a08089 f2c00029 6d425935 1e640886
0x000000010bfd1400:   0c402d31 1e6408c7 1f5654d0 1e6c1017
0x000000010bfd1410:   1f5050d0 1f504cd0 1f5048d0 1e650af6
0x000000010bfd1420:   1f50d8f6 1f5694d6 1f5158f6 1e762880
0x000000010bfd1430:   36000501 1e614000 14000026 2e251ca5
0x000000010bfd1440:   d2983009 f2a08089 f2c00029 6d425d36
0x000000010bfd1450:   1e600806 0c402d32 1f5758c7 1e6c101a
0x000000010bfd1460:   1f4754c7 1e650805 1f4750c7 d2866668
0x000000010bfd1470:   f2a7fa68 1f474cc7 1e6608c0 1f4748c7
0x000000010bfd1480:   1e6e1019 eb08007f 540000ac 1f479400
0x000000010bfd1490:   1f460340 1e603b20 1400000e d2a7fd29
0x000000010bfd14a0:   eb09007f 540000ac 51480069 d3607d29
0x000000010bfd14b0:   9e670121 14000002 1e6a5001 1f679417
0x000000010bfd14c0:   1f668742 1e613b23 1e773857 1e773860
0x000000010bfd14d0:   a8c17ff3 910003bf a8c17bfd d65f03c0
0x000000010bfd14e0:   b9400001 aa0103e0 d65f03c0 f9400001
0x000000010bfd14f0:   aa0103e0 d65f03c0 00000000 00000000
0x000000010bfd1500:   00000000 00000000 00000000 00000000
0x000000010bfd1510:   00000000 00000000 00000000 00000000
0x000000010bfd1520:   00000000 00000000 00000000 00000000
0x000000010bfd1530:   00000000 00000000 00000000 00000000
0x000000010bfd1540:   00000000 00000000 00000000 00000000
0x000000010bfd1550:   00000000 00000000 00000000 00000000
0x000000010bfd1560:   00000000 00000000 00000000 00000000
0x000000010bfd1570:   00000000 00000000 00000000 00000000
0x000000010bfd1580:   00000000 00000000 00000000 00000000
0x000000010bfd1590:   00000000 00000000 00000000 00000000
0x000000010bfd15a0:   00000000 00000000 00000000 00000000
0x000000010bfd15b0:   00000000 00000000 00000000 00000000
0x000000010bfd15c0:   00000000 00000000 00000000 00000000
0x000000010bfd15d0:   00000000 00000000 00000000 00000000
0x000000010bfd15e0:   00000000 00000000 00000000 00000000 


Stack slot to memory mapping:
stack at sp + 0 slots: 0x0000000130f5e7b0 is pointing into metadata
stack at sp + 1 slots: 0x0000000170236de0 is pointing into the stack for thread: 0x0000000140a42a00
stack at sp + 2 slots: 0x0000000170236978 is pointing into the stack for thread: 0x0000000140a42a00
stack at sp + 3 slots: 0x0000600000790490 points into unknown readable memory: 0x01000001fc66a011 | 11 a0 66 fc 01 00 00 01
stack at sp + 4 slots: 0x0000000136244290 points into unknown readable memory: 0x000000010403b5d8 | d8 b5 03 04 01 00 00 00
stack at sp + 5 slots: 0x0000000153619208 is a global jni handle
stack at sp + 6 slots: 0x0000000153619208 is a global jni handle
stack at sp + 7 slots: 0x0000600002ff5490 points into unknown readable memory: 0x00006000006f0890 | 90 08 6f 00 00 60 00 00

StubRoutines::SafeFetchN [0x000000010bfd14ec, 0x000000010bfd14f8] (12 bytes)
[MachCode]
  0x000000010bfd14ec: 0100 40f9 | e003 01aa | c003 5fd6 
[/MachCode]

---------------  P R O C E S S  ---------------

Threads class SMR info:
_java_thread_list=0x00006000005e7cc0, length=20, elements={
0x000000015400a200, 0x000000015403bc00, 0x0000000153865a00, 0x0000000153867c00,
0x000000015386a200, 0x000000015386a800, 0x0000000153868200, 0x0000000144008200,
0x0000000144808200, 0x0000000154041800, 0x0000000153869200, 0x0000000153e54600,
0x0000000153f66800, 0x000000014005cc00, 0x0000000140a42a00, 0x0000000136244000,
0x0000000143e42000, 0x0000000140a9fe00, 0x0000000143f5e000, 0x0000000140012a00
}

Java Threads: ( => current thread )
  0x000000015400a200 JavaThread "main" [_thread_blocked, id=10499, stack(0x000000016da44000,0x000000016dc47000)]
  0x000000015403bc00 JavaThread "Reference Handler" daemon [_thread_blocked, id=16387, stack(0x000000016e898000,0x000000016ea9b000)]
  0x0000000153865a00 JavaThread "Finalizer" daemon [_thread_blocked, id=15107, stack(0x000000016eaa4000,0x000000016eca7000)]
  0x0000000153867c00 JavaThread "Signal Dispatcher" daemon [_thread_blocked, id=22275, stack(0x000000016edc8000,0x000000016efcb000)]
  0x000000015386a200 JavaThread "Service Thread" daemon [_thread_blocked, id=22531, stack(0x000000016efd4000,0x000000016f1d7000)]
  0x000000015386a800 JavaThread "Monitor Deflation Thread" daemon [_thread_blocked, id=23043, stack(0x000000016f1e0000,0x000000016f3e3000)]
  0x0000000153868200 JavaThread "C2 CompilerThread0" daemon [_thread_blocked, id=41219, stack(0x000000016f3ec000,0x000000016f5ef000)]
  0x0000000144008200 JavaThread "C1 CompilerThread0" daemon [_thread_blocked, id=40707, stack(0x000000016f5f8000,0x000000016f7fb000)]
  0x0000000144808200 JavaThread "Sweeper thread" daemon [_thread_blocked, id=23299, stack(0x000000016f804000,0x000000016fa07000)]
  0x0000000154041800 JavaThread "Notification Thread" daemon [_thread_blocked, id=23811, stack(0x000000016fa10000,0x000000016fc13000)]
  0x0000000153869200 JavaThread "Common-Cleaner" daemon [_thread_blocked, id=24835, stack(0x000000016fe28000,0x000000017002b000)]
  0x0000000153e54600 JavaThread "edu.bu.met.cs665.Main.main()" [_thread_blocked, id=27907, stack(0x00000001714ac000,0x00000001716af000)]
  0x0000000153f66800 JavaThread "JavaFX-Launcher" [_thread_blocked, id=37379, stack(0x00000001716b8000,0x00000001718bb000)]
  0x000000014005cc00 JavaThread "QuantumRenderer-0" daemon [_thread_blocked, id=37123, stack(0x00000001718c4000,0x0000000171ac7000)]
=>0x0000000140a42a00 JavaThread "InvokeLaterDispatcher" daemon [_thread_in_native, id=25095, stack(0x0000000170034000,0x0000000170237000)]
  0x0000000136244000 JavaThread "JavaFX Application Thread" [_thread_in_vm, id=259, stack(0x000000016d1bc000,0x000000016d9b8000)]
  0x0000000143e42000 JavaThread "PulseTimer-CVDisplayLink thread" daemon [_thread_in_native, id=55299, stack(0x0000000170240000,0x00000001702c3000)]
  0x0000000140a9fe00 JavaThread "Thread-5" [_thread_in_native, id=56579, stack(0x0000000171be8000,0x0000000171deb000)]
  0x0000000143f5e000 JavaThread "Prism Font Disposer" daemon [_thread_blocked, id=75531, stack(0x0000000176860000,0x0000000176a63000)]
  0x0000000140012a00 JavaThread "Cleaner-0" daemon [_thread_blocked, id=63239, stack(0x0000000176a6c000,0x0000000176c6f000)]

Other Threads:
  0x0000000153617480 VMThread "VM Thread" [stack: 0x000000016e68c000,0x000000016e88f000] [id=14339]
  0x000000015370b910 WatcherThread "VM Periodic Task Thread" [stack: 0x000000016fc1c000,0x000000016fe1f000] [id=24323]
  0x0000000153707150 WorkerThread "GC Thread#0" [stack: 0x000000016dc50000,0x000000016de53000] [id=19971]
  0x0000000153718d30 WorkerThread "GC Thread#1" [stack: 0x000000017044c000,0x000000017064f000] [id=25859]
  0x0000000145107d20 WorkerThread "GC Thread#2" [stack: 0x0000000170658000,0x000000017085b000] [id=39427]
  0x0000000145108190 WorkerThread "GC Thread#3" [stack: 0x0000000170864000,0x0000000170a67000] [id=39171]
  0x0000000102d04080 WorkerThread "GC Thread#4" [stack: 0x0000000170a70000,0x0000000170c73000] [id=26627]
  0x0000000102d049a0 WorkerThread "GC Thread#5" [stack: 0x0000000170c7c000,0x0000000170e7f000] [id=38915]
  0x0000000145108a30 WorkerThread "GC Thread#6" [stack: 0x0000000170e88000,0x000000017108b000] [id=38403]
  0x00000001537191a0 WorkerThread "GC Thread#7" [stack: 0x0000000171094000,0x0000000171297000] [id=38147]
  0x0000000145109290 WorkerThread "GC Thread#8" [stack: 0x00000001712a0000,0x00000001714a3000] [id=27651]
  0x0000000153604d50 ConcurrentGCThread "G1 Main Marker" [stack: 0x000000016de5c000,0x000000016e05f000] [id=12547]
  0x00000001536055c0 WorkerThread "G1 Conc#0" [stack: 0x000000016e068000,0x000000016e26b000] [id=18691]
  0x00000001537817e0 WorkerThread "G1 Conc#1" [stack: 0x0000000171df4000,0x0000000171ff7000] [id=56835]
  0x00000001536126e0 ConcurrentGCThread "G1 Refine#0" [stack: 0x000000016e274000,0x000000016e477000] [id=13059]
  0x0000000153612f60 ConcurrentGCThread "G1 Service" [stack: 0x000000016e480000,0x000000016e683000] [id=17923]

Threads with active compile tasks:

VM state: not at safepoint (normal execution)

VM Mutex/Monitor currently owned by a thread: None

Heap address: 0x0000000600000000, size: 8192 MB, Compressed Oops mode: Zero based, Oop shift amount: 3

CDS archive(s) mapped at: [0x0000000800000000-0x0000000800ba0000-0x0000000800ba0000), size 12189696, SharedBaseAddress: 0x0000000800000000, ArchiveRelocationMode: 0.
Compressed class space mapped at: 0x0000000800c00000-0x0000000840c00000, reserved size: 1073741824
Narrow klass base: 0x0000000800000000, Narrow klass shift: 0, Narrow klass range: 0x100000000

GC Precious Log:
 CardTable entry size: 512
 Card Set container configuration: InlinePtr #cards 4 size 8 Array Of Cards #cards 32 size 80 Howl #buckets 8 coarsen threshold 7372 Howl Bitmap #cards 1024 size 144 coarsen threshold 921 Card regions per heap region 1 cards per card region 8192
 CPUs: 10 total, 10 available
 Memory: 32768M
 Large Page Support: Disabled
 NUMA Support: Disabled
 Compressed Oops: Enabled (Zero based)
 Heap Region Size: 4M
 Heap Min Capacity: 8M
 Heap Initial Capacity: 512M
 Heap Max Capacity: 8G
 Pre-touch: Disabled
 Parallel Workers: 9
 Concurrent Workers: 2
 Concurrent Refinement Workers: 9
 Periodic GC: Disabled

Heap:
 garbage-first heap   total 110592K, used 33606K [0x0000000600000000, 0x0000000800000000)
  region size 4096K, 10 young (40960K), 5 survivors (20480K)
 Metaspace       used 24281K, committed 24704K, reserved 1114112K
  class space    used 3063K, committed 3264K, reserved 1048576K

Heap Regions: E=young(eden), S=young(survivor), O=old, HS=humongous(starts), HC=humongous(continues), CS=collection set, F=free, OA=open archive, CA=closed archive, TAMS=top-at-mark-start (previous, next)
|   0|0x0000000600000000, 0x0000000600000000, 0x0000000600400000|  0%| F|  |TAMS 0x0000000600000000, 0x0000000600000000| Untracked 
|   1|0x0000000600400000, 0x0000000600400000, 0x0000000600800000|  0%| F|  |TAMS 0x0000000600400000, 0x0000000600400000| Untracked 
|   2|0x0000000600800000, 0x0000000600800000, 0x0000000600c00000|  0%| F|  |TAMS 0x0000000600800000, 0x0000000600800000| Untracked 
|   3|0x0000000600c00000, 0x0000000600c00000, 0x0000000601000000|  0%| F|  |TAMS 0x0000000600c00000, 0x0000000600c00000| Untracked 
|   4|0x0000000601000000, 0x0000000601000000, 0x0000000601400000|  0%| F|  |TAMS 0x0000000601000000, 0x0000000601000000| Untracked 
|   5|0x0000000601400000, 0x0000000601400000, 0x0000000601800000|  0%| F|  |TAMS 0x0000000601400000, 0x0000000601400000| Untracked 
|   6|0x0000000601800000, 0x0000000601800000, 0x0000000601c00000|  0%| F|  |TAMS 0x0000000601800000, 0x0000000601800000| Untracked 
|   7|0x0000000601c00000, 0x0000000601c00000, 0x0000000602000000|  0%| F|  |TAMS 0x0000000601c00000, 0x0000000601c00000| Untracked 
|   8|0x0000000602000000, 0x0000000602000000, 0x0000000602400000|  0%| F|  |TAMS 0x0000000602000000, 0x0000000602000000| Untracked 
|   9|0x0000000602400000, 0x0000000602400000, 0x0000000602800000|  0%| F|  |TAMS 0x0000000602400000, 0x0000000602400000| Untracked 
|  10|0x0000000602800000, 0x0000000602800000, 0x0000000602c00000|  0%| F|  |TAMS 0x0000000602800000, 0x0000000602800000| Untracked 
|  11|0x0000000602c00000, 0x0000000602c00000, 0x0000000603000000|  0%| F|  |TAMS 0x0000000602c00000, 0x0000000602c00000| Untracked 
|  12|0x0000000603000000, 0x0000000603000000, 0x0000000603400000|  0%| F|  |TAMS 0x0000000603000000, 0x0000000603000000| Untracked 
|  13|0x0000000603400000, 0x0000000603400000, 0x0000000603800000|  0%| F|  |TAMS 0x0000000603400000, 0x0000000603400000| Untracked 
|  14|0x0000000603800000, 0x0000000603800000, 0x0000000603c00000|  0%| F|  |TAMS 0x0000000603800000, 0x0000000603800000| Untracked 
|  15|0x0000000603c00000, 0x0000000603d00010, 0x0000000604000000| 25%| E|  |TAMS 0x0000000603c00000, 0x0000000603c00000| Complete 
|  16|0x0000000604000000, 0x00000006043f6eb0, 0x0000000604400000| 99%| E|  |TAMS 0x0000000604000000, 0x0000000604000000| Complete 
|  17|0x0000000604400000, 0x0000000604800000, 0x0000000604800000|100%| E|CS|TAMS 0x0000000604400000, 0x0000000604400000| Complete 
|  18|0x0000000604800000, 0x0000000604c00000, 0x0000000604c00000|100%| E|CS|TAMS 0x0000000604800000, 0x0000000604800000| Complete 
|  85|0x0000000615400000, 0x00000006154e9a70, 0x0000000615800000| 22%| S|CS|TAMS 0x0000000615400000, 0x0000000615400000| Complete 
|  86|0x0000000615800000, 0x0000000615c00000, 0x0000000615c00000|100%| S|CS|TAMS 0x0000000615800000, 0x0000000615800000| Complete 
|  87|0x0000000615c00000, 0x0000000616000000, 0x0000000616000000|100%| S|CS|TAMS 0x0000000615c00000, 0x0000000615c00000| Complete 
|  88|0x0000000616000000, 0x0000000616400000, 0x0000000616400000|100%| S|CS|TAMS 0x0000000616000000, 0x0000000616000000| Complete 
|  89|0x0000000616400000, 0x0000000616800000, 0x0000000616800000|100%| S|CS|TAMS 0x0000000616400000, 0x0000000616400000| Complete 
| 127|0x000000061fc00000, 0x0000000620000000, 0x0000000620000000|100%| E|CS|TAMS 0x000000061fc00000, 0x000000061fc00000| Complete 
|2046|0x00000007ff800000, 0x00000007ffb74000, 0x00000007ffc00000| 86%|OA|  |TAMS 0x00000007ffb74000, 0x00000007ff800000| Untracked 
|2047|0x00000007ffc00000, 0x00000007ffc74000, 0x0000000800000000| 11%|CA|  |TAMS 0x00000007ffc74000, 0x00000007ffc00000| Untracked 

Card table byte_map: [0x000000011bfd0000,0x000000011cfd0000] _byte_map_base: 0x0000000118fd0000

Marking Bits (Prev, Next): (CMBitMap*) 0x0000000153808650, (CMBitMap*) 0x0000000153808610
 Prev Bits: [0x0000000125fd0000, 0x000000012dfd0000)
 Next Bits: [0x000000011dfd0000, 0x0000000125fd0000)

Polling page: 0x00000001025cc000

Metaspace:

Usage:
  Non-class:     20.72 MB used.
      Class:      2.99 MB used.
       Both:     23.71 MB used.

Virtual space:
  Non-class space:       64.00 MB reserved,      20.94 MB ( 33%) committed,  1 nodes.
      Class space:        1.00 GB reserved,       3.19 MB ( <1%) committed,  1 nodes.
             Both:        1.06 GB reserved,      24.12 MB (  2%) committed. 

Chunk freelists:
   Non-Class:  2.23 MB
       Class:  640.00 KB
        Both:  2.86 MB

MaxMetaspaceSize: unlimited
CompressedClassSpaceSize: 1.00 GB
Initial GC threshold: 21.00 MB
Current GC threshold: 35.25 MB
CDS: on
MetaspaceReclaimPolicy: balanced
 - commit_granule_bytes: 65536.
 - commit_granule_words: 8192.
 - virtual_space_node_default_size: 8388608.
 - enlarge_chunks_in_place: 1.
 - new_chunks_are_fully_committed: 0.
 - uncommit_free_chunks: 1.
 - use_allocation_guard: 0.


Internal statistics:

num_allocs_failed_limit: 3.
num_arena_births: 406.
num_arena_deaths: 0.
num_vsnodes_births: 2.
num_vsnodes_deaths: 0.
num_space_committed: 386.
num_space_uncommitted: 0.
num_chunks_returned_to_freelist: 3.
num_chunks_taken_from_freelist: 1255.
num_chunk_merges: 3.
num_chunk_splits: 914.
num_chunks_enlarged: 720.
num_inconsistent_stats: 0.

CodeHeap 'non-profiled nmethods': size=120032Kb used=2474Kb max_used=2474Kb free=117557Kb
 bounds [0x0000000113a98000, 0x0000000113d08000, 0x000000011afd0000]
CodeHeap 'profiled nmethods': size=120016Kb used=10183Kb max_used=10183Kb free=109832Kb
 bounds [0x000000010c564000, 0x000000010cf64000, 0x0000000113a98000]
CodeHeap 'non-nmethods': size=5712Kb used=1395Kb max_used=1420Kb free=4316Kb
 bounds [0x000000010bfd0000, 0x000000010c240000, 0x000000010c564000]
 total_blobs=5197 nmethods=4427 adapters=686
 compilation: enabled
              stopped_count=0, restarted_count=0
 full_count=0

Compilation events (20 events):
Event: 2.276 Thread 0x0000000144008200 4517       1       com.sun.prism.paint.Paint$Type::isGradient (5 bytes)
Event: 2.276 Thread 0x0000000144008200 nmethod 4517 0x0000000113d01e10 code [0x0000000113d01f80, 0x0000000113d02068]
Event: 2.278 Thread 0x0000000144008200 4518       3       edu.bu.met.cs665.Planet::getPosition (16 bytes)
Event: 2.278 Thread 0x0000000144008200 nmethod 4518 0x000000010cf52a90 code [0x000000010cf52d00, 0x000000010cf53608]
Event: 2.278 Thread 0x0000000144008200 4519       3       javafx.scene.shape.Circle::setCenterX (22 bytes)
Event: 2.279 Thread 0x0000000144008200 nmethod 4519 0x000000010cf53910 code [0x000000010cf53ac0, 0x000000010cf53dc8]
Event: 2.279 Thread 0x0000000144008200 4521       1       javafx.scene.control.SkinBase::getSkinnable (5 bytes)
Event: 2.279 Thread 0x0000000144008200 nmethod 4521 0x0000000113d02110 code [0x0000000113d02280, 0x0000000113d02368]
Event: 2.279 Thread 0x0000000144008200 4522       3       javafx.scene.Node::isDirtyEmpty (10 bytes)
Event: 2.279 Thread 0x0000000144008200 nmethod 4522 0x000000010cf53f10 code [0x000000010cf540c0, 0x000000010cf54318]
Event: 2.279 Thread 0x0000000144008200 4520       1       edu.bu.met.cs665.Moon::getOrbitRadius (5 bytes)
Event: 2.279 Thread 0x0000000144008200 nmethod 4520 0x0000000113d02410 code [0x0000000113d02580, 0x0000000113d02668]
Event: 2.279 Thread 0x0000000144008200 4523       3       java.lang.StrictMath::floorOrCeil (128 bytes)
Event: 2.280 Thread 0x0000000144008200 nmethod 4523 0x000000010cf54410 code [0x000000010cf54600, 0x000000010cf54a28]
Event: 2.280 Thread 0x0000000144008200 4524       3       java.lang.Math::getExponent (17 bytes)
Event: 2.280 Thread 0x0000000144008200 nmethod 4524 0x000000010cf54b10 code [0x000000010cf54cc0, 0x000000010cf54de8]
Event: 2.280 Thread 0x0000000144008200 4525       3       java.lang.Math::min (46 bytes)
Event: 2.280 Thread 0x0000000144008200 nmethod 4525 0x000000010cf54e90 code [0x000000010cf55040, 0x000000010cf55328]
Event: 2.280 Thread 0x0000000144008200 4526       1       com.sun.prism.impl.BaseGraphics::getRenderTarget (5 bytes)
Event: 2.280 Thread 0x0000000144008200 nmethod 4526 0x0000000113d02710 code [0x0000000113d02880, 0x0000000113d02968]

GC Heap History (6 events):
Event: 0.313 GC heap before
{Heap before GC invocations=0 (full 0):
 garbage-first heap   total 532480K, used 28576K [0x0000000600000000, 0x0000000800000000)
  region size 4096K, 6 young (24576K), 0 survivors (0K)
 Metaspace       used 5177K, committed 5376K, reserved 1114112K
  class space    used 604K, committed 704K, reserved 1048576K
}
Event: 0.316 GC heap after
{Heap after GC invocations=1 (full 0):
 garbage-first heap   total 532480K, used 7076K [0x0000000600000000, 0x0000000800000000)
  region size 4096K, 1 young (4096K), 1 survivors (4096K)
 Metaspace       used 5177K, committed 5376K, reserved 1114112K
  class space    used 604K, committed 704K, reserved 1048576K
}
Event: 0.623 GC heap before
{Heap before GC invocations=1 (full 0):
 garbage-first heap   total 532480K, used 39844K [0x0000000600000000, 0x0000000800000000)
  region size 4096K, 9 young (36864K), 1 survivors (4096K)
 Metaspace       used 11862K, committed 12160K, reserved 1114112K
  class space    used 1399K, committed 1536K, reserved 1048576K
}
Event: 0.626 GC heap after
{Heap after GC invocations=2 (full 0):
 garbage-first heap   total 532480K, used 9765K [0x0000000600000000, 0x0000000800000000)
  region size 4096K, 2 young (8192K), 2 survivors (8192K)
 Metaspace       used 11862K, committed 12160K, reserved 1114112K
  class space    used 1399K, committed 1536K, reserved 1048576K
}
Event: 1.691 GC heap before
{Heap before GC invocations=2 (full 0):
 garbage-first heap   total 532480K, used 153125K [0x0000000600000000, 0x0000000800000000)
  region size 4096K, 38 young (155648K), 2 survivors (8192K)
 Metaspace       used 21093K, committed 21504K, reserved 1114112K
  class space    used 2590K, committed 2816K, reserved 1048576K
}
Event: 1.697 GC heap after
{Heap after GC invocations=3 (full 0):
 garbage-first heap   total 532480K, used 21318K [0x0000000600000000, 0x0000000800000000)
  region size 4096K, 5 young (20480K), 5 survivors (20480K)
 Metaspace       used 21093K, committed 21504K, reserved 1114112K
  class space    used 2590K, committed 2816K, reserved 1048576K
}

Deoptimization events (20 events):
Event: 1.954 Thread 0x0000000136244000 Uncommon trap: trap_request=0xffffffde fr.pc=0x0000000113c32e94 relative=0x0000000000000414
Event: 1.954 Thread 0x0000000136244000 Uncommon trap: reason=class_check action=maybe_recompile pc=0x0000000113c32e94 method=java.util.Hashtable.get(Ljava/lang/Object;)Ljava/lang/Object; @ 6 c2
Event: 1.954 Thread 0x0000000136244000 DEOPT PACKING pc=0x0000000113c32e94 sp=0x000000016d9b2060
Event: 1.954 Thread 0x0000000136244000 DEOPT UNPACKING pc=0x000000010c00ed1c sp=0x000000016d9b1ff0 mode 2
Event: 1.954 Thread 0x0000000136244000 Uncommon trap: trap_request=0xffffffde fr.pc=0x0000000113c32e94 relative=0x0000000000000414
Event: 1.954 Thread 0x0000000136244000 Uncommon trap: reason=class_check action=maybe_recompile pc=0x0000000113c32e94 method=java.util.Hashtable.get(Ljava/lang/Object;)Ljava/lang/Object; @ 6 c2
Event: 1.954 Thread 0x0000000136244000 DEOPT PACKING pc=0x0000000113c32e94 sp=0x000000016d9b2060
Event: 1.954 Thread 0x0000000136244000 DEOPT UNPACKING pc=0x000000010c00ed1c sp=0x000000016d9b1ff0 mode 2
Event: 1.954 Thread 0x0000000136244000 Uncommon trap: trap_request=0xffffffde fr.pc=0x0000000113c32e94 relative=0x0000000000000414
Event: 1.954 Thread 0x0000000136244000 Uncommon trap: reason=class_check action=maybe_recompile pc=0x0000000113c32e94 method=java.util.Hashtable.get(Ljava/lang/Object;)Ljava/lang/Object; @ 6 c2
Event: 1.954 Thread 0x0000000136244000 DEOPT PACKING pc=0x0000000113c32e94 sp=0x000000016d9b2130
Event: 1.954 Thread 0x0000000136244000 DEOPT UNPACKING pc=0x000000010c00ed1c sp=0x000000016d9b20c0 mode 2
Event: 2.015 Thread 0x000000014005cc00 Uncommon trap: trap_request=0xffffff45 fr.pc=0x0000000113c19fb8 relative=0x0000000000000138
Event: 2.015 Thread 0x000000014005cc00 Uncommon trap: reason=unstable_if action=reinterpret pc=0x0000000113c19fb8 method=java.lang.ThreadLocal$ThreadLocalMap.getEntry(Ljava/lang/ThreadLocal;)Ljava/lang/ThreadLocal$ThreadLocalMap$Entry; @ 29 c2
Event: 2.015 Thread 0x000000014005cc00 DEOPT PACKING pc=0x0000000113c19fb8 sp=0x0000000171ac57e0
Event: 2.015 Thread 0x000000014005cc00 DEOPT UNPACKING pc=0x000000010c00ed1c sp=0x0000000171ac56e0 mode 2
Event: 2.022 Thread 0x000000014005cc00 Uncommon trap: trap_request=0xffffffc6 fr.pc=0x0000000113ae82ec relative=0x000000000000032c
Event: 2.022 Thread 0x000000014005cc00 Uncommon trap: reason=bimorphic_or_optimized_type_check action=maybe_recompile pc=0x0000000113ae82ec method=java.nio.Buffer.<init>(IIIILjdk/internal/access/foreign/MemorySegmentProxy;)V @ 39 c2
Event: 2.023 Thread 0x000000014005cc00 DEOPT PACKING pc=0x0000000113ae82ec sp=0x0000000171ac49f0
Event: 2.023 Thread 0x000000014005cc00 DEOPT UNPACKING pc=0x000000010c00ed1c sp=0x0000000171ac4960 mode 2

Classes loaded (20 events):
Event: 1.962 Loading class java/util/WeakHashMap$EntrySet
Event: 1.962 Loading class java/util/WeakHashMap$EntrySet done
Event: 1.962 Loading class java/util/WeakHashMap$EntryIterator
Event: 1.962 Loading class java/util/WeakHashMap$EntryIterator done
Event: 2.011 Loading class jdk/internal/ref/CleanerImpl$InnocuousThreadFactory
Event: 2.011 Loading class jdk/internal/ref/CleanerImpl$InnocuousThreadFactory done
Event: 2.023 Loading class java/nio/DirectShortBufferU
Event: 2.023 Loading class java/nio/ShortBuffer
Event: 2.023 Loading class java/nio/ShortBuffer done
Event: 2.023 Loading class java/nio/DirectShortBufferU done
Event: 2.128 Loading class java/nio/FloatBuffer
Event: 2.128 Loading class java/nio/FloatBuffer done
Event: 2.128 Loading class java/nio/DoubleBuffer
Event: 2.129 Loading class java/nio/DoubleBuffer done
Event: 2.274 Loading class java/util/EnumMap$Values
Event: 2.274 Loading class java/util/EnumMap$Values done
Event: 2.274 Loading class java/util/EnumMap$ValueIterator
Event: 2.274 Loading class java/util/EnumMap$EnumMapIterator
Event: 2.274 Loading class java/util/EnumMap$EnumMapIterator done
Event: 2.274 Loading class java/util/EnumMap$ValueIterator done

Classes unloaded (0 events):
No events

Classes redefined (0 events):
No events

Internal exceptions (20 events):
Event: 1.111 Thread 0x000000015400a200 Exception <a 'java/lang/NoSuchMethodError'{0x00000006186d6160}: 'long java.lang.invoke.DelegatingMethodHandle$Holder.reinvoke_L(java.lang.Object, java.lang.Object)'> (0x00000006186d6160) 
thrown [src/hotspot/share/interpreter/linkResolver.cpp, line 766]
Event: 1.111 Thread 0x000000015400a200 Exception <a 'java/lang/NoSuchMethodError'{0x00000006186e08f8}: 'void java.lang.invoke.DelegatingMethodHandle$Holder.reinvoke_L(java.lang.Object, java.lang.Object, long)'> (0x00000006186e08f8) 
thrown [src/hotspot/share/interpreter/linkResolver.cpp, line 766]
Event: 1.125 Thread 0x0000000153e54600 Exception <a 'java/lang/NoSuchMethodError'{0x0000000618040170}: 'void java.lang.invoke.DirectMethodHandle$Holder.invokeStatic(java.lang.Object, java.lang.Object)'> (0x0000000618040170) 
thrown [src/hotspot/share/interpreter/linkResolver.cpp, line 766]
Event: 1.129 Thread 0x0000000153e54600 Exception <a 'java/lang/NoSuchMethodError'{0x000000061814e220}: 'java.lang.Object java.lang.invoke.DirectMethodHandle$Holder.invokeStaticInit(java.lang.Object)'> (0x000000061814e220) 
thrown [src/hotspot/share/interpreter/linkResolver.cpp, line 766]
Event: 1.143 Thread 0x0000000153f66800 Exception <a 'java/lang/NoSuchMethodError'{0x0000000618302f00}: 'java.lang.Object java.lang.invoke.DirectMethodHandle$Holder.invokeStatic(java.lang.Object, int, java.lang.Object)'> (0x0000000618302f00) 
thrown [src/hotspot/share/interpreter/linkResolver.cpp, line 766]
Event: 1.145 Thread 0x0000000153f66800 Exception <a 'java/lang/ClassNotFoundException'{0x0000000618334690}: sun/util/logging/resources/spi/loggingProvider> (0x0000000618334690) 
thrown [src/hotspot/share/classfile/systemDictionary.cpp, line 255]
Event: 1.163 Thread 0x0000000153f66800 Exception <a 'java/lang/NoSuchMethodError'{0x0000000617d0d368}: 'void java.lang.invoke.DirectMethodHandle$Holder.invokeStatic(java.lang.Object, java.lang.Object, java.lang.Object)'> (0x0000000617d0d368) 
thrown [src/hotspot/share/interpreter/linkResolver.cpp, line 766]
Event: 1.210 Thread 0x0000000153f66800 Exception <a 'java/lang/NoSuchMethodError'{0x0000000617d27fe0}: 'int java.lang.invoke.DirectMethodHandle$Holder.invokeStaticInit(java.lang.Object, java.lang.Object, java.lang.Object)'> (0x0000000617d27fe0) 
thrown [src/hotspot/share/interpreter/linkResolver.cpp, line 766]
Event: 1.471 Thread 0x0000000136244000 Exception <a 'java/lang/NoSuchMethodError'{0x0000000617889058}: 'void java.lang.invoke.DirectMethodHandle$Holder.invokeStaticInit(java.lang.Object)'> (0x0000000617889058) 
thrown [src/hotspot/share/interpreter/linkResolver.cpp, line 766]
Event: 1.472 Thread 0x0000000153f66800 Exception <a 'java/lang/NoSuchMethodError'{0x0000000617dd1248}: 'void java.lang.invoke.DirectMethodHandle$Holder.invokeStatic(java.lang.Object, java.lang.Object, java.lang.Object, java.lang.Object)'> (0x0000000617dd1248) 
thrown [src/hotspot/share/interpreter/linkResolver.cpp, line 766]
Event: 1.496 Thread 0x0000000136244000 Exception <a 'java/lang/NoSuchMethodError'{0x0000000617134f30}: 'java.lang.Object java.lang.invoke.DirectMethodHandle$Holder.invokeStaticInit(java.lang.Object, java.lang.Object, java.lang.Object, java.lang.Object)'> (0x0000000617134f30) 
thrown [src/hotspot/share/interpreter/linkResolver.cpp, line 766]
Event: 1.504 Thread 0x0000000136244000 Exception <a 'java/lang/NullPointerException'{0x0000000617217a40}> (0x0000000617217a40) 
thrown [src/hotspot/share/interpreter/linkResolver.cpp, line 1357]
Event: 1.677 Thread 0x0000000136244000 Exception <a 'java/lang/NoSuchMethodError'{0x0000000616f92248}: 'void java.lang.invoke.DirectMethodHandle$Holder.invokeStaticInit(java.lang.Object, java.lang.Object)'> (0x0000000616f92248) 
thrown [src/hotspot/share/interpreter/linkResolver.cpp, line 766]
Event: 1.721 Thread 0x0000000136244000 Exception <a 'java/lang/NoSuchMethodError'{0x0000000604851628}: 'java.lang.Object java.lang.invoke.DirectMethodHandle$Holder.invokeInterface(java.lang.Object, java.lang.Object)'> (0x0000000604851628) 
thrown [src/hotspot/share/interpreter/linkResolver.cpp, line 766]
Event: 1.934 Thread 0x0000000136244000 Exception <a 'java/lang/NoSuchMethodError'{0x000000060449ea10}: 'void java.lang.invoke.DirectMethodHandle$Holder.invokeSpecial(java.lang.Object, java.lang.Object, java.lang.Object, java.lang.Object, java.lang.Object)'> (0x000000060449ea10) 
thrown [src/hotspot/share/interpreter/linkResolver.cpp, line 766]
Event: 1.935 Thread 0x0000000136244000 Exception <a 'java/lang/NoSuchMethodError'{0x00000006044adeb8}: 'java.lang.Object java.lang.invoke.DirectMethodHandle$Holder.invokeInterface(java.lang.Object, java.lang.Object, java.lang.Object)'> (0x00000006044adeb8) 
thrown [src/hotspot/share/interpreter/linkResolver.cpp, line 766]
Event: 1.935 Thread 0x0000000136244000 Exception <a 'java/lang/IncompatibleClassChangeError'{0x00000006044b1838}: Found class java.lang.Object, but interface was expected> (0x00000006044b1838) 
thrown [src/hotspot/share/interpreter/linkResolver.cpp, line 833]
Event: 1.949 Thread 0x0000000136244000 Exception <a 'java/lang/NoSuchMethodError'{0x000000060459b2a8}: 'int java.lang.invoke.DirectMethodHandle$Holder.invokeSpecial(java.lang.Object, java.lang.Object, int)'> (0x000000060459b2a8) 
thrown [src/hotspot/share/interpreter/linkResolver.cpp, line 766]
Event: 1.961 Thread 0x0000000136244000 Exception <a 'java/lang/NoSuchMethodError'{0x000000060460b430}: 'java.lang.Object java.lang.invoke.DirectMethodHandle$Holder.newInvokeSpecial(java.lang.Object, java.lang.Object, int)'> (0x000000060460b430) 
thrown [src/hotspot/share/interpreter/linkResolver.cpp, line 766]
Event: 1.998 Thread 0x000000014005cc00 Exception <a 'java/lang/NoSuchMethodError'{0x0000000604166f30}: 'int java.lang.invoke.DirectMethodHandle$Holder.invokeStaticInit(java.lang.Object, java.lang.Object)'> (0x0000000604166f30) 
thrown [src/hotspot/share/interpreter/linkResolver.cpp, line 766]

VM Operations (20 events):
Event: 1.053 Executing VM operation: ICBufferFull
Event: 1.053 Executing VM operation: ICBufferFull done
Event: 1.086 Executing VM operation: HandshakeAllThreads
Event: 1.086 Executing VM operation: HandshakeAllThreads done
Event: 1.109 Executing VM operation: HandshakeAllThreads
Event: 1.109 Executing VM operation: HandshakeAllThreads done
Event: 1.146 Executing VM operation: ICBufferFull
Event: 1.146 Executing VM operation: ICBufferFull done
Event: 1.453 Executing VM operation: HandshakeAllThreads
Event: 1.453 Executing VM operation: HandshakeAllThreads done
Event: 1.517 Executing VM operation: HandshakeAllThreads
Event: 1.517 Executing VM operation: HandshakeAllThreads done
Event: 1.691 Executing VM operation: CollectForMetadataAllocation
Event: 1.697 Executing VM operation: CollectForMetadataAllocation done
Event: 1.701 Executing VM operation: G1Concurrent
Event: 1.703 Executing VM operation: G1Concurrent done
Event: 1.703 Executing VM operation: G1Concurrent
Event: 1.703 Executing VM operation: G1Concurrent done
Event: 1.931 Executing VM operation: HandshakeAllThreads
Event: 1.931 Executing VM operation: HandshakeAllThreads done

Events (20 events):
Event: 1.365 Thread 0x0000000153a4da00 Thread exited: 0x0000000153a4da00
Event: 1.365 Thread 0x0000000143895200 Thread exited: 0x0000000143895200
Event: 1.366 Thread 0x0000000140a42a00 Thread added: 0x0000000140a42a00
Event: 1.366 Protecting memory [0x0000000170034000,0x0000000170040000] with protection modes 0
Event: 1.367 Protecting memory [0x000000016d1bc000,0x000000016d1c8000] with protection modes 0
Event: 1.367 Thread 0x0000000136244000 Thread added: 0x0000000136244000
Event: 1.401 Thread 0x0000000143f55c00 Thread added: 0x0000000143f55c00
Event: 1.401 Protecting memory [0x0000000170240000,0x000000017024c000] with protection modes 0
Event: 1.450 Protecting memory [0x0000000170240000,0x000000017024c000] with protection modes 3
Event: 1.450 Thread 0x0000000143f55c00 Thread exited: 0x0000000143f55c00
Event: 1.479 Protecting memory [0x0000000170240000,0x000000017024c000] with protection modes 0
Event: 1.479 Thread 0x0000000143e42000 Thread added: 0x0000000143e42000
Event: 1.523 Loading shared library /Users/mira/.m2/repository/org/openjfx/javafx-graphics/17.0.1/libjavafx_font.dylib failed, dlopen(/Users/mira/.m2/repository/org/openjfx/javafx-graphics/17.0.1/libjavafx_font.dylib, 0x0001): tried: '/Users/mira/.m2/repository/org/op
Event: 1.650 Loaded shared library /Users/mira/.openjfx/cache/17.0.1/libjavafx_font.dylib
Event: 1.681 Thread 0x0000000140a9fe00 Thread added: 0x0000000140a9fe00
Event: 1.681 Protecting memory [0x0000000171be8000,0x0000000171bf4000] with protection modes 0
Event: 1.932 Thread 0x0000000143f5e000 Thread added: 0x0000000143f5e000
Event: 1.932 Protecting memory [0x0000000176860000,0x000000017686c000] with protection modes 0
Event: 2.011 Thread 0x0000000140012a00 Thread added: 0x0000000140012a00
Event: 2.011 Protecting memory [0x0000000176a6c000,0x0000000176a78000] with protection modes 0


Dynamic libraries:
0x000000010257c000 	/opt/homebrew/Cellar/openjdk/18/libexec/openjdk.jdk/Contents/Home/lib/libjli.dylib
0x00000001ae94c000 	/usr/lib/libz.1.dylib
0x00000001aea03000 	/usr/lib/libSystem.B.dylib
0x00000001ae9fd000 	/usr/lib/system/libcache.dylib
0x00000001ae9bb000 	/usr/lib/system/libcommonCrypto.dylib
0x00000001ae9e4000 	/usr/lib/system/libcompiler_rt.dylib
0x00000001ae9db000 	/usr/lib/system/libcopyfile.dylib
0x00000001a3c43000 	/usr/lib/system/libcorecrypto.dylib
0x00000001a3cf6000 	/usr/lib/system/libdispatch.dylib
0x00000001a3ec4000 	/usr/lib/system/libdyld.dylib
0x00000001ae9f3000 	/usr/lib/system/libkeymgr.dylib
0x00000001ae996000 	/usr/lib/system/libmacho.dylib
0x00000001ae08b000 	/usr/lib/system/libquarantine.dylib
0x00000001ae9f0000 	/usr/lib/system/libremovefile.dylib
0x00000001a902c000 	/usr/lib/system/libsystem_asl.dylib
0x00000001a3be5000 	/usr/lib/system/libsystem_blocks.dylib
0x00000001a3d7e000 	/usr/lib/system/libsystem_c.dylib
0x00000001ae9e8000 	/usr/lib/system/libsystem_collections.dylib
0x00000001ad519000 	/usr/lib/system/libsystem_configuration.dylib
0x00000001ac775000 	/usr/lib/system/libsystem_containermanager.dylib
0x00000001ae6f8000 	/usr/lib/system/libsystem_coreservices.dylib
0x00000001a65ec000 	/usr/lib/system/libsystem_darwin.dylib
0x00000001ae9f4000 	/usr/lib/system/libsystem_dnssd.dylib
0x00000001a3d7b000 	/usr/lib/system/libsystem_featureflags.dylib
0x00000001a3ed9000 	/usr/lib/system/libsystem_info.dylib
0x00000001ae95e000 	/usr/lib/system/libsystem_m.dylib
0x00000001a3ccb000 	/usr/lib/system/libsystem_malloc.dylib
0x00000001a8fbb000 	/usr/lib/system/libsystem_networkextension.dylib
0x00000001a6a45000 	/usr/lib/system/libsystem_notify.dylib
0x00000001b4d41000 	/usr/lib/system/libsystem_product_info_filter.dylib
0x00000001ad51e000 	/usr/lib/system/libsystem_sandbox.dylib
0x00000001ae9ed000 	/usr/lib/system/libsystem_secinit.dylib
0x00000001a3e7f000 	/usr/lib/system/libsystem_kernel.dylib
0x00000001a3ed1000 	/usr/lib/system/libsystem_platform.dylib
0x00000001a3eb7000 	/usr/lib/system/libsystem_pthread.dylib
0x00000001aa784000 	/usr/lib/system/libsystem_symptoms.dylib
0x00000001a3c29000 	/usr/lib/system/libsystem_trace.dylib
0x00000001ae9c8000 	/usr/lib/system/libunwind.dylib
0x00000001a3be7000 	/usr/lib/system/libxpc.dylib
0x00000001a3e67000 	/usr/lib/libc++abi.dylib
0x00000001a3d3d000 	/usr/lib/libobjc.A.dylib
0x00000001ae9d3000 	/usr/lib/liboah.dylib
0x00000001a3e00000 	/usr/lib/libc++.1.dylib
0x00000001ba85a000 	/System/Library/Frameworks/Cocoa.framework/Versions/A/Cocoa
0x00000001a6aa6000 	/System/Library/Frameworks/AppKit.framework/Versions/C/AppKit
0x00000001a9fac000 	/System/Library/Frameworks/CoreData.framework/Versions/A/CoreData
0x00000001a4e01000 	/System/Library/Frameworks/Foundation.framework/Versions/C/Foundation
0x00000001a795e000 	/System/Library/PrivateFrameworks/UIFoundation.framework/Versions/A/UIFoundation
0x00000001b4a3b000 	/System/Library/PrivateFrameworks/RemoteViewServices.framework/Versions/A/RemoteViewServices
0x00000001acec1000 	/System/Library/PrivateFrameworks/XCTTargetBootstrap.framework/Versions/A/XCTTargetBootstrap
0x00000001b073f000 	/System/Library/PrivateFrameworks/InternationalSupport.framework/Versions/A/InternationalSupport
0x00000001b07c8000 	/System/Library/PrivateFrameworks/UserActivity.framework/Versions/A/UserActivity
0x00000001afc3a000 	/usr/lib/libspindump.dylib
0x00000001a7bcf000 	/System/Library/Frameworks/UniformTypeIdentifiers.framework/Versions/A/UniformTypeIdentifiers
0x00000001ab40c000 	/usr/lib/libapp_launch_measurement.dylib
0x00000001aa936000 	/System/Library/PrivateFrameworks/CoreAnalytics.framework/Versions/A/CoreAnalytics
0x00000001ab40f000 	/System/Library/PrivateFrameworks/CoreAutoLayout.framework/Versions/A/CoreAutoLayout
0x00000001ac7b2000 	/System/Library/Frameworks/Metal.framework/Versions/A/Metal
0x00000001ad529000 	/usr/lib/liblangid.dylib
0x00000001acec6000 	/System/Library/PrivateFrameworks/CoreSVG.framework/Versions/A/CoreSVG
0x00000001a9060000 	/System/Library/PrivateFrameworks/SkyLight.framework/Versions/A/SkyLight
0x00000001a9435000 	/System/Library/Frameworks/CoreGraphics.framework/Versions/A/CoreGraphics
0x00000001b5107000 	/System/Library/Frameworks/Accelerate.framework/Versions/A/Accelerate
0x00000001af6b1000 	/System/Library/PrivateFrameworks/IconServices.framework/Versions/A/IconServices
0x00000001ac794000 	/System/Library/Frameworks/IOSurface.framework/Versions/A/IOSurface
0x00000001aa967000 	/usr/lib/libDiagnosticMessagesClient.dylib
0x00000001b8608000 	/System/Library/Frameworks/ApplicationServices.framework/Versions/A/ApplicationServices
0x00000001acea9000 	/System/Library/PrivateFrameworks/DFRFoundation.framework/Versions/A/DFRFoundation
0x00000001a6336000 	/usr/lib/libicucore.A.dylib
0x00000001b15eb000 	/System/Library/Frameworks/AudioToolbox.framework/Versions/A/AudioToolbox
0x00000001b074b000 	/System/Library/PrivateFrameworks/DataDetectorsCore.framework/Versions/A/DataDetectorsCore
0x00000001c708b000 	/System/Library/PrivateFrameworks/TextInput.framework/Versions/A/TextInput
0x00000001a8fd5000 	/usr/lib/libMobileGestalt.dylib
0x00000001acb75000 	/System/Library/Frameworks/Carbon.framework/Versions/A/Frameworks/HIToolbox.framework/Versions/A/HIToolbox
0x00000001aade8000 	/System/Library/Frameworks/QuartzCore.framework/Versions/A/QuartzCore
0x00000001a5fb9000 	/System/Library/Frameworks/Security.framework/Versions/A/Security
0x00000001b4a7b000 	/System/Library/Frameworks/Carbon.framework/Versions/A/Frameworks/SpeechRecognition.framework/Versions/A/SpeechRecognition
0x00000001ab162000 	/System/Library/PrivateFrameworks/CoreUI.framework/Versions/A/CoreUI
0x00000001a5896000 	/System/Library/Frameworks/CoreAudio.framework/Versions/A/CoreAudio
0x00000001aaa5c000 	/System/Library/Frameworks/DiskArbitration.framework/Versions/A/DiskArbitration
0x00000001b0044000 	/System/Library/PrivateFrameworks/MultitouchSupport.framework/Versions/A/MultitouchSupport
0x00000001a8fd3000 	/usr/lib/libenergytrace.dylib
0x00000001a696e000 	/System/Library/Frameworks/IOKit.framework/Versions/A/IOKit
0x00000001b4e6a000 	/System/Library/Frameworks/CoreServices.framework/Versions/A/CoreServices
0x00000001ab39c000 	/System/Library/PrivateFrameworks/PerformanceAnalysis.framework/Versions/A/PerformanceAnalysis
0x0000000205373000 	/System/Library/Frameworks/OpenGL.framework/Versions/A/OpenGL
0x00000001adfa3000 	/System/Library/PrivateFrameworks/MobileKeyBag.framework/Versions/A/MobileKeyBag
0x00000001a9a42000 	/System/Library/Frameworks/ColorSync.framework/Versions/A/ColorSync
0x00000001a3f06000 	/System/Library/Frameworks/CoreFoundation.framework/Versions/A/CoreFoundation
0x00000001ad145000 	/System/Library/Frameworks/CoreImage.framework/Versions/A/CoreImage
0x00000001a56ba000 	/System/Library/Frameworks/CoreText.framework/Versions/A/CoreText
0x00000001acef6000 	/System/Library/Frameworks/ImageIO.framework/Versions/A/ImageIO
0x00000001aea09000 	/System/Library/PrivateFrameworks/SoftLinking.framework/Versions/A/SoftLinking
0x00000001ab45a000 	/usr/lib/libxml2.2.dylib
0x00000001aeca2000 	/usr/lib/libcompression.dylib
0x00000001b069b000 	/System/Library/PrivateFrameworks/TextureIO.framework/Versions/A/TextureIO
0x00000001af3ca000 	/usr/lib/libate.dylib
0x00000001af28f000 	/usr/lib/liblzma.5.dylib
0x00000001a4af5000 	/System/Library/Frameworks/SystemConfiguration.framework/Versions/A/SystemConfiguration
0x00000001aea05000 	/usr/lib/libfakelink.dylib
0x00000001a8b07000 	/System/Library/Frameworks/CFNetwork.framework/Versions/A/CFNetwork
0x00000001aeb4b000 	/usr/lib/libarchive.2.dylib
0x00000001ad525000 	/System/Library/PrivateFrameworks/AppleSystemInfo.framework/Versions/A/AppleSystemInfo
0x00000001ae0b6000 	/usr/lib/libbsm.0.dylib
0x00000001a8078000 	/usr/lib/libnetwork.dylib
0x00000001ae99f000 	/usr/lib/system/libkxld.dylib
0x00000001adcc9000 	/System/Library/PrivateFrameworks/IOMobileFramebuffer.framework/Versions/A/IOMobileFramebuffer
0x0000000222c9f000 	/usr/lib/libCoreEntitlements.dylib
0x00000001ae6da000 	/System/Library/PrivateFrameworks/AppleFSCompression.framework/Versions/A/AppleFSCompression
0x00000001ae09e000 	/usr/lib/libcoretls.dylib
0x00000001af2a8000 	/usr/lib/libcoretls_cfhelpers.dylib
0x00000001aec9d000 	/usr/lib/libpam.2.dylib
0x00000001aa39b000 	/usr/lib/libsqlite3.dylib
0x00000001af311000 	/usr/lib/libxar.1.dylib
0x00000001ae6eb000 	/usr/lib/libbz2.1.0.dylib
0x00000001aea0a000 	/usr/lib/libpcap.A.dylib
0x00000001aa77b000 	/usr/lib/libdns_services.dylib
0x00000001aec70000 	/usr/lib/libapple_nghttp2.dylib
0x00000001aea47000 	/usr/lib/libiconv.2.dylib
0x00000001ae995000 	/usr/lib/libcharset.1.dylib
0x00000001ab3d8000 	/System/Library/Frameworks/CoreServices.framework/Versions/A/Frameworks/FSEvents.framework/Versions/A/FSEvents
0x00000001a65f7000 	/System/Library/Frameworks/CoreServices.framework/Versions/A/Frameworks/CarbonCore.framework/Versions/A/CarbonCore
0x00000001aa9bc000 	/System/Library/Frameworks/CoreServices.framework/Versions/A/Frameworks/Metadata.framework/Versions/A/Metadata
0x00000001ae6fe000 	/System/Library/Frameworks/CoreServices.framework/Versions/A/Frameworks/OSServices.framework/Versions/A/OSServices
0x00000001aebd1000 	/System/Library/Frameworks/CoreServices.framework/Versions/A/Frameworks/SearchKit.framework/Versions/A/SearchKit
0x00000001aa70a000 	/System/Library/Frameworks/CoreServices.framework/Versions/A/Frameworks/AE.framework/Versions/A/AE
0x00000001a444c000 	/System/Library/Frameworks/CoreServices.framework/Versions/A/Frameworks/LaunchServices.framework/Versions/A/LaunchServices
0x00000001af238000 	/System/Library/Frameworks/CoreServices.framework/Versions/A/Frameworks/DictionaryServices.framework/Versions/A/DictionaryServices
0x00000001ab3e5000 	/System/Library/Frameworks/CoreServices.framework/Versions/A/Frameworks/SharedFileList.framework/Versions/A/SharedFileList
0x00000001ae08e000 	/usr/lib/libCheckFix.dylib
0x00000001a9044000 	/System/Library/PrivateFrameworks/TCC.framework/Versions/A/TCC
0x00000001ad52b000 	/System/Library/PrivateFrameworks/CoreNLP.framework/Versions/A/CoreNLP
0x00000001aa96a000 	/System/Library/PrivateFrameworks/MetadataUtilities.framework/Versions/A/MetadataUtilities
0x00000001a4bae000 	/usr/lib/libmecabra.dylib
0x00000001ae0c7000 	/usr/lib/libmecab.dylib
0x00000001a4b7a000 	/usr/lib/libCRFSuite.dylib
0x00000001ae124000 	/usr/lib/libgermantok.dylib
0x00000001aec49000 	/usr/lib/libThaiTokenizer.dylib
0x00000001aaa64000 	/System/Library/Frameworks/Accelerate.framework/Versions/A/Frameworks/vImage.framework/Versions/A/vImage
0x00000001b4e41000 	/System/Library/Frameworks/Accelerate.framework/Versions/A/Frameworks/vecLib.framework/Versions/A/vecLib
0x00000001af356000 	/System/Library/Frameworks/Accelerate.framework/Versions/A/Frameworks/vecLib.framework/Versions/A/libvMisc.dylib
0x00000001adbd0000 	/System/Library/Frameworks/Accelerate.framework/Versions/A/Frameworks/vecLib.framework/Versions/A/libvDSP.dylib
0x00000001a47d5000 	/System/Library/Frameworks/Accelerate.framework/Versions/A/Frameworks/vecLib.framework/Versions/A/libBLAS.dylib
0x00000001aed73000 	/System/Library/Frameworks/Accelerate.framework/Versions/A/Frameworks/vecLib.framework/Versions/A/libLAPACK.dylib
0x00000001ae127000 	/System/Library/Frameworks/Accelerate.framework/Versions/A/Frameworks/vecLib.framework/Versions/A/libLinearAlgebra.dylib
0x00000001aec88000 	/System/Library/Frameworks/Accelerate.framework/Versions/A/Frameworks/vecLib.framework/Versions/A/libSparseBLAS.dylib
0x00000001aed6e000 	/System/Library/Frameworks/Accelerate.framework/Versions/A/Frameworks/vecLib.framework/Versions/A/libQuadrature.dylib
0x00000001ad624000 	/System/Library/Frameworks/Accelerate.framework/Versions/A/Frameworks/vecLib.framework/Versions/A/libBNNS.dylib
0x00000001a4a93000 	/System/Library/Frameworks/Accelerate.framework/Versions/A/Frameworks/vecLib.framework/Versions/A/libSparse.dylib
0x00000001ad61c000 	/System/Library/PrivateFrameworks/LinguisticData.framework/Versions/A/LinguisticData
0x00000001a4a4b000 	/System/Library/PrivateFrameworks/Lexicon.framework/Versions/A/Lexicon
0x00000001af34e000 	/usr/lib/libChineseTokenizer.dylib
0x00000001a51f2000 	/System/Library/PrivateFrameworks/LanguageModeling.framework/Versions/A/LanguageModeling
0x00000001aec4b000 	/System/Library/PrivateFrameworks/AppleSauce.framework/Versions/A/AppleSauce
0x00000001adcb6000 	/System/Library/PrivateFrameworks/CoreEmoji.framework/Versions/A/CoreEmoji
0x00000001aeb39000 	/usr/lib/libcmph.dylib
0x00000001ab3b8000 	/System/Library/Frameworks/OpenDirectory.framework/Versions/A/Frameworks/CFOpenDirectory.framework/Versions/A/CFOpenDirectory
0x00000001ab3a8000 	/System/Library/Frameworks/OpenDirectory.framework/Versions/A/OpenDirectory
0x00000001af2aa000 	/System/Library/PrivateFrameworks/APFS.framework/Versions/A/APFS
0x00000001adfde000 	/System/Library/Frameworks/SecurityFoundation.framework/Versions/A/SecurityFoundation
0x00000001af320000 	/usr/lib/libutil.dylib
0x00000001a6930000 	/System/Library/PrivateFrameworks/CoreServicesStore.framework/Versions/A/CoreServicesStore
0x00000001af324000 	/usr/lib/libxslt.1.dylib
0x00000001ae072000 	/System/Library/PrivateFrameworks/BackgroundTaskManagement.framework/Versions/A/BackgroundTaskManagement
0x00000001b05bc000 	/System/Library/Frameworks/ImageIO.framework/Versions/A/Resources/libRadiance.dylib
0x00000001b05c5000 	/System/Library/Frameworks/ImageIO.framework/Versions/A/Resources/libJPEG.dylib
0x00000001b0518000 	/System/Library/Frameworks/ImageIO.framework/Versions/A/Resources/libPng.dylib
0x00000001b053a000 	/System/Library/Frameworks/ImageIO.framework/Versions/A/Resources/libTIFF.dylib
0x00000001b0620000 	/System/Library/Frameworks/ImageIO.framework/Versions/A/Resources/libGIF.dylib
0x00000001aff54000 	/System/Library/Frameworks/ImageIO.framework/Versions/A/Resources/libJP2.dylib
0x00000001af676000 	/usr/lib/libexpat.1.dylib
0x00000001aff0f000 	/System/Library/PrivateFrameworks/AppleJPEG.framework/Versions/A/AppleJPEG
0x00000001aca31000 	/System/Library/PrivateFrameworks/FontServices.framework/libFontParser.dylib
0x00000001aa6af000 	/System/Library/PrivateFrameworks/RunningBoardServices.framework/Versions/A/RunningBoardServices
0x00000001baf2d000 	/System/Library/PrivateFrameworks/IOSurfaceAccelerator.framework/Versions/A/IOSurfaceAccelerator
0x00000001b0040000 	/System/Library/PrivateFrameworks/WatchdogClient.framework/Versions/A/WatchdogClient
0x00000001a52f6000 	/System/Library/Frameworks/CoreDisplay.framework/Versions/A/CoreDisplay
0x00000001ac91b000 	/System/Library/Frameworks/CoreMedia.framework/Versions/A/CoreMedia
0x00000001ac7a8000 	/System/Library/PrivateFrameworks/IOAccelerator.framework/Versions/A/IOAccelerator
0x00000001ab548000 	/System/Library/Frameworks/CoreVideo.framework/Versions/A/CoreVideo
0x00000001aec9b000 	/System/Library/Frameworks/MetalPerformanceShaders.framework/Versions/A/MetalPerformanceShaders
0x00000001b007f000 	/System/Library/Frameworks/VideoToolbox.framework/Versions/A/VideoToolbox
0x00000001aa5f3000 	/System/Library/PrivateFrameworks/BaseBoard.framework/Versions/A/BaseBoard
0x00000001aa381000 	/System/Library/PrivateFrameworks/ProtocolBuffer.framework/Versions/A/ProtocolBuffer
0x00000001b05b7000 	/System/Library/PrivateFrameworks/GPUWrangler.framework/Versions/A/GPUWrangler
0x00000001b0597000 	/System/Library/PrivateFrameworks/IOPresentment.framework/Versions/A/IOPresentment
0x00000001b05bf000 	/System/Library/PrivateFrameworks/DSExternalDisplay.framework/Versions/A/DSExternalDisplay
0x0000000205366000 	/System/Library/Frameworks/OpenGL.framework/Versions/A/Libraries/libCoreFSCache.dylib
0x000000020f825000 	/System/Library/PrivateFrameworks/GPUCompiler.framework/Versions/31001/Libraries/libGPUCompilerUtils.dylib
0x00000001b0625000 	/System/Library/PrivateFrameworks/CMCaptureCore.framework/Versions/A/CMCaptureCore
0x00000001afc27000 	/System/Library/PrivateFrameworks/AppServerSupport.framework/Versions/A/AppServerSupport
0x00000001b1ea8000 	/System/Library/PrivateFrameworks/perfdata.framework/Versions/A/perfdata
0x00000001a5416000 	/System/Library/PrivateFrameworks/AudioToolboxCore.framework/Versions/A/AudioToolboxCore
0x00000001ac8f4000 	/System/Library/PrivateFrameworks/caulk.framework/Versions/A/caulk
0x00000001b179d000 	/usr/lib/libAudioStatistics.dylib
0x00000001c36f2000 	/System/Library/PrivateFrameworks/SystemPolicy.framework/Versions/A/SystemPolicy
0x00000001b1a09000 	/usr/lib/libSMC.dylib
0x00000001ba73c000 	/System/Library/Frameworks/CoreMIDI.framework/Versions/A/CoreMIDI
0x00000001b04e6000 	/usr/lib/libAudioToolboxUtility.dylib
0x00000001bf7bf000 	/System/Library/PrivateFrameworks/OSAServicesClient.framework/Versions/A/OSAServicesClient
0x00000001b1eb5000 	/usr/lib/libperfcheck.dylib
0x00000001c420a000 	/usr/lib/libmis.dylib
0x00000002053c8000 	/System/Library/Frameworks/OpenGL.framework/Versions/A/Libraries/libGLU.dylib
0x0000000205387000 	/System/Library/Frameworks/OpenGL.framework/Versions/A/Libraries/libGFXShared.dylib
0x0000000205574000 	/System/Library/Frameworks/OpenGL.framework/Versions/A/Libraries/libGL.dylib
0x0000000205390000 	/System/Library/Frameworks/OpenGL.framework/Versions/A/Libraries/libGLImage.dylib
0x0000000205384000 	/System/Library/Frameworks/OpenGL.framework/Versions/A/Libraries/libCVMSPluginSupport.dylib
0x000000020536d000 	/System/Library/Frameworks/OpenGL.framework/Versions/A/Libraries/libCoreVMClient.dylib
0x00000001ad4a5000 	/System/Library/Frameworks/MetalPerformanceShaders.framework/Versions/A/Frameworks/MPSCore.framework/Versions/A/MPSCore
0x00000001ae64d000 	/System/Library/Frameworks/MetalPerformanceShaders.framework/Versions/A/Frameworks/MPSImage.framework/Versions/A/MPSImage
0x00000001ae13c000 	/System/Library/Frameworks/MetalPerformanceShaders.framework/Versions/A/Frameworks/MPSNeuralNetwork.framework/Versions/A/MPSNeuralNetwork
0x00000001ae575000 	/System/Library/Frameworks/MetalPerformanceShaders.framework/Versions/A/Frameworks/MPSMatrix.framework/Versions/A/MPSMatrix
0x00000001ae34e000 	/System/Library/Frameworks/MetalPerformanceShaders.framework/Versions/A/Frameworks/MPSRayIntersector.framework/Versions/A/MPSRayIntersector
0x00000001ae5a6000 	/System/Library/Frameworks/MetalPerformanceShaders.framework/Versions/A/Frameworks/MPSNDArray.framework/Versions/A/MPSNDArray
0x00000002074df000 	/System/Library/Frameworks/MetalPerformanceShaders.framework/Versions/A/Frameworks/MPSFunctions.framework/Versions/A/MPSFunctions
0x00000001a46ac000 	/System/Library/PrivateFrameworks/MetalTools.framework/Versions/A/MetalTools
0x00000001ad523000 	/System/Library/PrivateFrameworks/AggregateDictionary.framework/Versions/A/AggregateDictionary
0x00000001af45b000 	/usr/lib/libIOReport.dylib
0x00000001b975a000 	/System/Library/PrivateFrameworks/ASEProcessing.framework/Versions/A/ASEProcessing
0x00000001af7d0000 	/System/Library/PrivateFrameworks/FaceCore.framework/Versions/A/FaceCore
0x00000001af7c2000 	/System/Library/PrivateFrameworks/GraphVisualizer.framework/Versions/A/GraphVisualizer
0x000000020f73c000 	/System/Library/PrivateFrameworks/FontServices.framework/Versions/A/FontServices
0x00000001afbe3000 	/System/Library/PrivateFrameworks/OTSVG.framework/Versions/A/OTSVG
0x00000001ab112000 	/System/Library/Frameworks/ApplicationServices.framework/Versions/A/Frameworks/ATS.framework/Versions/A/Resources/libFontRegistry.dylib
0x00000001afc30000 	/System/Library/PrivateFrameworks/FontServices.framework/libhvf.dylib
0x000000020f73d000 	/System/Library/PrivateFrameworks/FontServices.framework/libXTFontStaticRegistryData.dylib
0x0000000205715000 	/System/Library/Frameworks/OpenCL.framework/Versions/A/OpenCL
0x00000001af62a000 	/System/Library/PrivateFrameworks/AppleVA.framework/Versions/A/AppleVA
0x00000001b17c5000 	/System/Library/Frameworks/ApplicationServices.framework/Versions/A/Frameworks/ATS.framework/Versions/A/ATS
0x00000001a9b3f000 	/System/Library/Frameworks/ApplicationServices.framework/Versions/A/Frameworks/HIServices.framework/Versions/A/HIServices
0x00000001b062f000 	/System/Library/Frameworks/ApplicationServices.framework/Versions/A/Frameworks/PrintCore.framework/Versions/A/PrintCore
0x00000001b1b5c000 	/System/Library/Frameworks/ApplicationServices.framework/Versions/A/Frameworks/QD.framework/Versions/A/QD
0x00000001b1b54000 	/System/Library/Frameworks/ApplicationServices.framework/Versions/A/Frameworks/ColorSyncLegacy.framework/Versions/A/ColorSyncLegacy
0x00000001b17b1000 	/System/Library/Frameworks/ApplicationServices.framework/Versions/A/Frameworks/SpeechSynthesis.framework/Versions/A/SpeechSynthesis
0x00000001b05f0000 	/System/Library/Frameworks/ApplicationServices.framework/Versions/A/Frameworks/ATSUI.framework/Versions/A/ATSUI
0x00000001b1ae9000 	/usr/lib/libcups.2.dylib
0x00000001b1ec3000 	/System/Library/Frameworks/Kerberos.framework/Versions/A/Kerberos
0x00000001b1ed4000 	/System/Library/Frameworks/GSS.framework/Versions/A/GSS
0x00000001b1835000 	/usr/lib/libresolv.9.dylib
0x00000001afc3f000 	/System/Library/PrivateFrameworks/Heimdal.framework/Versions/A/Heimdal
0x00000001b898f000 	/System/Library/Frameworks/Kerberos.framework/Versions/A/Libraries/libHeimdalProxy.dylib
0x00000001aa78d000 	/System/Library/Frameworks/Network.framework/Versions/A/Network
0x00000001af691000 	/usr/lib/libheimdal-asn1.dylib
0x00000001b1f24000 	/System/Library/PrivateFrameworks/CommonAuth.framework/Versions/A/CommonAuth
0x00000001b172b000 	/System/Library/PrivateFrameworks/AudioSession.framework/Versions/A/AudioSession
0x00000001af723000 	/System/Library/PrivateFrameworks/MediaExperience.framework/Versions/A/MediaExperience
0x00000001b15b1000 	/System/Library/PrivateFrameworks/AudioSession.framework/libSessionUtility.dylib
0x00000001b1b68000 	/System/Library/PrivateFrameworks/AudioResourceArbitration.framework/Versions/A/AudioResourceArbitration
0x00000001b5d1e000 	/System/Library/PrivateFrameworks/PowerLog.framework/Versions/A/PowerLog
0x00000001af69b000 	/System/Library/PrivateFrameworks/IconFoundation.framework/Versions/A/IconFoundation
0x00000001b4a67000 	/System/Library/PrivateFrameworks/SpeechRecognitionCore.framework/Versions/A/SpeechRecognitionCore
0x000000010360c000 	/opt/homebrew/Cellar/openjdk/18/libexec/openjdk.jdk/Contents/Home/lib/server/libjvm.dylib
0x00000001025e0000 	/opt/homebrew/Cellar/openjdk/18/libexec/openjdk.jdk/Contents/Home/lib/libjimage.dylib
0x0000000102668000 	/opt/homebrew/Cellar/openjdk/18/libexec/openjdk.jdk/Contents/Home/lib/libjava.dylib
0x00000001026bc000 	/opt/homebrew/Cellar/openjdk/18/libexec/openjdk.jdk/Contents/Home/lib/libnio.dylib
0x00000001029f8000 	/opt/homebrew/Cellar/openjdk/18/libexec/openjdk.jdk/Contents/Home/lib/libnet.dylib
0x000000010269c000 	/opt/homebrew/Cellar/openjdk/18/libexec/openjdk.jdk/Contents/Home/lib/libzip.dylib
0x0000000102a18000 	/private/var/folders/72/ckvjhl5j70s9zpk1y7k0n_jh0000gn/T/jansi-2.4.0-a5117903887b0d18-libjansi.jnilib
0x0000000102a28000 	/opt/homebrew/Cellar/openjdk/18/libexec/openjdk.jdk/Contents/Home/lib/libverify.dylib
0x0000000102a40000 	/Users/mira/.openjfx/cache/17.0.1/libprism_es2.dylib
0x00000001a68f3000 	/System/Library/PrivateFrameworks/CoreServicesInternal.framework/Versions/A/CoreServicesInternal
0x000000020557e000 	/System/Library/Frameworks/OpenGL.framework/Versions/A/Resources/GLEngine.bundle/GLEngine
0x0000000205406000 	/System/Library/Frameworks/OpenGL.framework/Versions/A/Libraries/libGLProgrammability.dylib
0x0000000135e3c000 	/System/Library/Extensions/AppleMetalOpenGLRenderer.bundle/Contents/MacOS/AppleMetalOpenGLRenderer
0x00000002056ed000 	/System/Library/Frameworks/OpenGL.framework/Versions/A/Resources/GLRendererFloat.bundle/GLRendererFloat
0x00000001ea665000 	/System/Library/Extensions/AGXMetalG13X.bundle/Contents/MacOS/AGXMetalG13X
0x00000001c4226000 	/System/Library/PrivateFrameworks/GPURawCounter.framework/Versions/A/GPURawCounter
0x00000001be930000 	/System/Library/PrivateFrameworks/IOGPU.framework/Versions/A/IOGPU
0x0000000135db4000 	/Users/mira/.openjfx/cache/17.0.1/libglass.dylib
0x00000001b5f76000 	/System/Library/Frameworks/FileProvider.framework/Versions/A/FileProvider
0x00000001aa55b000 	/System/Library/Frameworks/Accounts.framework/Versions/A/Accounts
0x00000001b60fa000 	/System/Library/PrivateFrameworks/GenerationalStorage.framework/Versions/A/GenerationalStorage
0x00000001b6cbd000 	/System/Library/PrivateFrameworks/CoreSymbolication.framework/Versions/A/CoreSymbolication
0x00000001b5d12000 	/System/Library/PrivateFrameworks/SymptomDiagnosticReporter.framework/Versions/A/SymptomDiagnosticReporter
0x00000001a7be3000 	/System/Library/PrivateFrameworks/DesktopServicesPriv.framework/Versions/A/DesktopServicesPriv
0x00000001a6a55000 	/usr/lib/libsandbox.1.dylib
0x00000001ab5d6000 	/System/Library/PrivateFrameworks/UserManagement.framework/Versions/A/UserManagement
0x00000001b6c7a000 	/System/Library/PrivateFrameworks/DebugSymbols.framework/Versions/A/DebugSymbols
0x00000001b1b47000 	/System/Library/PrivateFrameworks/NetAuth.framework/Versions/A/NetAuth
0x00000001b2a65000 	/System/Library/PrivateFrameworks/Sharing.framework/Versions/A/Sharing
0x00000001ab5a6000 	/System/Library/PrivateFrameworks/login.framework/Versions/A/Frameworks/loginsupport.framework/Versions/A/loginsupport
0x00000001b7eaf000 	/System/Library/PrivateFrameworks/Apple80211.framework/Versions/A/Apple80211
0x00000001ae731000 	/System/Library/PrivateFrameworks/AuthKit.framework/Versions/A/AuthKit
0x00000001addb2000 	/System/Library/PrivateFrameworks/CoreUtils.framework/Versions/A/CoreUtils
0x00000001adcd5000 	/System/Library/Frameworks/CoreWLAN.framework/Versions/A/CoreWLAN
0x00000001b2bd5000 	/System/Library/Frameworks/IOBluetooth.framework/Versions/A/IOBluetooth
0x00000001b7f0f000 	/System/Library/PrivateFrameworks/CoreWiFi.framework/Versions/A/CoreWiFi
0x00000001b685a000 	/System/Library/PrivateFrameworks/FrontBoardServices.framework/Versions/A/FrontBoardServices
0x00000001b68f2000 	/System/Library/PrivateFrameworks/BoardServices.framework/Versions/A/BoardServices
0x00000001adfcc000 	/System/Library/PrivateFrameworks/AssertionServices.framework/Versions/A/AssertionServices
0x00000001b808c000 	/System/Library/PrivateFrameworks/BackBoardServices.framework/Versions/A/BackBoardServices
0x00000001b1fbb000 	/System/Library/PrivateFrameworks/CorePhoneNumbers.framework/Versions/A/CorePhoneNumbers
0x00000001b5e42000 	/System/Library/PrivateFrameworks/DiskManagement.framework/Versions/A/DiskManagement
0x00000001b5d45000 	/System/Library/PrivateFrameworks/AppleIDAuthSupport.framework/Versions/A/AppleIDAuthSupport
0x0000000209d06000 	/System/Library/PrivateFrameworks/AAAFoundation.framework/Versions/A/AAAFoundation
0x00000001b1f9a000 	/System/Library/PrivateFrameworks/KeychainCircle.framework/Versions/A/KeychainCircle
0x00000001b5e0e000 	/System/Library/PrivateFrameworks/MediaKit.framework/Versions/A/MediaKit
0x00000001b5d52000 	/System/Library/Frameworks/DiscRecording.framework/Versions/A/DiscRecording
0x00000001af5a6000 	/usr/lib/libCoreStorage.dylib
0x00000001b8389000 	/usr/lib/libcsfde.dylib
0x00000001b2caa000 	/System/Library/PrivateFrameworks/ProtectedCloudStorage.framework/Versions/A/ProtectedCloudStorage
0x00000001b8381000 	/System/Library/PrivateFrameworks/EFILogin.framework/Versions/A/EFILogin
0x00000001b6121000 	/System/Library/PrivateFrameworks/OctagonTrust.framework/Versions/A/OctagonTrust
0x000000020e8d7000 	/System/Library/PrivateFrameworks/CoreUtilsExtras.framework/Versions/A/CoreUtilsExtras
0x00000001b5c77000 	/System/Library/Frameworks/CoreBluetooth.framework/Versions/A/CoreBluetooth
0x00000001b8a14000 	/System/Library/Frameworks/AudioUnit.framework/Versions/A/AudioUnit
0x00000001af59e000 	/usr/lib/libMatch.1.dylib
0x00000001c86d2000 	/System/Library/Frameworks/Accelerate.framework/Versions/A/Frameworks/vImage.framework/Versions/A/Libraries/libCGInterfaces.dylib
0x00000001425a4000 	/usr/lib/libobjc-trampolines.dylib
0x00000001ab2a0000 	/System/Library/PrivateFrameworks/ViewBridge.framework/Versions/A/ViewBridge
0x0000000146354000 	/Users/mira/.openjfx/cache/17.0.1/libjavafx_font.dylib
0x00000001afd02000 	/System/Library/PrivateFrameworks/login.framework/Versions/A/login


VM Arguments:
jvm_args: -Dclassworlds.conf=/opt/homebrew/Cellar/maven/3.8.5/libexec/bin/m2.conf -Dmaven.home=/opt/homebrew/Cellar/maven/3.8.5/libexec -Dlibrary.jansi.path=/opt/homebrew/Cellar/maven/3.8.5/libexec/lib/jansi-native -Dmaven.multiModuleProjectDirectory=/Users/mira/Documents/Boston University/CS665/met-cs665-assignment-project 
java_command: org.codehaus.plexus.classworlds.launcher.Launcher exec:java -Dexec.executable=edu.bu.met.cs665.Main -Dexec.args=
java_class_path (initial): /opt/homebrew/Cellar/maven/3.8.5/libexec/boot/plexus-classworlds-2.6.0.jar
Launcher Type: SUN_STANDARD

[Global flags]
     intx CICompilerCount                          = 4                                         {product} {ergonomic}
     uint ConcGCThreads                            = 2                                         {product} {ergonomic}
     uint G1ConcRefinementThreads                  = 9                                         {product} {ergonomic}
   size_t G1HeapRegionSize                         = 4194304                                   {product} {ergonomic}
    uintx GCDrainStackTargetSize                   = 64                                        {product} {ergonomic}
   size_t InitialHeapSize                          = 536870912                                 {product} {ergonomic}
   size_t MarkStackSize                            = 4194304                                   {product} {ergonomic}
   size_t MaxHeapSize                              = 8589934592                                {product} {ergonomic}
   size_t MaxNewSize                               = 5150605312                                {product} {ergonomic}
   size_t MinHeapDeltaBytes                        = 4194304                                   {product} {ergonomic}
   size_t MinHeapSize                              = 8388608                                   {product} {ergonomic}
    uintx NonNMethodCodeHeapSize                   = 5839564                                {pd product} {ergonomic}
    uintx NonProfiledCodeHeapSize                  = 122909338                              {pd product} {ergonomic}
    uintx ProfiledCodeHeapSize                     = 122909338                              {pd product} {ergonomic}
    uintx ReservedCodeCacheSize                    = 251658240                              {pd product} {ergonomic}
     bool SegmentedCodeCache                       = true                                      {product} {ergonomic}
   size_t SoftMaxHeapSize                          = 8589934592                             {manageable} {ergonomic}
     bool UseCompressedClassPointers               = true                           {product lp64_product} {ergonomic}
     bool UseCompressedOops                        = true                           {product lp64_product} {ergonomic}
     bool UseG1GC                                  = true                                      {product} {ergonomic}
     bool UseNUMA                                  = false                                     {product} {ergonomic}
     bool UseNUMAInterleaving                      = false                                     {product} {ergonomic}

Logging:
Log output configuration:
 #0: stdout all=warning uptime,level,tags foldmultilines=false
 #1: stderr all=off uptime,level,tags foldmultilines=false

Environment Variables:
JAVA_HOME=/opt/homebrew/opt/openjdk/libexec/openjdk.jdk/Contents/Home
PATH=/opt/anaconda3/bin:/opt/homebrew/bin:/opt/homebrew/sbin:/Library/Frameworks/Python.framework/Versions/3.9/bin:/usr/local/bin:/usr/local/sbin:/usr/bin:/bin:/usr/sbin:/sbin
SHELL=/bin/zsh
LANG=en_US.UTF-8
LC_CTYPE=en_US.UTF-8

Signal Handlers:
   SIGSEGV: _ZL13crash_handleriP9__siginfoPv in libjvm.dylib, mask=11100110000111110111111111111111, flags=SA_RESTART|SA_SIGINFO
    SIGBUS: _ZL13crash_handleriP9__siginfoPv in libjvm.dylib, mask=11100110000111110111111111111111, flags=SA_RESTART|SA_SIGINFO
    SIGFPE: _ZL13crash_handleriP9__siginfoPv in libjvm.dylib, mask=11100110000111110111111111111111, flags=SA_RESTART|SA_SIGINFO
   SIGPIPE: _ZL17javaSignalHandleriP9__siginfoPv in libjvm.dylib, mask=11100110000111110111111111111111, flags=SA_RESTART|SA_SIGINFO
   SIGXFSZ: _ZL17javaSignalHandleriP9__siginfoPv in libjvm.dylib, mask=11100110000111110111111111111111, flags=SA_RESTART|SA_SIGINFO
    SIGILL: _ZL13crash_handleriP9__siginfoPv in libjvm.dylib, mask=11100110000111110111111111111111, flags=SA_RESTART|SA_SIGINFO
   SIGUSR2: _ZL10SR_handleriP9__siginfoP17__darwin_ucontext in libjvm.dylib, mask=00000000000000000000000000000000, flags=SA_RESTART|SA_SIGINFO
    SIGHUP: _ZL11UserHandleriPvS_ in libjvm.dylib, mask=11100110000111110111111111111111, flags=SA_RESTART|SA_SIGINFO
    SIGINT: _ZL11UserHandleriPvS_ in libjvm.dylib, mask=11100110000111110111111111111111, flags=SA_RESTART|SA_SIGINFO
   SIGTERM: _ZL11UserHandleriPvS_ in libjvm.dylib, mask=11100110000111110111111111111111, flags=SA_RESTART|SA_SIGINFO
   SIGQUIT: _ZL11UserHandleriPvS_ in libjvm.dylib, mask=11100110000111110111111111111111, flags=SA_RESTART|SA_SIGINFO
   SIGTRAP: _ZL13crash_handleriP9__siginfoPv in libjvm.dylib, mask=11100110000111110111111111111111, flags=SA_RESTART|SA_SIGINFO


---------------  S Y S T E M  ---------------

OS:
uname: Darwin 21.4.0 Darwin Kernel Version 21.4.0: Fri Mar 18 00:46:32 PDT 2022; root:xnu-8020.101.4~15/RELEASE_ARM64_T6000 arm64
OS uptime: 8 days 19:01 hours
rlimit (soft/hard): STACK 8176k/65520k , CORE 0k/infinity , NPROC 5333/8000 , NOFILE 10240/infinity , AS infinity/infinity , CPU infinity/infinity , DATA infinity/infinity , FSIZE infinity/infinity , MEMLOCK infinity/infinity , RSS infinity/infinity
load average: 1.99 2.68 3.26

CPU: total 10 (initial active 10) 0x61:0x0:0x1b588bb3:0, fp, simd, aes, pmull, crc, lse

Memory: 16k page, physical 33554432k(75760k free), swap 0k(0k free)

vm_info: OpenJDK 64-Bit Server VM (18+0) for bsd-aarch64 JRE (18+0), built on Mar 28 2022 13:48:55 by "brew" with clang Apple LLVM 13.1.6 (clang-1316.0.21.2)

END.
