#
# A fatal error has been detected by the Java Runtime Environment:
#
#  SIGBUS (0xa) at pc=0x000000010c8f14f0, pid=76182, tid=33547
#
# JRE version: OpenJDK Runtime Environment Homebrew (18.0) (build 18+0)
# Java VM: OpenJDK 64-Bit Server VM Homebrew (18+0, mixed mode, sharing, tiered, compressed oops, compressed class ptrs, g1 gc, bsd-aarch64)
# Problematic frame:
# v  ~StubRoutines::SafeFetchN
#
# No core dump will be written. Core dumps have been disabled. To enable core dumping, try "ulimit -c unlimited" before starting Java again
#
# If you would like to submit a bug report, please visit:
#   https://github.com/Homebrew/homebrew-core/issues
# The crash happened outside the Java Virtual Machine in native code.
# See problematic frame for where to report the bug.
#

---------------  S U M M A R Y ------------

Command Line: -Dclassworlds.conf=/opt/homebrew/Cellar/maven/3.8.5/libexec/bin/m2.conf -Dmaven.home=/opt/homebrew/Cellar/maven/3.8.5/libexec -Dlibrary.jansi.path=/opt/homebrew/Cellar/maven/3.8.5/libexec/lib/jansi-native -Dmaven.multiModuleProjectDirectory=/Users/mira/Documents/Boston University/CS665/met-cs665-assignment-project org.codehaus.plexus.classworlds.launcher.Launcher exec:java -Dexec.executable=edu.bu.met.cs665.Main

Host: "MacBookPro18,4" arm64, 10 cores, 32G, Darwin 21.4.0, macOS 12.3.1 (21E258)
Time: Sat Apr 23 17:35:11 2022 PDT elapsed time: 22.275625 seconds (0d 0h 0m 22s)

---------------  T H R E A D  ---------------

Current thread (0x000000013953e400):  JavaThread "InvokeLaterDispatcher" daemon [_thread_in_native, id=33547, stack(0x0000000179064000,0x0000000179267000)]

Stack: [0x0000000179064000,0x0000000179267000],  sp=0x0000000179266790,  free space=2057k
Native frames: (J=compiled Java code, j=interpreted, Vv=VM code, C=native code)
v  ~StubRoutines::SafeFetchN
V  [libjvm.dylib+0x66792c]  _ZN10OopStorage7releaseEPKP7oopDesc+0x20
V  [libjvm.dylib+0x418bc0]  jni_DeleteGlobalRef+0x80
C  [libglass.dylib+0xab08]  -[GlassRunnable dealloc]+0x34
C  [Foundation+0x85618]  -[_NSThreadPerformInfo dealloc]+0x30
C  [Foundation+0x5198c]  -[NSObject(NSThreadPerformAdditions) performSelectorOnMainThread:withObject:waitUntilDone:]+0x88
C  0xac1f8001145e3e4c
J 4985 c1 com.sun.glass.ui.mac.MacApplication.submitForLaterInvocation(Ljava/lang/Runnable;)V (6 bytes) @ 0x000000010d911ed8 [0x000000010d911e40+0x0000000000000098]
C  0x0000000616017db0

Java frames: (J=compiled Java code, j=interpreted, Vv=VM code)
J 4986  com.sun.glass.ui.mac.MacApplication._submitForLaterInvocation(Ljava/lang/Runnable;)V (0 bytes) @ 0x00000001145e3e4c [0x00000001145e3dc0+0x000000000000008c]
J 4985 c1 com.sun.glass.ui.mac.MacApplication.submitForLaterInvocation(Ljava/lang/Runnable;)V (6 bytes) @ 0x000000010d911ed8 [0x000000010d911e40+0x0000000000000098]
j  com.sun.glass.ui.InvokeLaterDispatcher.run()V+82
v  ~StubRoutines::call_stub

siginfo: si_signo: 10 (SIGBUS), si_code: 1 (BUS_ADRALN), si_addr: 0x000000010c8f14f0

Register to memory mapping:

 x0=0x0000000148f0dfc8 is a global jni handle
 x1=0x0 is NULL
 x2=0x0000000604022f50 is an oop: com.sun.glass.ui.InvokeLaterDispatcher$Future 
{0x0000000604022f50} - klass: 'com/sun/glass/ui/InvokeLaterDispatcher$Future'
 - ---- fields (total size 3 words):
 - private 'done' 'Z' @12  true
 - private final 'runnable' 'Ljava/lang/Runnable;' @16  a 'com/sun/javafx/tk/quantum/QuantumToolkit$$Lambda$104+0x0000000800e28810'{0x0000000615b30ee8} (c2b661dd)
 - final synthetic 'this$0' 'Lcom/sun/glass/ui/InvokeLaterDispatcher;' @20  a 'com/sun/glass/ui/InvokeLaterDispatcher'{0x0000000616017db0} (c2c02fb6)
 x3=0x0 is NULL
 x4=0x00000000000130a8 is an unknown value
 x5=0x0 is NULL
 x6=0x0 is NULL
 x7=0x0 is NULL
 x8=0x000000010c8f14ec is at begin+0 in a stub
StubRoutines::SafeFetchN [0x000000010c8f14ec, 0x000000010c8f14f8] (12 bytes)
 x9=0x0 is NULL
x10=0x2010000030300000 is an unknown value
x11=0x0000000000000007 is an unknown value
x12=0x0000000000000004 is an unknown value
x13=0x0000600001314010 points into unknown readable memory: 0x00248001a3d4fc40 | 40 fc d4 a3 01 80 24 00
x14=0x0001070000000000 is an unknown value
x15=0x0000000103dddf98: OBJC_CLASS_$_GlassRunnable+0 in /Users/mira/.openjfx/cache/17.0.1/libglass.dylib at 0x0000000103d98000
x16=0x00000001a3eb90fc: pthread_getspecific+0 in /usr/lib/system/libsystem_pthread.dylib at 0x00000001a3eb7000
x17=0x000060000161c770 points into unknown readable memory: 0xfffffffffffffffe | fe ff ff ff ff ff ff ff
x18=0x0 is NULL
x19=0x00006000016587e0 points into unknown readable memory: 0x0000600003f55890 | 90 58 f5 03 00 60 00 00
x20=0x0000000148f0dfc8 is a global jni handle
x21=0x000000013953e400 is a thread
x22=0x0000000000000001 is an unknown value
x23=0x0 is NULL
x24=0x0000000148f0df80 is a global jni handle
x25=0x00000001049a0098: _ZN12StubRoutines17_safefetchN_entryE+0 in /opt/homebrew/Cellar/openjdk/18/libexec/openjdk.jdk/Contents/Home/lib/server/libjvm.dylib at 0x0000000103f2c000
x26=0x0000000000000001 is an unknown value
x27=0x0 is NULL
x28=0x000000013953e400 is a thread


Registers:
 x0=0x0000000148f0dfc8  x1=0x0000000000000000  x2=0x0000000604022f50  x3=0x0000000000000000
 x4=0x00000000000130a8  x5=0x0000000000000000  x6=0x0000000000000000  x7=0x0000000000000000
 x8=0x000000010c8f14ec  x9=0x0000000000000000 x10=0x2010000030300000 x11=0x0000000000000007
x12=0x0000000000000004 x13=0x0000600001314010 x14=0x0001070000000000 x15=0x0000000103dddf98
x16=0x00000001a3eb90fc x17=0x000060000161c770 x18=0x0000000000000000 x19=0x00006000016587e0
x20=0x0000000148f0dfc8 x21=0x000000013953e400 x22=0x0000000000000001 x23=0x0000000000000000
x24=0x0000000148f0df80 x25=0x00000001049a0098 x26=0x0000000000000001 x27=0x0000000000000000
x28=0x000000013953e400  fp=0x00000001792667d0  lr=0x0000000104592d38  sp=0x0000000179266790
pc=0x000000010c8f14f0 cpsr=0x0000000060001000
Top of Stack: (sp=0x0000000179266790)
0x0000000179266790:   0000000131b54608 0000000179266de0
0x00000001792667a0:   0000000800e1b210 0000600003e03170
0x00000001792667b0:   00000001497ae090 0000000148f0df80
0x00000001792667c0:   0000000148f0df80 00006000016587e0
0x00000001792667d0:   0000000179266810 000000010459392c
0x00000001792667e0:   0000000000000001 0000000148f0df80
0x00000001792667f0:   00000001497ae090 0000000148f0df80
0x0000000179266800:   0000000000000001 00000001497ade00
0x0000000179266810:   0000000179266850 0000000104344bc0
0x0000000179266820:   00000001497ade00 0000600003e03178
0x0000000179266830:   0000600003e03050 00000001edf7ebe0
0x0000000179266840:   0000000000000000 0000600003e03050
0x0000000179266850:   0000000179266880 0000000103da2b08
0x0000000179266860:   594387899ef200db 0000000000000000
0x0000000179266870:   0000000000000000 0000600002763e80
0x0000000179266880:   00000001792668c0 00000001a4e86618
0x0000000179266890:   0000000800e1b210 0000600003e03170
0x00000001792668a0:   0000600003e03050 594387899ef200db
0x00000001792668b0:   0000000000000000 0000000000000000
0x00000001792668c0:   0000000179266900 e0448001a4e5298c
0x00000001792668d0:   0000000800e1b210 0000000000000001
0x00000001792668e0:   0000000131b54042 00000001049a7b50
0x00000001792668f0:   00000001792669e0 00000000000000b9
0x0000000179266900:   0000000179266960 ac1f8001145e3e4c
0x0000000179266910:   0000000616048b50 0000000604022f50
0x0000000179266920:   0000000179266a88 00000001a3ec5630
0x0000000179266930:   000000013953e400 0000000104983df0
0x0000000179266940:   00000001792669f0 0000000000000001
0x0000000179266950:   0000000179266990 0000000615b30d80
0x0000000179266960:   0000000179266a50 000000010d911ed8
0x0000000179266970:   0000000604022f50 0000000615b30ee8
0x0000000179266980:   00000001792669e8 00000000000000b6 

Instructions: (pc=0x000000010c8f14f0)
0x000000010c8f13f0:   f2a092c9 f2c00029 6d425935 1e640886
0x000000010c8f1400:   0c402d31 1e6408c7 1f5654d0 1e6c1017
0x000000010c8f1410:   1f5050d0 1f504cd0 1f5048d0 1e650af6
0x000000010c8f1420:   1f50d8f6 1f5694d6 1f5158f6 1e762880
0x000000010c8f1430:   36000501 1e614000 14000026 2e251ca5
0x000000010c8f1440:   d2983009 f2a092c9 f2c00029 6d425d36
0x000000010c8f1450:   1e600806 0c402d32 1f5758c7 1e6c101a
0x000000010c8f1460:   1f4754c7 1e650805 1f4750c7 d2866668
0x000000010c8f1470:   f2a7fa68 1f474cc7 1e6608c0 1f4748c7
0x000000010c8f1480:   1e6e1019 eb08007f 540000ac 1f479400
0x000000010c8f1490:   1f460340 1e603b20 1400000e d2a7fd29
0x000000010c8f14a0:   eb09007f 540000ac 51480069 d3607d29
0x000000010c8f14b0:   9e670121 14000002 1e6a5001 1f679417
0x000000010c8f14c0:   1f668742 1e613b23 1e773857 1e773860
0x000000010c8f14d0:   a8c17ff3 910003bf a8c17bfd d65f03c0
0x000000010c8f14e0:   b9400001 aa0103e0 d65f03c0 f9400001
0x000000010c8f14f0:   aa0103e0 d65f03c0 00000000 00000000
0x000000010c8f1500:   00000000 00000000 00000000 00000000
0x000000010c8f1510:   00000000 00000000 00000000 00000000
0x000000010c8f1520:   00000000 00000000 00000000 00000000
0x000000010c8f1530:   00000000 00000000 00000000 00000000
0x000000010c8f1540:   00000000 00000000 00000000 00000000
0x000000010c8f1550:   00000000 00000000 00000000 00000000
0x000000010c8f1560:   00000000 00000000 00000000 00000000
0x000000010c8f1570:   00000000 00000000 00000000 00000000
0x000000010c8f1580:   00000000 00000000 00000000 00000000
0x000000010c8f1590:   00000000 00000000 00000000 00000000
0x000000010c8f15a0:   00000000 00000000 00000000 00000000
0x000000010c8f15b0:   00000000 00000000 00000000 00000000
0x000000010c8f15c0:   00000000 00000000 00000000 00000000
0x000000010c8f15d0:   00000000 00000000 00000000 00000000
0x000000010c8f15e0:   00000000 00000000 00000000 00000000 


Stack slot to memory mapping:
stack at sp + 0 slots: 0x0000000131b54608 is pointing into metadata
stack at sp + 1 slots: 0x0000000179266de0 is pointing into the stack for thread: 0x000000013953e400
stack at sp + 2 slots: 0x0000000800e1b210 is a pointer to class: 
com.sun.glass.ui.mac.MacApplication {0x0000000800e1b210}
 - instance size:     5
 - klass size:        133
 - access:            final synchronized 
 - state:             fully_initialized
 - name:              'com/sun/glass/ui/mac/MacApplication'
 - super:             'com/sun/glass/ui/Application'
 - sub:               
 - arrays:            NULL
 - methods:           Array<T>(0x0000000131b2f478)
 - method ordering:   Array<T>(0x0000000800a7da60)
 - default_methods:   Array<T>(0x0000000000000000)
 - local interfaces:  Array<T>(0x0000000131b2f268)
 - trans. interfaces: Array<T>(0x0000000131b2f268)
 - constants:         constant pool [548]/operands[69] {0x0000000131b2df88} for 'com/sun/glass/ui/mac/MacApplication' cache=0x0000000131b51fa0
 - class loader data:  loader data: 0x0000600000c6fb60 for instance a 'java/net/URLClassLoader'{0x000000061602fa50}
 - source file:       'MacApplication.java'
 - class annotations:       Array<T>(0x0000000000000000)
 - class type annotations:  Array<T>(0x0000000000000000)
 - field annotations:       Array<T>(0x0000000000000000)
 - field type annotations:  Array<T>(0x0000000000000000)
 - inner classes:     Array<T>(0x0000000131b29370)
 - nest members:     Array<T>(0x0000000131b293c8)
 - permitted subclasses:     Array<T>(0x00000008005c4598)
 - java mirror:       a 'java/lang/Class'{0x0000000616048ad8} = 'com/sun/glass/ui/mac/MacApplication'
 - vtable length      72  (start addr: 0x0000000800e1b3c8)
 - itable length      5 (start addr: 0x0000000800e1b608)
 - ---- static fields (1 words):
 - static final 'BROWSER_PARENT_ID' 'J' @112 
 - ---- non-static fields (7 words):
 - private 'initialActiveEventReceived' 'Z' @12 
 - private 'terminateWhenLastWindowClosed' 'Z' @13 
 - protected 'name' 'Ljava/lang/String;' @16 
 - private 'eventHandler' 'Lcom/sun/glass/ui/Application$EventHandler;' @20 
 - private 'initialOpenedFiles' '[Ljava/lang/String;' @24 
 - private 'isTaskbarApplication' 'Z' @14 
 - private 'firstDidResignActive' 'Z' @15 
 - private final 'invokeLaterDispatcher' 'Lcom/sun/glass/ui/InvokeLaterDispatcher;' @28 
 - private 'appleMenu' 'Lcom/sun/glass/ui/Menu;' @32 
 - private final 'reactivationLatch' 'Ljava/util/concurrent/CountDownLatch;' @36 
 - non-static oop maps: 16-36 
stack at sp + 3 slots: 0x0000600003e03170 points into unknown readable memory: 0x01000001fc66a011 | 11 a0 66 fc 01 00 00 01
stack at sp + 4 slots: 0x00000001497ae090 points into unknown readable memory: 0x000000010495b5d8 | d8 b5 95 04 01 00 00 00
stack at sp + 5 slots: 0x0000000148f0df80 is a global jni handle
stack at sp + 6 slots: 0x0000000148f0df80 is a global jni handle
stack at sp + 7 slots: 0x00006000016587e0 points into unknown readable memory: 0x0000600003f55890 | 90 58 f5 03 00 60 00 00

StubRoutines::SafeFetchN [0x000000010c8f14ec, 0x000000010c8f14f8] (12 bytes)
[MachCode]
  0x000000010c8f14ec: 0100 40f9 | e003 01aa | c003 5fd6 
[/MachCode]

Compiled method (c1)   22281 4985       3       com.sun.glass.ui.mac.MacApplication::submitForLaterInvocation (6 bytes)
 total in heap  [0x000000010d911c90,0x000000010d912058] = 968
 relocation     [0x000000010d911de8,0x000000010d911e20] = 56
 main code      [0x000000010d911e40,0x000000010d911f80] = 320
 stub code      [0x000000010d911f80,0x000000010d911fd8] = 88
 oops           [0x000000010d911fd8,0x000000010d911fe0] = 8
 metadata       [0x000000010d911fe0,0x000000010d911ff8] = 24
 scopes data    [0x000000010d911ff8,0x000000010d912010] = 24
 scopes pcs     [0x000000010d912010,0x000000010d912050] = 64
 dependencies   [0x000000010d912050,0x000000010d912058] = 8

[Constant Pool (empty)]

[MachCode]
[Entry Point]
  # {method} {0x0000000131b2b518} 'submitForLaterInvocation' '(Ljava/lang/Runnable;)V' in 'com/sun/glass/ui/mac/MacApplication'
  # this:     c_rarg1:c_rarg1 
                        = 'com/sun/glass/ui/mac/MacApplication'
  # parm0:    c_rarg2:c_rarg2 
                        = 'java/lang/Runnable'
  #           [sp+0x40]  (sp of caller)
  0x000000010d911e40: 2808 40b9 | 3f01 086b | c001 0054 

  0x000000010d911e4c: ;   {runtime_call ic_miss_stub}
  0x000000010d911e4c: a880 fff0 | 0801 0091 | 0001 1fd6 | 1f20 03d5 | 1f20 03d5 | 1f20 03d5 | 1f20 03d5 | 1f20 03d5 
  0x000000010d911e6c: 1f20 03d5 | 1f20 03d5 | 1f20 03d5 | 1f20 03d5 | 1f20 03d5 
[Verified Entry Point]
  0x000000010d911e80: 1f20 03d5 | e953 40d1 | 3f01 00f9 | ff03 01d1 | fd7b 03a9 

  0x000000010d911e94: ;   {metadata(method data for {method} {0x0000000131b2b518} 'submitForLaterInvocation' '(Ljava/lang/Runnable;)V' in 'com/sun/glass/ui/mac/MacApplication')}
  0x000000010d911e94: 0069 85d2 | c041 a6f2 | 2000 c0f2 | 03ac 40b9 | 6308 0011 | 03ac 00b9 | 6324 1f12 | 7f00 0071 
  0x000000010d911eb4: e001 0054 | e003 01aa 

  0x000000010d911ebc: ;   {metadata(method data for {method} {0x0000000131b2b518} 'submitForLaterInvocation' '(Ljava/lang/Runnable;)V' in 'com/sun/glass/ui/mac/MacApplication')}
  0x000000010d911ebc: 0369 85d2 | c341 a6f2 | 2300 c0f2 | 6878 40f9 | 0805 0091 | 6878 00f9 

  0x000000010d911ed4: ; ImmutableOopMap {}
                      ;*invokevirtual _submitForLaterInvocation {reexecute=0 rethrow=0 return_oop=0}
                      ; - com.sun.glass.ui.mac.MacApplication::submitForLaterInvocation@2 (line 348)
                      ;   {optimized virtual_call}
  0x000000010d911ed4: c147 b395 | fd7b 43a9 | ff03 0191 

  0x000000010d911ee0: ;   {poll_return}
  0x000000010d911ee0: 889f 41f9 | ff63 28eb | 8801 0054 | c003 5fd6 

  0x000000010d911ef0: ;   {metadata({method} {0x0000000131b2b518} 'submitForLaterInvocation' '(Ljava/lang/Runnable;)V' in 'com/sun/glass/ui/mac/MacApplication')}
  0x000000010d911ef0: 08a3 96d2 | 4836 a6f2 | 2800 c0f2 | e807 00f9 | 0800 8092 | e803 00f9 

  0x000000010d911f08: ;   {runtime_call counter_overflow Runtime1 stub}
  0x000000010d911f08: 8886 fff0 | 0801 0a91 

  0x000000010d911f10: ; ImmutableOopMap {c_rarg1=Oop c_rarg2=Oop }
                      ;*synchronization entry
                      ; - com.sun.glass.ui.mac.MacApplication::submitForLaterInvocation@-1 (line 348)
  0x000000010d911f10: 0001 3fd6 | e9ff ff17 

  0x000000010d911f18: ;   {internal_word}
  0x000000010d911f18: 48fe ff10 | 88ab 01f9 

  0x000000010d911f20: ;   {runtime_call SafepointBlob}
  0x000000010d911f20: e880 ffb0 | 0801 1891 | 0001 1fd6 | 1f20 03d5 | 1f20 03d5 | 80e7 41f9 | 9fe7 01f9 | 9feb 01f9 
  0x000000010d911f40: fd7b 43a9 | ff03 0191 

  0x000000010d911f48: ;   {runtime_call unwind_exception Runtime1 stub}
  0x000000010d911f48: 0882 ff90 | 0801 2091 | 0001 1fd6 | 0000 0000 | 0000 0000 | 0000 0000 | 0000 0000 | 0000 0000 
  0x000000010d911f68: 0000 0000 | 0000 0000 | 0000 0000 | 0000 0000 | 0000 0000 | 0000 0000 
[Stub Code]
  0x000000010d911f80: ;   {no_reloc}
  0x000000010d911f80: df3f 03d5 

  0x000000010d911f84: ;   {metadata(NULL)}
  0x000000010d911f84: 0c00 80d2 | 0c00 a0f2 | 0c00 c0f2 | 0800 80d2 | 0800 a0f2 | 0800 c0f2 | 0001 1fd6 

  0x000000010d911fa0: ;   {trampoline_stub}
  0x000000010d911fa0: 4800 0058 | 0001 1fd6 | d83d 5e14 | 0100 0000 
[Exception Handler]
  0x000000010d911fb0: ;   {runtime_call handle_exception_from_callee Runtime1 stub}
  0x000000010d911fb0: 8886 ff90 | 0801 1691 | 0001 3fd6 | c1d5 bbd4 | 4e66 7d04 | 0100 0000 
[Deopt Handler Code]
  0x000000010d911fc8: 1e00 0010 

  0x000000010d911fcc: ;   {runtime_call DeoptimizationBlob}
  0x000000010d911fcc: e880 ffb0 | 0801 2591 | 0001 1fd6 
[/MachCode]


Compiled method (n/a)   22283 4986     n 0       com.sun.glass.ui.mac.MacApplication::_submitForLaterInvocation (native)
 total in heap  [0x00000001145e3c10,0x00000001145e3f60] = 848
 relocation     [0x00000001145e3d68,0x00000001145e3d90] = 40
 main code      [0x00000001145e3dc0,0x00000001145e3f50] = 400
 oops           [0x00000001145e3f50,0x00000001145e3f58] = 8
 metadata       [0x00000001145e3f58,0x00000001145e3f60] = 8

[Constant Pool (empty)]

[MachCode]
[Entry Point]
  # {method} {0x0000000131b2b470} '_submitForLaterInvocation' '(Ljava/lang/Runnable;)V' in 'com/sun/glass/ui/mac/MacApplication'
  # this:     c_rarg1:c_rarg1 
                        = 'com/sun/glass/ui/mac/MacApplication'
  # parm0:    c_rarg2:c_rarg2 
                        = 'java/lang/Runnable'
  #           [sp+0x60]  (sp of caller)
  0x00000001145e3dc0: 2808 40b9 | 3f01 086b | 8000 0054 

  0x00000001145e3dcc: ;   {runtime_call ic_miss_stub}
  0x00000001145e3dcc: 281a fcb0 | 0801 0091 | 0001 1fd6 
[Verified Entry Point]
  0x00000001145e3dd8: 1f20 03d5 | e953 40d1 | 3f01 00f9 | fd7b bfa9 | fd03 0091 | ff43 01d1 | e207 00f9 | 5f00 1feb 
  0x00000001145e3df8: e223 0091 | e203 829a | e103 00f9 | 3f00 1feb | e103 00d1 | e103 819a | e801 0010 | 883f 01f9 
  0x00000001145e3e18: e803 0091 | 883b 01f9 

  0x00000001145e3e20: ;   {external_word}
  0x00000001145e3e20: 881d f890 | 0809 5b39 | 4806 0035 | 8043 0a91 | e803 7eb2 | 89c3 0c91 | 28fd 9f88 

  0x00000001145e3e3c: ;   {runtime_call Java_com_sun_glass_ui_mac_MacApplication__1submitForLaterInvocation}
  0x00000001145e3e3c: 0841 8bd2 | 487b a0f2 | 2800 c0f2 | 0001 3fd6 | a800 80d2 | 8833 03b9 | bf3b 03d5 | 88e3 0c91 
  0x00000001145e3e5c: 08fd dfc8 | bf03 08eb | a803 0054 | 8823 43b9 | 6803 0035 | e803 7db2 | 89c3 0c91 | 28fd 9f88 
  0x00000001145e3e7c: 8883 4e39 | 1f09 0071 | 0002 0054 

  0x00000001145e3e88: ;   {external_word}
  0x00000001145e3e88: 881d f890 | 0809 5b39 | a804 0035 | 9f3b 01f9 | 9f3f 01f9 | 8283 41f9 | 5f80 00f9 | bf03 0091 
  0x00000001145e3ea8: fd7b c1a8 | 8807 40f9 | 4800 00b5 | c003 5fd6 

  0x00000001145e3eb8: ;   {runtime_call StubRoutines (1)}
  0x00000001145e3eb8: 6818 fcb0 | 0801 0291 | 0001 1fd6 

  0x00000001145e3ec4: ;   {runtime_call _ZN13SharedRuntime20reguard_yellow_pagesEv}
  0x00000001145e3ec4: 08fc 99d2 | 088c a0f2 | 2800 c0f2 | 0001 3fd6 | edff ff17 | e003 1caa 

  0x00000001145e3edc: ;   {runtime_call _ZN10JavaThread40check_special_condition_for_native_transEPS_}
  0x00000001145e3edc: 88d1 94d2 | e88d a0f2 | 2800 c0f2 | 0001 3fd6 | e1ff ff17 | e10b bfa9 

  0x00000001145e3ef4: ;   {metadata({method} {0x0000000131b2b470} '_submitForLaterInvocation' '(Ljava/lang/Runnable;)V' in 'com/sun/glass/ui/mac/MacApplication')}
  0x00000001145e3ef4: 018e 96d2 | 4136 a6f2 | 2100 c0f2 | e003 1caa | e833 bfa9 | 8825 96d2 | 088c a0f2 | 2800 c0f2 
  0x00000001145e3f14: 0001 3fd6 | e833 c1a8 | e10b c1a8 | c3ff ff17 

  0x00000001145e3f24: ;   {metadata({method} {0x0000000131b2b470} '_submitForLaterInvocation' '(Ljava/lang/Runnable;)V' in 'com/sun/glass/ui/mac/MacApplication')}
  0x00000001145e3f24: 018e 96d2 | 4136 a6f2 | 2100 c0f2 | e003 1caa | e833 bfa9 | 883f 96d2 | 088c a0f2 | 2800 c0f2 
  0x00000001145e3f44: 0001 3fd6 | e833 c1a8 | d2ff ff17 
[/MachCode]


---------------  P R O C E S S  ---------------

Threads class SMR info:
_java_thread_list=0x0000600003c3eba0, length=20, elements={
0x0000000149808800, 0x0000000149008a00, 0x000000013900a400, 0x0000000149869000,
0x0000000149867a00, 0x0000000149868000, 0x0000000149865400, 0x0000000149865a00,
0x0000000149866000, 0x000000013900b000, 0x0000000149042000, 0x0000000149a55000,
0x0000000149cfa200, 0x0000000139bac200, 0x000000013953e400, 0x00000001497ade00,
0x0000000149ddb800, 0x000000013ba8c000, 0x000000013956c600, 0x0000000149e02c00
}

Java Threads: ( => current thread )
  0x0000000149808800 JavaThread "main" [_thread_blocked, id=9731, stack(0x000000016d158000,0x000000016d35b000)]
  0x0000000149008a00 JavaThread "Reference Handler" daemon [_thread_blocked, id=14083, stack(0x000000016dfac000,0x000000016e1af000)]
  0x000000013900a400 JavaThread "Finalizer" daemon [_thread_blocked, id=14339, stack(0x000000016e1b8000,0x000000016e3bb000)]
  0x0000000149869000 JavaThread "Signal Dispatcher" daemon [_thread_blocked, id=23043, stack(0x000000016e4dc000,0x000000016e6df000)]
  0x0000000149867a00 JavaThread "Service Thread" daemon [_thread_blocked, id=23555, stack(0x000000016e6e8000,0x000000016e8eb000)]
  0x0000000149868000 JavaThread "Monitor Deflation Thread" daemon [_thread_blocked, id=42499, stack(0x000000016e8f4000,0x000000016eaf7000)]
  0x0000000149865400 JavaThread "C2 CompilerThread0" daemon [_thread_blocked, id=24067, stack(0x000000016eb00000,0x000000016ed03000)]
  0x0000000149865a00 JavaThread "C1 CompilerThread0" daemon [_thread_blocked, id=24323, stack(0x000000016ed0c000,0x000000016ef0f000)]
  0x0000000149866000 JavaThread "Sweeper thread" daemon [_thread_blocked, id=41731, stack(0x000000016ef18000,0x000000016f11b000)]
  0x000000013900b000 JavaThread "Notification Thread" daemon [_thread_blocked, id=41475, stack(0x000000016f124000,0x000000016f327000)]
  0x0000000149042000 JavaThread "Common-Cleaner" daemon [_thread_blocked, id=25603, stack(0x000000016f53c000,0x000000016f73f000)]
  0x0000000149a55000 JavaThread "edu.bu.met.cs665.Main.main()" [_thread_blocked, id=39171, stack(0x0000000178a40000,0x0000000178c43000)]
  0x0000000149cfa200 JavaThread "JavaFX-Launcher" [_thread_blocked, id=29187, stack(0x0000000178c4c000,0x0000000178e4f000)]
  0x0000000139bac200 JavaThread "QuantumRenderer-0" daemon [_thread_blocked, id=38659, stack(0x0000000178e58000,0x000000017905b000)]
=>0x000000013953e400 JavaThread "InvokeLaterDispatcher" daemon [_thread_in_native, id=33547, stack(0x0000000179064000,0x0000000179267000)]
  0x00000001497ade00 JavaThread "JavaFX Application Thread" [_thread_in_vm, id=259, stack(0x000000016c8d0000,0x000000016d0cc000)]
  0x0000000149ddb800 JavaThread "PulseTimer-CVDisplayLink thread" daemon [_thread_in_native, id=54275, stack(0x0000000179270000,0x00000001792f3000)]
  0x000000013ba8c000 JavaThread "Thread-5" [_thread_in_native, id=55555, stack(0x0000000179388000,0x000000017958b000)]
  0x000000013956c600 JavaThread "Prism Font Disposer" daemon [_thread_blocked, id=58123, stack(0x00000001797a0000,0x00000001799a3000)]
  0x0000000149e02c00 JavaThread "Cleaner-0" daemon [_thread_blocked, id=68627, stack(0x0000000179a38000,0x0000000179c3b000)]

Other Threads:
  0x0000000148f0c260 VMThread "VM Thread" [stack: 0x000000016dda0000,0x000000016dfa3000] [id=13571]
  0x0000000148e14760 WatcherThread "VM Periodic Task Thread" [stack: 0x000000016f330000,0x000000016f533000] [id=25091]
  0x0000000148f06f70 WorkerThread "GC Thread#0" [stack: 0x000000016d364000,0x000000016d567000] [id=11779]
  0x0000000138e11940 WorkerThread "GC Thread#1" [stack: 0x000000016f748000,0x000000016f94b000] [id=25859]
  0x0000000148f20280 WorkerThread "GC Thread#2" [stack: 0x000000016f954000,0x000000016fb57000] [id=26115]
  0x0000000148f207b0 WorkerThread "GC Thread#3" [stack: 0x000000016fb60000,0x000000016fd63000] [id=40451]
  0x0000000148f21010 WorkerThread "GC Thread#4" [stack: 0x000000016fd6c000,0x000000016ff6f000] [id=39939]
  0x0000000148f21870 WorkerThread "GC Thread#5" [stack: 0x0000000178004000,0x0000000178207000] [id=39683]
  0x0000000148f220d0 WorkerThread "GC Thread#6" [stack: 0x0000000178210000,0x0000000178413000] [id=27139]
  0x0000000138e11db0 WorkerThread "GC Thread#7" [stack: 0x000000017841c000,0x000000017861f000] [id=27651]
  0x0000000138e12610 WorkerThread "GC Thread#8" [stack: 0x0000000178628000,0x000000017882b000] [id=28163]
  0x0000000148f07610 ConcurrentGCThread "G1 Main Marker" [stack: 0x000000016d570000,0x000000016d773000] [id=12035]
  0x0000000148f07e80 WorkerThread "G1 Conc#0" [stack: 0x000000016d77c000,0x000000016d97f000] [id=18179]
  0x0000000148f42ec0 WorkerThread "G1 Conc#1" [stack: 0x0000000179594000,0x0000000179797000] [id=75523]
  0x0000000148e115c0 ConcurrentGCThread "G1 Refine#0" [stack: 0x000000016d988000,0x000000016db8b000] [id=17923]
  0x0000000148e11e40 ConcurrentGCThread "G1 Service" [stack: 0x000000016db94000,0x000000016dd97000] [id=17667]

Threads with active compile tasks:

VM state: not at safepoint (normal execution)

VM Mutex/Monitor currently owned by a thread: None

Heap address: 0x0000000600000000, size: 8192 MB, Compressed Oops mode: Zero based, Oop shift amount: 3

CDS archive(s) mapped at: [0x0000000800000000-0x0000000800ba0000-0x0000000800ba0000), size 12189696, SharedBaseAddress: 0x0000000800000000, ArchiveRelocationMode: 0.
Compressed class space mapped at: 0x0000000800c00000-0x0000000840c00000, reserved size: 1073741824
Narrow klass base: 0x0000000800000000, Narrow klass shift: 0, Narrow klass range: 0x100000000

GC Precious Log:
 CardTable entry size: 512
 Card Set container configuration: InlinePtr #cards 4 size 8 Array Of Cards #cards 32 size 80 Howl #buckets 8 coarsen threshold 7372 Howl Bitmap #cards 1024 size 144 coarsen threshold 921 Card regions per heap region 1 cards per card region 8192
 CPUs: 10 total, 10 available
 Memory: 32768M
 Large Page Support: Disabled
 NUMA Support: Disabled
 Compressed Oops: Enabled (Zero based)
 Heap Region Size: 4M
 Heap Min Capacity: 8M
 Heap Initial Capacity: 512M
 Heap Max Capacity: 8G
 Pre-touch: Disabled
 Parallel Workers: 9
 Concurrent Workers: 2
 Concurrent Refinement Workers: 9
 Periodic GC: Disabled

Heap:
 garbage-first heap   total 110592K, used 41909K [0x0000000600000000, 0x0000000800000000)
  region size 4096K, 11 young (45056K), 5 survivors (20480K)
 Metaspace       used 24761K, committed 25216K, reserved 1114112K
  class space    used 3045K, committed 3264K, reserved 1048576K

Heap Regions: E=young(eden), S=young(survivor), O=old, HS=humongous(starts), HC=humongous(continues), CS=collection set, F=free, OA=open archive, CA=closed archive, TAMS=top-at-mark-start (previous, next)
|   0|0x0000000600000000, 0x0000000600000000, 0x0000000600400000|  0%| F|  |TAMS 0x0000000600000000, 0x0000000600000000| Untracked 
|   1|0x0000000600400000, 0x0000000600400000, 0x0000000600800000|  0%| F|  |TAMS 0x0000000600400000, 0x0000000600400000| Untracked 
|   2|0x0000000600800000, 0x0000000600800000, 0x0000000600c00000|  0%| F|  |TAMS 0x0000000600800000, 0x0000000600800000| Untracked 
|   3|0x0000000600c00000, 0x0000000600c00000, 0x0000000601000000|  0%| F|  |TAMS 0x0000000600c00000, 0x0000000600c00000| Untracked 
|   4|0x0000000601000000, 0x0000000601000000, 0x0000000601400000|  0%| F|  |TAMS 0x0000000601000000, 0x0000000601000000| Untracked 
|   5|0x0000000601400000, 0x0000000601400000, 0x0000000601800000|  0%| F|  |TAMS 0x0000000601400000, 0x0000000601400000| Untracked 
|   6|0x0000000601800000, 0x0000000601800000, 0x0000000601c00000|  0%| F|  |TAMS 0x0000000601800000, 0x0000000601800000| Untracked 
|   7|0x0000000601c00000, 0x0000000601c00000, 0x0000000602000000|  0%| F|  |TAMS 0x0000000601c00000, 0x0000000601c00000| Untracked 
|   8|0x0000000602000000, 0x0000000602000000, 0x0000000602400000|  0%| F|  |TAMS 0x0000000602000000, 0x0000000602000000| Untracked 
|   9|0x0000000602400000, 0x0000000602400000, 0x0000000602800000|  0%| F|  |TAMS 0x0000000602400000, 0x0000000602400000| Untracked 
|  10|0x0000000602800000, 0x0000000602800000, 0x0000000602c00000|  0%| F|  |TAMS 0x0000000602800000, 0x0000000602800000| Untracked 
|  11|0x0000000602c00000, 0x0000000602c00000, 0x0000000603000000|  0%| F|  |TAMS 0x0000000602c00000, 0x0000000602c00000| Untracked 
|  12|0x0000000603000000, 0x0000000603000000, 0x0000000603400000|  0%| F|  |TAMS 0x0000000603000000, 0x0000000603000000| Untracked 
|  13|0x0000000603400000, 0x0000000603400000, 0x0000000603800000|  0%| F|  |TAMS 0x0000000603400000, 0x0000000603400000| Untracked 
|  14|0x0000000603800000, 0x0000000603a0f038, 0x0000000603c00000| 51%| E|  |TAMS 0x0000000603800000, 0x0000000603800000| Complete 
|  15|0x0000000603c00000, 0x0000000604000000, 0x0000000604000000|100%| E|CS|TAMS 0x0000000603c00000, 0x0000000603c00000| Complete 
|  16|0x0000000604000000, 0x0000000604400000, 0x0000000604400000|100%| E|CS|TAMS 0x0000000604000000, 0x0000000604000000| Complete 
|  17|0x0000000604400000, 0x0000000604800000, 0x0000000604800000|100%| E|CS|TAMS 0x0000000604400000, 0x0000000604400000| Complete 
|  18|0x0000000604800000, 0x0000000604c00000, 0x0000000604c00000|100%| E|CS|TAMS 0x0000000604800000, 0x0000000604800000| Complete 
|  84|0x0000000615000000, 0x00000006151056c0, 0x0000000615400000| 25%| S|CS|TAMS 0x0000000615000000, 0x0000000615000000| Complete 
|  85|0x0000000615400000, 0x0000000615800000, 0x0000000615800000|100%| S|CS|TAMS 0x0000000615400000, 0x0000000615400000| Complete 
|  86|0x0000000615800000, 0x0000000615c00000, 0x0000000615c00000|100%| S|CS|TAMS 0x0000000615800000, 0x0000000615800000| Complete 
|  87|0x0000000615c00000, 0x0000000616000000, 0x0000000616000000|100%| S|CS|TAMS 0x0000000615c00000, 0x0000000615c00000| Complete 
|  88|0x0000000616000000, 0x0000000616400000, 0x0000000616400000|100%| S|CS|TAMS 0x0000000616000000, 0x0000000616000000| Complete 
| 127|0x000000061fc00000, 0x0000000620000000, 0x0000000620000000|100%| E|CS|TAMS 0x000000061fc00000, 0x000000061fc00000| Complete 
|2046|0x00000007ff800000, 0x00000007ffb74000, 0x00000007ffc00000| 86%|OA|  |TAMS 0x00000007ffb74000, 0x00000007ff800000| Untracked 
|2047|0x00000007ffc00000, 0x00000007ffc74000, 0x0000000800000000| 11%|CA|  |TAMS 0x00000007ffc74000, 0x00000007ffc00000| Untracked 

Card table byte_map: [0x000000011c8f0000,0x000000011d8f0000] _byte_map_base: 0x00000001198f0000

Marking Bits (Prev, Next): (CMBitMap*) 0x0000000149815250, (CMBitMap*) 0x0000000149815210
 Prev Bits: [0x00000001268f0000, 0x000000012e8f0000)
 Next Bits: [0x000000011e8f0000, 0x00000001268f0000)

Polling page: 0x0000000102eb8000

Metaspace:

Usage:
  Non-class:     21.21 MB used.
      Class:      2.97 MB used.
       Both:     24.18 MB used.

Virtual space:
  Non-class space:       64.00 MB reserved,      21.44 MB ( 33%) committed,  1 nodes.
      Class space:        1.00 GB reserved,       3.19 MB ( <1%) committed,  1 nodes.
             Both:        1.06 GB reserved,      24.62 MB (  2%) committed. 

Chunk freelists:
   Non-Class:  1.73 MB
       Class:  880.00 KB
        Both:  2.59 MB

MaxMetaspaceSize: unlimited
CompressedClassSpaceSize: 1.00 GB
Initial GC threshold: 21.00 MB
Current GC threshold: 35.25 MB
CDS: on
MetaspaceReclaimPolicy: balanced
 - commit_granule_bytes: 65536.
 - commit_granule_words: 8192.
 - virtual_space_node_default_size: 8388608.
 - enlarge_chunks_in_place: 1.
 - new_chunks_are_fully_committed: 0.
 - uncommit_free_chunks: 1.
 - use_allocation_guard: 0.


Internal statistics:

num_allocs_failed_limit: 3.
num_arena_births: 406.
num_arena_deaths: 0.
num_vsnodes_births: 2.
num_vsnodes_deaths: 0.
num_space_committed: 394.
num_space_uncommitted: 0.
num_chunks_returned_to_freelist: 3.
num_chunks_taken_from_freelist: 1282.
num_chunk_merges: 3.
num_chunk_splits: 928.
num_chunks_enlarged: 731.
num_inconsistent_stats: 0.

CodeHeap 'non-profiled nmethods': size=120032Kb used=2504Kb max_used=2504Kb free=117527Kb
 bounds [0x00000001143b8000, 0x0000000114638000, 0x000000011b8f0000]
CodeHeap 'profiled nmethods': size=120016Kb used=12034Kb max_used=12034Kb free=107981Kb
 bounds [0x000000010ce84000, 0x000000010da54000, 0x00000001143b8000]
CodeHeap 'non-nmethods': size=5712Kb used=1391Kb max_used=1429Kb free=4320Kb
 bounds [0x000000010c8f0000, 0x000000010cb60000, 0x000000010ce84000]
 total_blobs=6069 nmethods=5304 adapters=681
 compilation: enabled
              stopped_count=0, restarted_count=0
 full_count=0

Compilation events (20 events):
Event: 18.928 Thread 0x0000000149865a00 5396       1       edu.bu.met.cs665.Planet::setTravel (6 bytes)
Event: 18.928 Thread 0x0000000149865a00 nmethod 5396 0x0000000114624b90 code [0x0000000114624d00, 0x0000000114624de8]
Event: 19.142 Thread 0x0000000149865400 5397       4       com.sun.javafx.geom.transform.GeneralTransform3D::setIdentity (129 bytes)
Event: 19.143 Thread 0x0000000149865400 nmethod 5397 0x0000000114624e90 code [0x0000000114625040, 0x0000000114625180]
Event: 19.159 Thread 0x0000000149865400 5398       4       com.sun.javafx.geom.transform.AffineBase::calculateType (598 bytes)
Event: 19.160 Thread 0x0000000149865400 nmethod 5398 0x0000000114625290 code [0x0000000114625440, 0x00000001146255f0]
Event: 19.634 Thread 0x0000000149865400 5399       4       com.sun.javafx.geom.transform.Affine3D::updateState (96 bytes)
Event: 19.636 Thread 0x0000000149865400 nmethod 5399 0x0000000114625710 code [0x0000000114625980, 0x0000000114625e40]
Event: 19.768 Thread 0x0000000149865400 5400       4       com.sun.prism.impl.ps.BaseShaderContext::updatePerVertexColor (46 bytes)
Event: 19.769 Thread 0x0000000149865400 nmethod 5400 0x0000000114626110 code [0x0000000114626300, 0x00000001146264f0]
Event: 20.293 Thread 0x0000000149865400 5401       4       com.sun.javafx.sg.prism.NGGroup::computeRenderRoot (398 bytes)
Event: 20.299 Thread 0x0000000149865400 nmethod 5401 0x0000000114626690 code [0x0000000114626a00, 0x0000000114627450]
Event: 20.976 Thread 0x0000000149865400 5402       4       edu.bu.met.cs665.Moon::setPosition (17 bytes)
Event: 20.978 Thread 0x0000000149865400 nmethod 5402 0x0000000114628110 code [0x0000000114628380, 0x0000000114628870]
Event: 21.351 Thread 0x0000000149865400 5403   !   4       com.sun.javafx.sg.prism.NGGroup::renderContent (422 bytes)
Event: 21.354 Thread 0x0000000149865400 nmethod 5403 0x0000000114628d10 code [0x0000000114628f80, 0x00000001146294f0]
Event: 22.001 Thread 0x0000000149865400 5404       4       java.util.concurrent.atomic.AtomicInteger::getAndIncrement (12 bytes)
Event: 22.001 Thread 0x0000000149865400 nmethod 5404 0x0000000114629a90 code [0x0000000114629c00, 0x0000000114629ca0]
Event: 22.067 Thread 0x0000000149865400 5405       4       java.util.concurrent.LinkedBlockingQueue::dequeue (32 bytes)
Event: 22.068 Thread 0x0000000149865400 nmethod 5405 0x0000000114629d90 code [0x0000000114629f40, 0x000000011462a1c0]

GC Heap History (6 events):
Event: 0.314 GC heap before
{Heap before GC invocations=0 (full 0):
 garbage-first heap   total 532480K, used 28576K [0x0000000600000000, 0x0000000800000000)
  region size 4096K, 6 young (24576K), 0 survivors (0K)
 Metaspace       used 5100K, committed 5312K, reserved 1114112K
  class space    used 595K, committed 704K, reserved 1048576K
}
Event: 0.315 GC heap after
{Heap after GC invocations=1 (full 0):
 garbage-first heap   total 532480K, used 7001K [0x0000000600000000, 0x0000000800000000)
  region size 4096K, 1 young (4096K), 1 survivors (4096K)
 Metaspace       used 5100K, committed 5312K, reserved 1114112K
  class space    used 595K, committed 704K, reserved 1048576K
}
Event: 0.614 GC heap before
{Heap before GC invocations=1 (full 0):
 garbage-first heap   total 532480K, used 35673K [0x0000000600000000, 0x0000000800000000)
  region size 4096K, 9 young (36864K), 1 survivors (4096K)
 Metaspace       used 11730K, committed 11968K, reserved 1114112K
  class space    used 1393K, committed 1536K, reserved 1048576K
}
Event: 0.616 GC heap after
{Heap after GC invocations=2 (full 0):
 garbage-first heap   total 532480K, used 9728K [0x0000000600000000, 0x0000000800000000)
  region size 4096K, 2 young (8192K), 2 survivors (8192K)
 Metaspace       used 11730K, committed 11968K, reserved 1114112K
  class space    used 1393K, committed 1536K, reserved 1048576K
}
Event: 1.351 GC heap before
{Heap before GC invocations=2 (full 0):
 garbage-first heap   total 532480K, used 157184K [0x0000000600000000, 0x0000000800000000)
  region size 4096K, 39 young (159744K), 2 survivors (8192K)
 Metaspace       used 21159K, committed 21504K, reserved 1114112K
  class space    used 2611K, committed 2816K, reserved 1048576K
}
Event: 1.358 GC heap after
{Heap after GC invocations=3 (full 0):
 garbage-first heap   total 532480K, used 21429K [0x0000000600000000, 0x0000000800000000)
  region size 4096K, 5 young (20480K), 5 survivors (20480K)
 Metaspace       used 21159K, committed 21504K, reserved 1114112K
  class space    used 2611K, committed 2816K, reserved 1048576K
}

Deoptimization events (20 events):
Event: 8.094 Thread 0x0000000139bac200 Uncommon trap: trap_request=0xffffff45 fr.pc=0x00000001145f210c relative=0x000000000000090c
Event: 8.094 Thread 0x0000000139bac200 Uncommon trap: reason=unstable_if action=reinterpret pc=0x00000001145f210c method=com.sun.javafx.sg.prism.NGNode.computeNodeRenderRoot(Lcom/sun/javafx/sg/prism/NodePath;Lcom/sun/javafx/geom/RectBounds;ILcom/sun/javafx/geom/transform/BaseTransform;Lcom/sun
Event: 8.094 Thread 0x0000000139bac200 DEOPT PACKING pc=0x00000001145f210c sp=0x0000000179059c80
Event: 8.094 Thread 0x0000000139bac200 DEOPT UNPACKING pc=0x000000010c92ed1c sp=0x0000000179059c10 mode 2
Event: 8.094 Thread 0x0000000139bac200 Uncommon trap: trap_request=0xffffffc6 fr.pc=0x00000001145f442c relative=0x000000000000026c
Event: 8.095 Thread 0x0000000139bac200 Uncommon trap: reason=bimorphic_or_optimized_type_check action=maybe_recompile pc=0x00000001145f442c method=com.sun.javafx.sg.prism.NGNode.render(Lcom/sun/prism/Graphics;)V @ 13 c2
Event: 8.095 Thread 0x0000000139bac200 DEOPT PACKING pc=0x00000001145f442c sp=0x0000000179059a00
Event: 8.095 Thread 0x0000000139bac200 DEOPT UNPACKING pc=0x000000010c92ed1c sp=0x00000001790599a0 mode 2
Event: 8.095 Thread 0x0000000139bac200 Uncommon trap: trap_request=0xffffff45 fr.pc=0x00000001145ebb14 relative=0x00000000000000d4
Event: 8.095 Thread 0x0000000139bac200 Uncommon trap: reason=unstable_if action=reinterpret pc=0x00000001145ebb14 method=com.sun.prism.impl.BaseContext.flushMask()V @ 11 c2
Event: 8.095 Thread 0x0000000139bac200 DEOPT PACKING pc=0x00000001145ebb14 sp=0x0000000179058f70
Event: 8.095 Thread 0x0000000139bac200 DEOPT UNPACKING pc=0x000000010c92ed1c sp=0x0000000179058df0 mode 2
Event: 8.095 Thread 0x0000000139bac200 Uncommon trap: trap_request=0xffffff45 fr.pc=0x00000001145eb42c relative=0x000000000000032c
Event: 8.095 Thread 0x0000000139bac200 Uncommon trap: reason=unstable_if action=reinterpret pc=0x00000001145eb42c method=com.sun.javafx.geom.transform.AffineBase.updateState2D()V @ 86 c2
Event: 8.095 Thread 0x0000000139bac200 DEOPT PACKING pc=0x00000001145eb42c sp=0x00000001790596a0
Event: 8.095 Thread 0x0000000139bac200 DEOPT UNPACKING pc=0x000000010c92ed1c sp=0x0000000179059540 mode 2
Event: 8.095 Thread 0x0000000139bac200 Uncommon trap: trap_request=0xffffff45 fr.pc=0x00000001145ef6cc relative=0x000000000000038c
Event: 8.095 Thread 0x0000000139bac200 Uncommon trap: reason=unstable_if action=reinterpret pc=0x00000001145ef6cc method=com.sun.javafx.geom.transform.AffineBase.updateState2D()V @ 86 c2
Event: 8.095 Thread 0x0000000139bac200 DEOPT PACKING pc=0x00000001145ef6cc sp=0x0000000179059680
Event: 8.095 Thread 0x0000000139bac200 DEOPT UNPACKING pc=0x000000010c92ed1c sp=0x00000001790594b0 mode 2

Classes loaded (20 events):
Event: 1.587 Loading class java/util/WeakHashMap$EntryIterator
Event: 1.587 Loading class java/util/WeakHashMap$EntryIterator done
Event: 1.634 Loading class jdk/internal/ref/CleanerImpl$InnocuousThreadFactory
Event: 1.634 Loading class jdk/internal/ref/CleanerImpl$InnocuousThreadFactory done
Event: 1.643 Loading class java/nio/DirectByteBuffer$Deallocator
Event: 1.643 Loading class java/nio/DirectByteBuffer$Deallocator done
Event: 1.643 Loading class java/nio/DirectShortBufferU
Event: 1.643 Loading class java/nio/ShortBuffer
Event: 1.643 Loading class java/nio/ShortBuffer done
Event: 1.643 Loading class java/nio/DirectShortBufferU done
Event: 1.651 Loading class java/nio/FloatBuffer
Event: 1.651 Loading class java/nio/FloatBuffer done
Event: 1.651 Loading class java/nio/DoubleBuffer
Event: 1.651 Loading class java/nio/DoubleBuffer done
Event: 1.882 Loading class java/util/EnumMap$Values
Event: 1.882 Loading class java/util/EnumMap$Values done
Event: 1.882 Loading class java/util/EnumMap$ValueIterator
Event: 1.882 Loading class java/util/EnumMap$EnumMapIterator
Event: 1.882 Loading class java/util/EnumMap$EnumMapIterator done
Event: 1.882 Loading class java/util/EnumMap$ValueIterator done

Classes unloaded (0 events):
No events

Classes redefined (0 events):
No events

Internal exceptions (20 events):
Event: 1.047 Thread 0x0000000149808800 Exception <a 'java/lang/NoSuchMethodError'{0x0000000618680a10}: 'long java.lang.invoke.DelegatingMethodHandle$Holder.reinvoke_L(java.lang.Object, java.lang.Object)'> (0x0000000618680a10) 
thrown [src/hotspot/share/interpreter/linkResolver.cpp, line 766]
Event: 1.047 Thread 0x0000000149808800 Exception <a 'java/lang/NoSuchMethodError'{0x000000061868b1a8}: 'void java.lang.invoke.DelegatingMethodHandle$Holder.reinvoke_L(java.lang.Object, java.lang.Object, long)'> (0x000000061868b1a8) 
thrown [src/hotspot/share/interpreter/linkResolver.cpp, line 766]
Event: 1.056 Thread 0x0000000149a55000 Exception <a 'java/lang/NoSuchMethodError'{0x00000006187b28b8}: 'void java.lang.invoke.DirectMethodHandle$Holder.invokeStatic(java.lang.Object, java.lang.Object)'> (0x00000006187b28b8) 
thrown [src/hotspot/share/interpreter/linkResolver.cpp, line 766]
Event: 1.060 Thread 0x0000000149a55000 Exception <a 'java/lang/NoSuchMethodError'{0x00000006180c2448}: 'java.lang.Object java.lang.invoke.DirectMethodHandle$Holder.invokeStaticInit(java.lang.Object)'> (0x00000006180c2448) 
thrown [src/hotspot/share/interpreter/linkResolver.cpp, line 766]
Event: 1.072 Thread 0x0000000149cfa200 Exception <a 'java/lang/NoSuchMethodError'{0x00000006183074f8}: 'java.lang.Object java.lang.invoke.DirectMethodHandle$Holder.invokeStatic(java.lang.Object, int, java.lang.Object)'> (0x00000006183074f8) 
thrown [src/hotspot/share/interpreter/linkResolver.cpp, line 766]
Event: 1.075 Thread 0x0000000149cfa200 Exception <a 'java/lang/ClassNotFoundException'{0x0000000618338c88}: sun/util/logging/resources/spi/loggingProvider> (0x0000000618338c88) 
thrown [src/hotspot/share/classfile/systemDictionary.cpp, line 255]
Event: 1.092 Thread 0x0000000149cfa200 Exception <a 'java/lang/NoSuchMethodError'{0x0000000617d11be0}: 'void java.lang.invoke.DirectMethodHandle$Holder.invokeStatic(java.lang.Object, java.lang.Object, java.lang.Object)'> (0x0000000617d11be0) 
thrown [src/hotspot/share/interpreter/linkResolver.cpp, line 766]
Event: 1.135 Thread 0x0000000149cfa200 Exception <a 'java/lang/NoSuchMethodError'{0x0000000617d2c858}: 'int java.lang.invoke.DirectMethodHandle$Holder.invokeStaticInit(java.lang.Object, java.lang.Object, java.lang.Object)'> (0x0000000617d2c858) 
thrown [src/hotspot/share/interpreter/linkResolver.cpp, line 766]
Event: 1.243 Thread 0x00000001497ade00 Exception <a 'java/lang/NoSuchMethodError'{0x0000000617889058}: 'void java.lang.invoke.DirectMethodHandle$Holder.invokeStaticInit(java.lang.Object)'> (0x0000000617889058) 
thrown [src/hotspot/share/interpreter/linkResolver.cpp, line 766]
Event: 1.244 Thread 0x0000000149cfa200 Exception <a 'java/lang/NoSuchMethodError'{0x0000000617dd02c0}: 'void java.lang.invoke.DirectMethodHandle$Holder.invokeStatic(java.lang.Object, java.lang.Object, java.lang.Object, java.lang.Object)'> (0x0000000617dd02c0) 
thrown [src/hotspot/share/interpreter/linkResolver.cpp, line 766]
Event: 1.271 Thread 0x00000001497ade00 Exception <a 'java/lang/NoSuchMethodError'{0x0000000617134f30}: 'java.lang.Object java.lang.invoke.DirectMethodHandle$Holder.invokeStaticInit(java.lang.Object, java.lang.Object, java.lang.Object, java.lang.Object)'> (0x0000000617134f30) 
thrown [src/hotspot/share/interpreter/linkResolver.cpp, line 766]
Event: 1.278 Thread 0x00000001497ade00 Exception <a 'java/lang/NullPointerException'{0x0000000617212370}> (0x0000000617212370) 
thrown [src/hotspot/share/interpreter/linkResolver.cpp, line 1357]
Event: 1.327 Thread 0x00000001497ade00 Exception <a 'java/lang/NoSuchMethodError'{0x0000000616f941f8}: 'void java.lang.invoke.DirectMethodHandle$Holder.invokeStaticInit(java.lang.Object, java.lang.Object)'> (0x0000000616f941f8) 
thrown [src/hotspot/share/interpreter/linkResolver.cpp, line 766]
Event: 1.380 Thread 0x00000001497ade00 Exception <a 'java/lang/NoSuchMethodError'{0x0000000604967c68}: 'java.lang.Object java.lang.invoke.DirectMethodHandle$Holder.invokeInterface(java.lang.Object, java.lang.Object)'> (0x0000000604967c68) 
thrown [src/hotspot/share/interpreter/linkResolver.cpp, line 766]
Event: 1.560 Thread 0x00000001497ade00 Exception <a 'java/lang/NoSuchMethodError'{0x00000006045b4300}: 'void java.lang.invoke.DirectMethodHandle$Holder.invokeSpecial(java.lang.Object, java.lang.Object, java.lang.Object, java.lang.Object, java.lang.Object)'> (0x00000006045b4300) 
thrown [src/hotspot/share/interpreter/linkResolver.cpp, line 766]
Event: 1.560 Thread 0x00000001497ade00 Exception <a 'java/lang/NoSuchMethodError'{0x00000006045c37a8}: 'java.lang.Object java.lang.invoke.DirectMethodHandle$Holder.invokeInterface(java.lang.Object, java.lang.Object, java.lang.Object)'> (0x00000006045c37a8) 
thrown [src/hotspot/share/interpreter/linkResolver.cpp, line 766]
Event: 1.560 Thread 0x00000001497ade00 Exception <a 'java/lang/IncompatibleClassChangeError'{0x00000006045c7128}: Found class java.lang.Object, but interface was expected> (0x00000006045c7128) 
thrown [src/hotspot/share/interpreter/linkResolver.cpp, line 833]
Event: 1.573 Thread 0x00000001497ade00 Exception <a 'java/lang/NoSuchMethodError'{0x00000006046b0a70}: 'int java.lang.invoke.DirectMethodHandle$Holder.invokeSpecial(java.lang.Object, java.lang.Object, int)'> (0x00000006046b0a70) 
thrown [src/hotspot/share/interpreter/linkResolver.cpp, line 766]
Event: 1.585 Thread 0x00000001497ade00 Exception <a 'java/lang/NoSuchMethodError'{0x0000000604720bf8}: 'java.lang.Object java.lang.invoke.DirectMethodHandle$Holder.newInvokeSpecial(java.lang.Object, java.lang.Object, int)'> (0x0000000604720bf8) 
thrown [src/hotspot/share/interpreter/linkResolver.cpp, line 766]
Event: 1.622 Thread 0x0000000139bac200 Exception <a 'java/lang/NoSuchMethodError'{0x0000000604217bb8}: 'int java.lang.invoke.DirectMethodHandle$Holder.invokeStaticInit(java.lang.Object, java.lang.Object)'> (0x0000000604217bb8) 
thrown [src/hotspot/share/interpreter/linkResolver.cpp, line 766]

VM Operations (20 events):
Event: 8.203 Executing VM operation: Cleanup
Event: 8.203 Executing VM operation: Cleanup done
Event: 9.208 Executing VM operation: Cleanup
Event: 9.208 Executing VM operation: Cleanup done
Event: 10.213 Executing VM operation: Cleanup
Event: 10.213 Executing VM operation: Cleanup done
Event: 11.217 Executing VM operation: Cleanup
Event: 11.217 Executing VM operation: Cleanup done
Event: 12.218 Executing VM operation: Cleanup
Event: 12.218 Executing VM operation: Cleanup done
Event: 13.223 Executing VM operation: Cleanup
Event: 13.223 Executing VM operation: Cleanup done
Event: 15.230 Executing VM operation: Cleanup
Event: 15.230 Executing VM operation: Cleanup done
Event: 18.243 Executing VM operation: Cleanup
Event: 18.243 Executing VM operation: Cleanup done
Event: 21.256 Executing VM operation: Cleanup
Event: 21.256 Executing VM operation: Cleanup done
Event: 22.260 Executing VM operation: Cleanup
Event: 22.260 Executing VM operation: Cleanup done

Events (20 events):
Event: 1.147 Thread 0x000000013953e400 Thread added: 0x000000013953e400
Event: 1.147 Protecting memory [0x0000000179064000,0x0000000179070000] with protection modes 0
Event: 1.147 Protecting memory [0x000000016c8d0000,0x000000016c8dc000] with protection modes 0
Event: 1.147 Thread 0x00000001497ade00 Thread added: 0x00000001497ade00
Event: 1.179 Thread 0x000000013ba52c00 Thread added: 0x000000013ba52c00
Event: 1.179 Protecting memory [0x0000000179270000,0x000000017927c000] with protection modes 0
Event: 1.223 Protecting memory [0x0000000179270000,0x000000017927c000] with protection modes 3
Event: 1.223 Thread 0x000000013ba52c00 Thread exited: 0x000000013ba52c00
Event: 1.251 Protecting memory [0x0000000179270000,0x000000017927c000] with protection modes 0
Event: 1.251 Thread 0x0000000149ddb800 Thread added: 0x0000000149ddb800
Event: 1.299 Loading shared library /Users/mira/.m2/repository/org/openjfx/javafx-graphics/17.0.1/libjavafx_font.dylib failed, dlopen(/Users/mira/.m2/repository/org/openjfx/javafx-graphics/17.0.1/libjavafx_font.dylib, 0x0001): tried: '/Users/mira/.m2/repository/org/op
Event: 1.300 Loaded shared library /Users/mira/.openjfx/cache/17.0.1/libjavafx_font.dylib
Event: 1.331 Thread 0x000000013ba8c000 Thread added: 0x000000013ba8c000
Event: 1.331 Protecting memory [0x0000000179388000,0x0000000179394000] with protection modes 0
Event: 1.558 Thread 0x000000013956c600 Thread added: 0x000000013956c600
Event: 1.558 Protecting memory [0x00000001797a0000,0x00000001797ac000] with protection modes 0
Event: 1.634 Thread 0x0000000149e02c00 Thread added: 0x0000000149e02c00
Event: 1.634 Protecting memory [0x0000000179a38000,0x0000000179a44000] with protection modes 0
Event: 1.751 Protecting memory [0x0000000178834000,0x0000000178840000] with protection modes 3
Event: 1.751 Thread 0x0000000149105000 Thread exited: 0x0000000149105000


Dynamic libraries:
0x0000000102e68000 	/opt/homebrew/Cellar/openjdk/18/libexec/openjdk.jdk/Contents/Home/lib/libjli.dylib
0x00000001ae94c000 	/usr/lib/libz.1.dylib
0x00000001aea03000 	/usr/lib/libSystem.B.dylib
0x00000001ae9fd000 	/usr/lib/system/libcache.dylib
0x00000001ae9bb000 	/usr/lib/system/libcommonCrypto.dylib
0x00000001ae9e4000 	/usr/lib/system/libcompiler_rt.dylib
0x00000001ae9db000 	/usr/lib/system/libcopyfile.dylib
0x00000001a3c43000 	/usr/lib/system/libcorecrypto.dylib
0x00000001a3cf6000 	/usr/lib/system/libdispatch.dylib
0x00000001a3ec4000 	/usr/lib/system/libdyld.dylib
0x00000001ae9f3000 	/usr/lib/system/libkeymgr.dylib
0x00000001ae996000 	/usr/lib/system/libmacho.dylib
0x00000001ae08b000 	/usr/lib/system/libquarantine.dylib
0x00000001ae9f0000 	/usr/lib/system/libremovefile.dylib
0x00000001a902c000 	/usr/lib/system/libsystem_asl.dylib
0x00000001a3be5000 	/usr/lib/system/libsystem_blocks.dylib
0x00000001a3d7e000 	/usr/lib/system/libsystem_c.dylib
0x00000001ae9e8000 	/usr/lib/system/libsystem_collections.dylib
0x00000001ad519000 	/usr/lib/system/libsystem_configuration.dylib
0x00000001ac775000 	/usr/lib/system/libsystem_containermanager.dylib
0x00000001ae6f8000 	/usr/lib/system/libsystem_coreservices.dylib
0x00000001a65ec000 	/usr/lib/system/libsystem_darwin.dylib
0x00000001ae9f4000 	/usr/lib/system/libsystem_dnssd.dylib
0x00000001a3d7b000 	/usr/lib/system/libsystem_featureflags.dylib
0x00000001a3ed9000 	/usr/lib/system/libsystem_info.dylib
0x00000001ae95e000 	/usr/lib/system/libsystem_m.dylib
0x00000001a3ccb000 	/usr/lib/system/libsystem_malloc.dylib
0x00000001a8fbb000 	/usr/lib/system/libsystem_networkextension.dylib
0x00000001a6a45000 	/usr/lib/system/libsystem_notify.dylib
0x00000001b4d41000 	/usr/lib/system/libsystem_product_info_filter.dylib
0x00000001ad51e000 	/usr/lib/system/libsystem_sandbox.dylib
0x00000001ae9ed000 	/usr/lib/system/libsystem_secinit.dylib
0x00000001a3e7f000 	/usr/lib/system/libsystem_kernel.dylib
0x00000001a3ed1000 	/usr/lib/system/libsystem_platform.dylib
0x00000001a3eb7000 	/usr/lib/system/libsystem_pthread.dylib
0x00000001aa784000 	/usr/lib/system/libsystem_symptoms.dylib
0x00000001a3c29000 	/usr/lib/system/libsystem_trace.dylib
0x00000001ae9c8000 	/usr/lib/system/libunwind.dylib
0x00000001a3be7000 	/usr/lib/system/libxpc.dylib
0x00000001a3e67000 	/usr/lib/libc++abi.dylib
0x00000001a3d3d000 	/usr/lib/libobjc.A.dylib
0x00000001ae9d3000 	/usr/lib/liboah.dylib
0x00000001a3e00000 	/usr/lib/libc++.1.dylib
0x00000001ba85a000 	/System/Library/Frameworks/Cocoa.framework/Versions/A/Cocoa
0x00000001a6aa6000 	/System/Library/Frameworks/AppKit.framework/Versions/C/AppKit
0x00000001a9fac000 	/System/Library/Frameworks/CoreData.framework/Versions/A/CoreData
0x00000001a4e01000 	/System/Library/Frameworks/Foundation.framework/Versions/C/Foundation
0x00000001a795e000 	/System/Library/PrivateFrameworks/UIFoundation.framework/Versions/A/UIFoundation
0x00000001b4a3b000 	/System/Library/PrivateFrameworks/RemoteViewServices.framework/Versions/A/RemoteViewServices
0x00000001acec1000 	/System/Library/PrivateFrameworks/XCTTargetBootstrap.framework/Versions/A/XCTTargetBootstrap
0x00000001b073f000 	/System/Library/PrivateFrameworks/InternationalSupport.framework/Versions/A/InternationalSupport
0x00000001b07c8000 	/System/Library/PrivateFrameworks/UserActivity.framework/Versions/A/UserActivity
0x00000001afc3a000 	/usr/lib/libspindump.dylib
0x00000001a7bcf000 	/System/Library/Frameworks/UniformTypeIdentifiers.framework/Versions/A/UniformTypeIdentifiers
0x00000001ab40c000 	/usr/lib/libapp_launch_measurement.dylib
0x00000001aa936000 	/System/Library/PrivateFrameworks/CoreAnalytics.framework/Versions/A/CoreAnalytics
0x00000001ab40f000 	/System/Library/PrivateFrameworks/CoreAutoLayout.framework/Versions/A/CoreAutoLayout
0x00000001ac7b2000 	/System/Library/Frameworks/Metal.framework/Versions/A/Metal
0x00000001ad529000 	/usr/lib/liblangid.dylib
0x00000001acec6000 	/System/Library/PrivateFrameworks/CoreSVG.framework/Versions/A/CoreSVG
0x00000001a9060000 	/System/Library/PrivateFrameworks/SkyLight.framework/Versions/A/SkyLight
0x00000001a9435000 	/System/Library/Frameworks/CoreGraphics.framework/Versions/A/CoreGraphics
0x00000001b5107000 	/System/Library/Frameworks/Accelerate.framework/Versions/A/Accelerate
0x00000001af6b1000 	/System/Library/PrivateFrameworks/IconServices.framework/Versions/A/IconServices
0x00000001ac794000 	/System/Library/Frameworks/IOSurface.framework/Versions/A/IOSurface
0x00000001aa967000 	/usr/lib/libDiagnosticMessagesClient.dylib
0x00000001b8608000 	/System/Library/Frameworks/ApplicationServices.framework/Versions/A/ApplicationServices
0x00000001acea9000 	/System/Library/PrivateFrameworks/DFRFoundation.framework/Versions/A/DFRFoundation
0x00000001a6336000 	/usr/lib/libicucore.A.dylib
0x00000001b15eb000 	/System/Library/Frameworks/AudioToolbox.framework/Versions/A/AudioToolbox
0x00000001b074b000 	/System/Library/PrivateFrameworks/DataDetectorsCore.framework/Versions/A/DataDetectorsCore
0x00000001c708b000 	/System/Library/PrivateFrameworks/TextInput.framework/Versions/A/TextInput
0x00000001a8fd5000 	/usr/lib/libMobileGestalt.dylib
0x00000001acb75000 	/System/Library/Frameworks/Carbon.framework/Versions/A/Frameworks/HIToolbox.framework/Versions/A/HIToolbox
0x00000001aade8000 	/System/Library/Frameworks/QuartzCore.framework/Versions/A/QuartzCore
0x00000001a5fb9000 	/System/Library/Frameworks/Security.framework/Versions/A/Security
0x00000001b4a7b000 	/System/Library/Frameworks/Carbon.framework/Versions/A/Frameworks/SpeechRecognition.framework/Versions/A/SpeechRecognition
0x00000001ab162000 	/System/Library/PrivateFrameworks/CoreUI.framework/Versions/A/CoreUI
0x00000001a5896000 	/System/Library/Frameworks/CoreAudio.framework/Versions/A/CoreAudio
0x00000001aaa5c000 	/System/Library/Frameworks/DiskArbitration.framework/Versions/A/DiskArbitration
0x00000001b0044000 	/System/Library/PrivateFrameworks/MultitouchSupport.framework/Versions/A/MultitouchSupport
0x00000001a8fd3000 	/usr/lib/libenergytrace.dylib
0x00000001a696e000 	/System/Library/Frameworks/IOKit.framework/Versions/A/IOKit
0x00000001b4e6a000 	/System/Library/Frameworks/CoreServices.framework/Versions/A/CoreServices
0x00000001ab39c000 	/System/Library/PrivateFrameworks/PerformanceAnalysis.framework/Versions/A/PerformanceAnalysis
0x0000000205373000 	/System/Library/Frameworks/OpenGL.framework/Versions/A/OpenGL
0x00000001adfa3000 	/System/Library/PrivateFrameworks/MobileKeyBag.framework/Versions/A/MobileKeyBag
0x00000001a9a42000 	/System/Library/Frameworks/ColorSync.framework/Versions/A/ColorSync
0x00000001a3f06000 	/System/Library/Frameworks/CoreFoundation.framework/Versions/A/CoreFoundation
0x00000001ad145000 	/System/Library/Frameworks/CoreImage.framework/Versions/A/CoreImage
0x00000001a56ba000 	/System/Library/Frameworks/CoreText.framework/Versions/A/CoreText
0x00000001acef6000 	/System/Library/Frameworks/ImageIO.framework/Versions/A/ImageIO
0x00000001aea09000 	/System/Library/PrivateFrameworks/SoftLinking.framework/Versions/A/SoftLinking
0x00000001ab45a000 	/usr/lib/libxml2.2.dylib
0x00000001aeca2000 	/usr/lib/libcompression.dylib
0x00000001b069b000 	/System/Library/PrivateFrameworks/TextureIO.framework/Versions/A/TextureIO
0x00000001af3ca000 	/usr/lib/libate.dylib
0x00000001af28f000 	/usr/lib/liblzma.5.dylib
0x00000001a4af5000 	/System/Library/Frameworks/SystemConfiguration.framework/Versions/A/SystemConfiguration
0x00000001aea05000 	/usr/lib/libfakelink.dylib
0x00000001a8b07000 	/System/Library/Frameworks/CFNetwork.framework/Versions/A/CFNetwork
0x00000001aeb4b000 	/usr/lib/libarchive.2.dylib
0x00000001ad525000 	/System/Library/PrivateFrameworks/AppleSystemInfo.framework/Versions/A/AppleSystemInfo
0x00000001ae0b6000 	/usr/lib/libbsm.0.dylib
0x00000001a8078000 	/usr/lib/libnetwork.dylib
0x00000001ae99f000 	/usr/lib/system/libkxld.dylib
0x00000001adcc9000 	/System/Library/PrivateFrameworks/IOMobileFramebuffer.framework/Versions/A/IOMobileFramebuffer
0x0000000222c9f000 	/usr/lib/libCoreEntitlements.dylib
0x00000001ae6da000 	/System/Library/PrivateFrameworks/AppleFSCompression.framework/Versions/A/AppleFSCompression
0x00000001ae09e000 	/usr/lib/libcoretls.dylib
0x00000001af2a8000 	/usr/lib/libcoretls_cfhelpers.dylib
0x00000001aec9d000 	/usr/lib/libpam.2.dylib
0x00000001aa39b000 	/usr/lib/libsqlite3.dylib
0x00000001af311000 	/usr/lib/libxar.1.dylib
0x00000001ae6eb000 	/usr/lib/libbz2.1.0.dylib
0x00000001aea0a000 	/usr/lib/libpcap.A.dylib
0x00000001aa77b000 	/usr/lib/libdns_services.dylib
0x00000001aec70000 	/usr/lib/libapple_nghttp2.dylib
0x00000001aea47000 	/usr/lib/libiconv.2.dylib
0x00000001ae995000 	/usr/lib/libcharset.1.dylib
0x00000001ab3d8000 	/System/Library/Frameworks/CoreServices.framework/Versions/A/Frameworks/FSEvents.framework/Versions/A/FSEvents
0x00000001a65f7000 	/System/Library/Frameworks/CoreServices.framework/Versions/A/Frameworks/CarbonCore.framework/Versions/A/CarbonCore
0x00000001aa9bc000 	/System/Library/Frameworks/CoreServices.framework/Versions/A/Frameworks/Metadata.framework/Versions/A/Metadata
0x00000001ae6fe000 	/System/Library/Frameworks/CoreServices.framework/Versions/A/Frameworks/OSServices.framework/Versions/A/OSServices
0x00000001aebd1000 	/System/Library/Frameworks/CoreServices.framework/Versions/A/Frameworks/SearchKit.framework/Versions/A/SearchKit
0x00000001aa70a000 	/System/Library/Frameworks/CoreServices.framework/Versions/A/Frameworks/AE.framework/Versions/A/AE
0x00000001a444c000 	/System/Library/Frameworks/CoreServices.framework/Versions/A/Frameworks/LaunchServices.framework/Versions/A/LaunchServices
0x00000001af238000 	/System/Library/Frameworks/CoreServices.framework/Versions/A/Frameworks/DictionaryServices.framework/Versions/A/DictionaryServices
0x00000001ab3e5000 	/System/Library/Frameworks/CoreServices.framework/Versions/A/Frameworks/SharedFileList.framework/Versions/A/SharedFileList
0x00000001ae08e000 	/usr/lib/libCheckFix.dylib
0x00000001a9044000 	/System/Library/PrivateFrameworks/TCC.framework/Versions/A/TCC
0x00000001ad52b000 	/System/Library/PrivateFrameworks/CoreNLP.framework/Versions/A/CoreNLP
0x00000001aa96a000 	/System/Library/PrivateFrameworks/MetadataUtilities.framework/Versions/A/MetadataUtilities
0x00000001a4bae000 	/usr/lib/libmecabra.dylib
0x00000001ae0c7000 	/usr/lib/libmecab.dylib
0x00000001a4b7a000 	/usr/lib/libCRFSuite.dylib
0x00000001ae124000 	/usr/lib/libgermantok.dylib
0x00000001aec49000 	/usr/lib/libThaiTokenizer.dylib
0x00000001aaa64000 	/System/Library/Frameworks/Accelerate.framework/Versions/A/Frameworks/vImage.framework/Versions/A/vImage
0x00000001b4e41000 	/System/Library/Frameworks/Accelerate.framework/Versions/A/Frameworks/vecLib.framework/Versions/A/vecLib
0x00000001af356000 	/System/Library/Frameworks/Accelerate.framework/Versions/A/Frameworks/vecLib.framework/Versions/A/libvMisc.dylib
0x00000001adbd0000 	/System/Library/Frameworks/Accelerate.framework/Versions/A/Frameworks/vecLib.framework/Versions/A/libvDSP.dylib
0x00000001a47d5000 	/System/Library/Frameworks/Accelerate.framework/Versions/A/Frameworks/vecLib.framework/Versions/A/libBLAS.dylib
0x00000001aed73000 	/System/Library/Frameworks/Accelerate.framework/Versions/A/Frameworks/vecLib.framework/Versions/A/libLAPACK.dylib
0x00000001ae127000 	/System/Library/Frameworks/Accelerate.framework/Versions/A/Frameworks/vecLib.framework/Versions/A/libLinearAlgebra.dylib
0x00000001aec88000 	/System/Library/Frameworks/Accelerate.framework/Versions/A/Frameworks/vecLib.framework/Versions/A/libSparseBLAS.dylib
0x00000001aed6e000 	/System/Library/Frameworks/Accelerate.framework/Versions/A/Frameworks/vecLib.framework/Versions/A/libQuadrature.dylib
0x00000001ad624000 	/System/Library/Frameworks/Accelerate.framework/Versions/A/Frameworks/vecLib.framework/Versions/A/libBNNS.dylib
0x00000001a4a93000 	/System/Library/Frameworks/Accelerate.framework/Versions/A/Frameworks/vecLib.framework/Versions/A/libSparse.dylib
0x00000001ad61c000 	/System/Library/PrivateFrameworks/LinguisticData.framework/Versions/A/LinguisticData
0x00000001a4a4b000 	/System/Library/PrivateFrameworks/Lexicon.framework/Versions/A/Lexicon
0x00000001af34e000 	/usr/lib/libChineseTokenizer.dylib
0x00000001a51f2000 	/System/Library/PrivateFrameworks/LanguageModeling.framework/Versions/A/LanguageModeling
0x00000001aec4b000 	/System/Library/PrivateFrameworks/AppleSauce.framework/Versions/A/AppleSauce
0x00000001adcb6000 	/System/Library/PrivateFrameworks/CoreEmoji.framework/Versions/A/CoreEmoji
0x00000001aeb39000 	/usr/lib/libcmph.dylib
0x00000001ab3b8000 	/System/Library/Frameworks/OpenDirectory.framework/Versions/A/Frameworks/CFOpenDirectory.framework/Versions/A/CFOpenDirectory
0x00000001ab3a8000 	/System/Library/Frameworks/OpenDirectory.framework/Versions/A/OpenDirectory
0x00000001af2aa000 	/System/Library/PrivateFrameworks/APFS.framework/Versions/A/APFS
0x00000001adfde000 	/System/Library/Frameworks/SecurityFoundation.framework/Versions/A/SecurityFoundation
0x00000001af320000 	/usr/lib/libutil.dylib
0x00000001a6930000 	/System/Library/PrivateFrameworks/CoreServicesStore.framework/Versions/A/CoreServicesStore
0x00000001af324000 	/usr/lib/libxslt.1.dylib
0x00000001ae072000 	/System/Library/PrivateFrameworks/BackgroundTaskManagement.framework/Versions/A/BackgroundTaskManagement
0x00000001b05bc000 	/System/Library/Frameworks/ImageIO.framework/Versions/A/Resources/libRadiance.dylib
0x00000001b05c5000 	/System/Library/Frameworks/ImageIO.framework/Versions/A/Resources/libJPEG.dylib
0x00000001b0518000 	/System/Library/Frameworks/ImageIO.framework/Versions/A/Resources/libPng.dylib
0x00000001b053a000 	/System/Library/Frameworks/ImageIO.framework/Versions/A/Resources/libTIFF.dylib
0x00000001b0620000 	/System/Library/Frameworks/ImageIO.framework/Versions/A/Resources/libGIF.dylib
0x00000001aff54000 	/System/Library/Frameworks/ImageIO.framework/Versions/A/Resources/libJP2.dylib
0x00000001af676000 	/usr/lib/libexpat.1.dylib
0x00000001aff0f000 	/System/Library/PrivateFrameworks/AppleJPEG.framework/Versions/A/AppleJPEG
0x00000001aca31000 	/System/Library/PrivateFrameworks/FontServices.framework/libFontParser.dylib
0x00000001aa6af000 	/System/Library/PrivateFrameworks/RunningBoardServices.framework/Versions/A/RunningBoardServices
0x00000001baf2d000 	/System/Library/PrivateFrameworks/IOSurfaceAccelerator.framework/Versions/A/IOSurfaceAccelerator
0x00000001b0040000 	/System/Library/PrivateFrameworks/WatchdogClient.framework/Versions/A/WatchdogClient
0x00000001a52f6000 	/System/Library/Frameworks/CoreDisplay.framework/Versions/A/CoreDisplay
0x00000001ac91b000 	/System/Library/Frameworks/CoreMedia.framework/Versions/A/CoreMedia
0x00000001ac7a8000 	/System/Library/PrivateFrameworks/IOAccelerator.framework/Versions/A/IOAccelerator
0x00000001ab548000 	/System/Library/Frameworks/CoreVideo.framework/Versions/A/CoreVideo
0x00000001aec9b000 	/System/Library/Frameworks/MetalPerformanceShaders.framework/Versions/A/MetalPerformanceShaders
0x00000001b007f000 	/System/Library/Frameworks/VideoToolbox.framework/Versions/A/VideoToolbox
0x00000001aa5f3000 	/System/Library/PrivateFrameworks/BaseBoard.framework/Versions/A/BaseBoard
0x00000001aa381000 	/System/Library/PrivateFrameworks/ProtocolBuffer.framework/Versions/A/ProtocolBuffer
0x00000001b05b7000 	/System/Library/PrivateFrameworks/GPUWrangler.framework/Versions/A/GPUWrangler
0x00000001b0597000 	/System/Library/PrivateFrameworks/IOPresentment.framework/Versions/A/IOPresentment
0x00000001b05bf000 	/System/Library/PrivateFrameworks/DSExternalDisplay.framework/Versions/A/DSExternalDisplay
0x0000000205366000 	/System/Library/Frameworks/OpenGL.framework/Versions/A/Libraries/libCoreFSCache.dylib
0x000000020f825000 	/System/Library/PrivateFrameworks/GPUCompiler.framework/Versions/31001/Libraries/libGPUCompilerUtils.dylib
0x00000001b0625000 	/System/Library/PrivateFrameworks/CMCaptureCore.framework/Versions/A/CMCaptureCore
0x00000001afc27000 	/System/Library/PrivateFrameworks/AppServerSupport.framework/Versions/A/AppServerSupport
0x00000001b1ea8000 	/System/Library/PrivateFrameworks/perfdata.framework/Versions/A/perfdata
0x00000001a5416000 	/System/Library/PrivateFrameworks/AudioToolboxCore.framework/Versions/A/AudioToolboxCore
0x00000001ac8f4000 	/System/Library/PrivateFrameworks/caulk.framework/Versions/A/caulk
0x00000001b179d000 	/usr/lib/libAudioStatistics.dylib
0x00000001c36f2000 	/System/Library/PrivateFrameworks/SystemPolicy.framework/Versions/A/SystemPolicy
0x00000001b1a09000 	/usr/lib/libSMC.dylib
0x00000001ba73c000 	/System/Library/Frameworks/CoreMIDI.framework/Versions/A/CoreMIDI
0x00000001b04e6000 	/usr/lib/libAudioToolboxUtility.dylib
0x00000001bf7bf000 	/System/Library/PrivateFrameworks/OSAServicesClient.framework/Versions/A/OSAServicesClient
0x00000001b1eb5000 	/usr/lib/libperfcheck.dylib
0x00000001c420a000 	/usr/lib/libmis.dylib
0x00000002053c8000 	/System/Library/Frameworks/OpenGL.framework/Versions/A/Libraries/libGLU.dylib
0x0000000205387000 	/System/Library/Frameworks/OpenGL.framework/Versions/A/Libraries/libGFXShared.dylib
0x0000000205574000 	/System/Library/Frameworks/OpenGL.framework/Versions/A/Libraries/libGL.dylib
0x0000000205390000 	/System/Library/Frameworks/OpenGL.framework/Versions/A/Libraries/libGLImage.dylib
0x0000000205384000 	/System/Library/Frameworks/OpenGL.framework/Versions/A/Libraries/libCVMSPluginSupport.dylib
0x000000020536d000 	/System/Library/Frameworks/OpenGL.framework/Versions/A/Libraries/libCoreVMClient.dylib
0x00000001ad4a5000 	/System/Library/Frameworks/MetalPerformanceShaders.framework/Versions/A/Frameworks/MPSCore.framework/Versions/A/MPSCore
0x00000001ae64d000 	/System/Library/Frameworks/MetalPerformanceShaders.framework/Versions/A/Frameworks/MPSImage.framework/Versions/A/MPSImage
0x00000001ae13c000 	/System/Library/Frameworks/MetalPerformanceShaders.framework/Versions/A/Frameworks/MPSNeuralNetwork.framework/Versions/A/MPSNeuralNetwork
0x00000001ae575000 	/System/Library/Frameworks/MetalPerformanceShaders.framework/Versions/A/Frameworks/MPSMatrix.framework/Versions/A/MPSMatrix
0x00000001ae34e000 	/System/Library/Frameworks/MetalPerformanceShaders.framework/Versions/A/Frameworks/MPSRayIntersector.framework/Versions/A/MPSRayIntersector
0x00000001ae5a6000 	/System/Library/Frameworks/MetalPerformanceShaders.framework/Versions/A/Frameworks/MPSNDArray.framework/Versions/A/MPSNDArray
0x00000002074df000 	/System/Library/Frameworks/MetalPerformanceShaders.framework/Versions/A/Frameworks/MPSFunctions.framework/Versions/A/MPSFunctions
0x00000001a46ac000 	/System/Library/PrivateFrameworks/MetalTools.framework/Versions/A/MetalTools
0x00000001ad523000 	/System/Library/PrivateFrameworks/AggregateDictionary.framework/Versions/A/AggregateDictionary
0x00000001af45b000 	/usr/lib/libIOReport.dylib
0x00000001b975a000 	/System/Library/PrivateFrameworks/ASEProcessing.framework/Versions/A/ASEProcessing
0x00000001af7d0000 	/System/Library/PrivateFrameworks/FaceCore.framework/Versions/A/FaceCore
0x00000001af7c2000 	/System/Library/PrivateFrameworks/GraphVisualizer.framework/Versions/A/GraphVisualizer
0x000000020f73c000 	/System/Library/PrivateFrameworks/FontServices.framework/Versions/A/FontServices
0x00000001afbe3000 	/System/Library/PrivateFrameworks/OTSVG.framework/Versions/A/OTSVG
0x00000001ab112000 	/System/Library/Frameworks/ApplicationServices.framework/Versions/A/Frameworks/ATS.framework/Versions/A/Resources/libFontRegistry.dylib
0x00000001afc30000 	/System/Library/PrivateFrameworks/FontServices.framework/libhvf.dylib
0x000000020f73d000 	/System/Library/PrivateFrameworks/FontServices.framework/libXTFontStaticRegistryData.dylib
0x0000000205715000 	/System/Library/Frameworks/OpenCL.framework/Versions/A/OpenCL
0x00000001af62a000 	/System/Library/PrivateFrameworks/AppleVA.framework/Versions/A/AppleVA
0x00000001b17c5000 	/System/Library/Frameworks/ApplicationServices.framework/Versions/A/Frameworks/ATS.framework/Versions/A/ATS
0x00000001a9b3f000 	/System/Library/Frameworks/ApplicationServices.framework/Versions/A/Frameworks/HIServices.framework/Versions/A/HIServices
0x00000001b062f000 	/System/Library/Frameworks/ApplicationServices.framework/Versions/A/Frameworks/PrintCore.framework/Versions/A/PrintCore
0x00000001b1b5c000 	/System/Library/Frameworks/ApplicationServices.framework/Versions/A/Frameworks/QD.framework/Versions/A/QD
0x00000001b1b54000 	/System/Library/Frameworks/ApplicationServices.framework/Versions/A/Frameworks/ColorSyncLegacy.framework/Versions/A/ColorSyncLegacy
0x00000001b17b1000 	/System/Library/Frameworks/ApplicationServices.framework/Versions/A/Frameworks/SpeechSynthesis.framework/Versions/A/SpeechSynthesis
0x00000001b05f0000 	/System/Library/Frameworks/ApplicationServices.framework/Versions/A/Frameworks/ATSUI.framework/Versions/A/ATSUI
0x00000001b1ae9000 	/usr/lib/libcups.2.dylib
0x00000001b1ec3000 	/System/Library/Frameworks/Kerberos.framework/Versions/A/Kerberos
0x00000001b1ed4000 	/System/Library/Frameworks/GSS.framework/Versions/A/GSS
0x00000001b1835000 	/usr/lib/libresolv.9.dylib
0x00000001afc3f000 	/System/Library/PrivateFrameworks/Heimdal.framework/Versions/A/Heimdal
0x00000001b898f000 	/System/Library/Frameworks/Kerberos.framework/Versions/A/Libraries/libHeimdalProxy.dylib
0x00000001aa78d000 	/System/Library/Frameworks/Network.framework/Versions/A/Network
0x00000001af691000 	/usr/lib/libheimdal-asn1.dylib
0x00000001b1f24000 	/System/Library/PrivateFrameworks/CommonAuth.framework/Versions/A/CommonAuth
0x00000001b172b000 	/System/Library/PrivateFrameworks/AudioSession.framework/Versions/A/AudioSession
0x00000001af723000 	/System/Library/PrivateFrameworks/MediaExperience.framework/Versions/A/MediaExperience
0x00000001b15b1000 	/System/Library/PrivateFrameworks/AudioSession.framework/libSessionUtility.dylib
0x00000001b1b68000 	/System/Library/PrivateFrameworks/AudioResourceArbitration.framework/Versions/A/AudioResourceArbitration
0x00000001b5d1e000 	/System/Library/PrivateFrameworks/PowerLog.framework/Versions/A/PowerLog
0x00000001af69b000 	/System/Library/PrivateFrameworks/IconFoundation.framework/Versions/A/IconFoundation
0x00000001b4a67000 	/System/Library/PrivateFrameworks/SpeechRecognitionCore.framework/Versions/A/SpeechRecognitionCore
0x0000000103f2c000 	/opt/homebrew/Cellar/openjdk/18/libexec/openjdk.jdk/Contents/Home/lib/server/libjvm.dylib
0x0000000102ecc000 	/opt/homebrew/Cellar/openjdk/18/libexec/openjdk.jdk/Contents/Home/lib/libjimage.dylib
0x0000000102f54000 	/opt/homebrew/Cellar/openjdk/18/libexec/openjdk.jdk/Contents/Home/lib/libjava.dylib
0x0000000102fa8000 	/opt/homebrew/Cellar/openjdk/18/libexec/openjdk.jdk/Contents/Home/lib/libnio.dylib
0x0000000102fc8000 	/opt/homebrew/Cellar/openjdk/18/libexec/openjdk.jdk/Contents/Home/lib/libnet.dylib
0x0000000102f88000 	/opt/homebrew/Cellar/openjdk/18/libexec/openjdk.jdk/Contents/Home/lib/libzip.dylib
0x0000000102fe8000 	/private/var/folders/72/ckvjhl5j70s9zpk1y7k0n_jh0000gn/T/jansi-2.4.0-561d68afee738498-libjansi.jnilib
0x0000000103318000 	/opt/homebrew/Cellar/openjdk/18/libexec/openjdk.jdk/Contents/Home/lib/libverify.dylib
0x0000000103330000 	/Users/mira/.openjfx/cache/17.0.1/libprism_es2.dylib
0x00000001a68f3000 	/System/Library/PrivateFrameworks/CoreServicesInternal.framework/Versions/A/CoreServicesInternal
0x000000020557e000 	/System/Library/Frameworks/OpenGL.framework/Versions/A/Resources/GLEngine.bundle/GLEngine
0x0000000205406000 	/System/Library/Frameworks/OpenGL.framework/Versions/A/Libraries/libGLProgrammability.dylib
0x0000000103368000 	/System/Library/Extensions/AppleMetalOpenGLRenderer.bundle/Contents/MacOS/AppleMetalOpenGLRenderer
0x00000002056ed000 	/System/Library/Frameworks/OpenGL.framework/Versions/A/Resources/GLRendererFloat.bundle/GLRendererFloat
0x00000001ea665000 	/System/Library/Extensions/AGXMetalG13X.bundle/Contents/MacOS/AGXMetalG13X
0x00000001c4226000 	/System/Library/PrivateFrameworks/GPURawCounter.framework/Versions/A/GPURawCounter
0x00000001be930000 	/System/Library/PrivateFrameworks/IOGPU.framework/Versions/A/IOGPU
0x0000000103d98000 	/Users/mira/.openjfx/cache/17.0.1/libglass.dylib
0x00000001b5f76000 	/System/Library/Frameworks/FileProvider.framework/Versions/A/FileProvider
0x00000001aa55b000 	/System/Library/Frameworks/Accounts.framework/Versions/A/Accounts
0x00000001b60fa000 	/System/Library/PrivateFrameworks/GenerationalStorage.framework/Versions/A/GenerationalStorage
0x00000001b6cbd000 	/System/Library/PrivateFrameworks/CoreSymbolication.framework/Versions/A/CoreSymbolication
0x00000001b5d12000 	/System/Library/PrivateFrameworks/SymptomDiagnosticReporter.framework/Versions/A/SymptomDiagnosticReporter
0x00000001a7be3000 	/System/Library/PrivateFrameworks/DesktopServicesPriv.framework/Versions/A/DesktopServicesPriv
0x00000001a6a55000 	/usr/lib/libsandbox.1.dylib
0x00000001ab5d6000 	/System/Library/PrivateFrameworks/UserManagement.framework/Versions/A/UserManagement
0x00000001b6c7a000 	/System/Library/PrivateFrameworks/DebugSymbols.framework/Versions/A/DebugSymbols
0x00000001b1b47000 	/System/Library/PrivateFrameworks/NetAuth.framework/Versions/A/NetAuth
0x00000001b2a65000 	/System/Library/PrivateFrameworks/Sharing.framework/Versions/A/Sharing
0x00000001ab5a6000 	/System/Library/PrivateFrameworks/login.framework/Versions/A/Frameworks/loginsupport.framework/Versions/A/loginsupport
0x00000001b7eaf000 	/System/Library/PrivateFrameworks/Apple80211.framework/Versions/A/Apple80211
0x00000001ae731000 	/System/Library/PrivateFrameworks/AuthKit.framework/Versions/A/AuthKit
0x00000001addb2000 	/System/Library/PrivateFrameworks/CoreUtils.framework/Versions/A/CoreUtils
0x00000001adcd5000 	/System/Library/Frameworks/CoreWLAN.framework/Versions/A/CoreWLAN
0x00000001b2bd5000 	/System/Library/Frameworks/IOBluetooth.framework/Versions/A/IOBluetooth
0x00000001b7f0f000 	/System/Library/PrivateFrameworks/CoreWiFi.framework/Versions/A/CoreWiFi
0x00000001b685a000 	/System/Library/PrivateFrameworks/FrontBoardServices.framework/Versions/A/FrontBoardServices
0x00000001b68f2000 	/System/Library/PrivateFrameworks/BoardServices.framework/Versions/A/BoardServices
0x00000001adfcc000 	/System/Library/PrivateFrameworks/AssertionServices.framework/Versions/A/AssertionServices
0x00000001b808c000 	/System/Library/PrivateFrameworks/BackBoardServices.framework/Versions/A/BackBoardServices
0x00000001b1fbb000 	/System/Library/PrivateFrameworks/CorePhoneNumbers.framework/Versions/A/CorePhoneNumbers
0x00000001b5e42000 	/System/Library/PrivateFrameworks/DiskManagement.framework/Versions/A/DiskManagement
0x00000001b5d45000 	/System/Library/PrivateFrameworks/AppleIDAuthSupport.framework/Versions/A/AppleIDAuthSupport
0x0000000209d06000 	/System/Library/PrivateFrameworks/AAAFoundation.framework/Versions/A/AAAFoundation
0x00000001b1f9a000 	/System/Library/PrivateFrameworks/KeychainCircle.framework/Versions/A/KeychainCircle
0x00000001b5e0e000 	/System/Library/PrivateFrameworks/MediaKit.framework/Versions/A/MediaKit
0x00000001b5d52000 	/System/Library/Frameworks/DiscRecording.framework/Versions/A/DiscRecording
0x00000001af5a6000 	/usr/lib/libCoreStorage.dylib
0x00000001b8389000 	/usr/lib/libcsfde.dylib
0x00000001b2caa000 	/System/Library/PrivateFrameworks/ProtectedCloudStorage.framework/Versions/A/ProtectedCloudStorage
0x00000001b8381000 	/System/Library/PrivateFrameworks/EFILogin.framework/Versions/A/EFILogin
0x00000001b6121000 	/System/Library/PrivateFrameworks/OctagonTrust.framework/Versions/A/OctagonTrust
0x000000020e8d7000 	/System/Library/PrivateFrameworks/CoreUtilsExtras.framework/Versions/A/CoreUtilsExtras
0x00000001b5c77000 	/System/Library/Frameworks/CoreBluetooth.framework/Versions/A/CoreBluetooth
0x00000001b8a14000 	/System/Library/Frameworks/AudioUnit.framework/Versions/A/AudioUnit
0x00000001af59e000 	/usr/lib/libMatch.1.dylib
0x00000001c86d2000 	/System/Library/Frameworks/Accelerate.framework/Versions/A/Frameworks/vImage.framework/Versions/A/Libraries/libCGInterfaces.dylib
0x0000000136fd8000 	/usr/lib/libobjc-trampolines.dylib
0x00000001ab2a0000 	/System/Library/PrivateFrameworks/ViewBridge.framework/Versions/A/ViewBridge
0x00000001af464000 	/System/Library/PrivateFrameworks/CrashReporterSupport.framework/Versions/A/CrashReporterSupport
0x00000001d014b000 	/System/Library/PrivateFrameworks/OSAnalytics.framework/Versions/A/OSAnalytics
0x00000001db449000 	/System/Library/PrivateFrameworks/Symbolication.framework/Versions/A/Symbolication
0x00000001c41e7000 	/System/Library/PrivateFrameworks/MallocStackLogging.framework/Versions/A/MallocStackLogging
0x000000013ecbc000 	/Users/mira/.openjfx/cache/17.0.1/libjavafx_font.dylib
0x00000001afd02000 	/System/Library/PrivateFrameworks/login.framework/Versions/A/login


VM Arguments:
jvm_args: -Dclassworlds.conf=/opt/homebrew/Cellar/maven/3.8.5/libexec/bin/m2.conf -Dmaven.home=/opt/homebrew/Cellar/maven/3.8.5/libexec -Dlibrary.jansi.path=/opt/homebrew/Cellar/maven/3.8.5/libexec/lib/jansi-native -Dmaven.multiModuleProjectDirectory=/Users/mira/Documents/Boston University/CS665/met-cs665-assignment-project 
java_command: org.codehaus.plexus.classworlds.launcher.Launcher exec:java -Dexec.executable=edu.bu.met.cs665.Main
java_class_path (initial): /opt/homebrew/Cellar/maven/3.8.5/libexec/boot/plexus-classworlds-2.6.0.jar
Launcher Type: SUN_STANDARD

[Global flags]
     intx CICompilerCount                          = 4                                         {product} {ergonomic}
     uint ConcGCThreads                            = 2                                         {product} {ergonomic}
     uint G1ConcRefinementThreads                  = 9                                         {product} {ergonomic}
   size_t G1HeapRegionSize                         = 4194304                                   {product} {ergonomic}
    uintx GCDrainStackTargetSize                   = 64                                        {product} {ergonomic}
   size_t InitialHeapSize                          = 536870912                                 {product} {ergonomic}
   size_t MarkStackSize                            = 4194304                                   {product} {ergonomic}
   size_t MaxHeapSize                              = 8589934592                                {product} {ergonomic}
   size_t MaxNewSize                               = 5150605312                                {product} {ergonomic}
   size_t MinHeapDeltaBytes                        = 4194304                                   {product} {ergonomic}
   size_t MinHeapSize                              = 8388608                                   {product} {ergonomic}
    uintx NonNMethodCodeHeapSize                   = 5839564                                {pd product} {ergonomic}
    uintx NonProfiledCodeHeapSize                  = 122909338                              {pd product} {ergonomic}
    uintx ProfiledCodeHeapSize                     = 122909338                              {pd product} {ergonomic}
    uintx ReservedCodeCacheSize                    = 251658240                              {pd product} {ergonomic}
     bool SegmentedCodeCache                       = true                                      {product} {ergonomic}
   size_t SoftMaxHeapSize                          = 8589934592                             {manageable} {ergonomic}
     bool UseCompressedClassPointers               = true                           {product lp64_product} {ergonomic}
     bool UseCompressedOops                        = true                           {product lp64_product} {ergonomic}
     bool UseG1GC                                  = true                                      {product} {ergonomic}
     bool UseNUMA                                  = false                                     {product} {ergonomic}
     bool UseNUMAInterleaving                      = false                                     {product} {ergonomic}

Logging:
Log output configuration:
 #0: stdout all=warning uptime,level,tags foldmultilines=false
 #1: stderr all=off uptime,level,tags foldmultilines=false

Environment Variables:
JAVA_HOME=/opt/homebrew/opt/openjdk/libexec/openjdk.jdk/Contents/Home
PATH=/opt/anaconda3/bin:/opt/homebrew/bin:/opt/homebrew/sbin:/Library/Frameworks/Python.framework/Versions/3.9/bin:/usr/local/bin:/usr/local/sbin:/usr/bin:/bin:/usr/sbin:/sbin
SHELL=/bin/zsh
LANG=en_US.UTF-8
LC_CTYPE=en_US.UTF-8

Signal Handlers:
   SIGSEGV: _ZL13crash_handleriP9__siginfoPv in libjvm.dylib, mask=11100110000111110111111111111111, flags=SA_RESTART|SA_SIGINFO
    SIGBUS: _ZL13crash_handleriP9__siginfoPv in libjvm.dylib, mask=11100110000111110111111111111111, flags=SA_RESTART|SA_SIGINFO
    SIGFPE: _ZL13crash_handleriP9__siginfoPv in libjvm.dylib, mask=11100110000111110111111111111111, flags=SA_RESTART|SA_SIGINFO
   SIGPIPE: _ZL17javaSignalHandleriP9__siginfoPv in libjvm.dylib, mask=11100110000111110111111111111111, flags=SA_RESTART|SA_SIGINFO
   SIGXFSZ: _ZL17javaSignalHandleriP9__siginfoPv in libjvm.dylib, mask=11100110000111110111111111111111, flags=SA_RESTART|SA_SIGINFO
    SIGILL: _ZL13crash_handleriP9__siginfoPv in libjvm.dylib, mask=11100110000111110111111111111111, flags=SA_RESTART|SA_SIGINFO
   SIGUSR2: _ZL10SR_handleriP9__siginfoP17__darwin_ucontext in libjvm.dylib, mask=00000000000000000000000000000000, flags=SA_RESTART|SA_SIGINFO
    SIGHUP: _ZL11UserHandleriPvS_ in libjvm.dylib, mask=11100110000111110111111111111111, flags=SA_RESTART|SA_SIGINFO
    SIGINT: _ZL11UserHandleriPvS_ in libjvm.dylib, mask=11100110000111110111111111111111, flags=SA_RESTART|SA_SIGINFO
   SIGTERM: _ZL11UserHandleriPvS_ in libjvm.dylib, mask=11100110000111110111111111111111, flags=SA_RESTART|SA_SIGINFO
   SIGQUIT: _ZL11UserHandleriPvS_ in libjvm.dylib, mask=11100110000111110111111111111111, flags=SA_RESTART|SA_SIGINFO
   SIGTRAP: _ZL13crash_handleriP9__siginfoPv in libjvm.dylib, mask=11100110000111110111111111111111, flags=SA_RESTART|SA_SIGINFO


---------------  S Y S T E M  ---------------

OS:
uname: Darwin 21.4.0 Darwin Kernel Version 21.4.0: Fri Mar 18 00:46:32 PDT 2022; root:xnu-8020.101.4~15/RELEASE_ARM64_T6000 arm64
OS uptime: 8 days 19:02 hours
rlimit (soft/hard): STACK 8176k/65520k , CORE 0k/infinity , NPROC 5333/8000 , NOFILE 10240/infinity , AS infinity/infinity , CPU infinity/infinity , DATA infinity/infinity , FSIZE infinity/infinity , MEMLOCK infinity/infinity , RSS infinity/infinity
load average: 3.09 2.94 3.32

CPU: total 10 (initial active 10) 0x61:0x0:0x1b588bb3:0, fp, simd, aes, pmull, crc, lse

Memory: 16k page, physical 33554432k(86400k free), swap 0k(0k free)

vm_info: OpenJDK 64-Bit Server VM (18+0) for bsd-aarch64 JRE (18+0), built on Mar 28 2022 13:48:55 by "brew" with clang Apple LLVM 13.1.6 (clang-1316.0.21.2)

END.
