#
# A fatal error has been detected by the Java Runtime Environment:
#
#  SIGBUS (0xa) at pc=0x000000010e4a14f0, pid=52543, tid=30983
#
# JRE version: OpenJDK Runtime Environment Homebrew (18.0) (build 18+0)
# Java VM: OpenJDK 64-Bit Server VM Homebrew (18+0, mixed mode, sharing, tiered, compressed oops, compressed class ptrs, g1 gc, bsd-aarch64)
# Problematic frame:
# v  ~StubRoutines::SafeFetchN
#
# No core dump will be written. Core dumps have been disabled. To enable core dumping, try "ulimit -c unlimited" before starting Java again
#
# If you would like to submit a bug report, please visit:
#   https://github.com/Homebrew/homebrew-core/issues
# The crash happened outside the Java Virtual Machine in native code.
# See problematic frame for where to report the bug.
#

---------------  S U M M A R Y ------------

Command Line: --module-path=/Users/mira/.m2/repository/org/openjfx/javafx-base/17.0.1/javafx-base-17.0.1-mac-aarch64.jar:/Users/mira/.m2/repository/org/openjfx/javafx-base/17.0.1/javafx-base-17.0.1.jar:/Users/mira/.m2/repository/org/openjfx/javafx-controls/17.0.1/javafx-controls-17.0.1-mac-aarch64.jar:/Users/mira/.m2/repository/org/openjfx/javafx-controls/17.0.1/javafx-controls-17.0.1.jar:/Users/mira/.m2/repository/org/openjfx/javafx-graphics/17.0.1/javafx-graphics-17.0.1-mac-aarch64.jar:/Users/mira/.m2/repository/org/openjfx/javafx-graphics/17.0.1/javafx-graphics-17.0.1.jar --add-modules=javafx.base,javafx.controls,javafx.graphics --add-modules=ALL-DEFAULT jdk.compiler/com.sun.tools.javac.launcher.Main src/main/java/edu/bu/met/cs665/Main.java

Host: "MacBookPro18,4" arm64, 10 cores, 32G, Darwin 21.4.0, macOS 12.3.1 (21E258)
Time: Wed Apr 20 16:00:20 2022 PDT elapsed time: 3.482923 seconds (0d 0h 0m 3s)

---------------  T H R E A D  ---------------

Current thread (0x000000010513f600):  JavaThread "InvokeLaterDispatcher" daemon [_thread_in_native, id=30983, stack(0x000000016d690000,0x000000016d893000)]

Stack: [0x000000016d690000,0x000000016d893000],  sp=0x000000016d892770,  free space=2057k
Native frames: (J=compiled Java code, j=interpreted, Vv=VM code, C=native code)
v  ~StubRoutines::SafeFetchN
V  [libjvm.dylib+0x66792c]  _ZN10OopStorage7releaseEPKP7oopDesc+0x20
V  [libjvm.dylib+0x418bc0]  jni_DeleteGlobalRef+0x80
C  [libglass.dylib+0xab08]  -[GlassRunnable dealloc]+0x34
C  [Foundation+0x85618]  -[_NSThreadPerformInfo dealloc]+0x30
C  [Foundation+0x5198c]  -[NSObject(NSThreadPerformAdditions) performSelectorOnMainThread:withObject:waitUntilDone:]+0x88
C  0x926500010e4a98ac
j  com.sun.glass.ui.mac.MacApplication.submitForLaterInvocation(Ljava/lang/Runnable;)V+2 javafx.graphics
j  com.sun.glass.ui.InvokeLaterDispatcher.run()V+82 javafx.graphics
v  ~StubRoutines::call_stub
V  [libjvm.dylib+0x3c8ad8]  _ZN9JavaCalls11call_helperEP9JavaValueRK12methodHandleP17JavaCallArgumentsP10JavaThread+0x234
V  [libjvm.dylib+0x3c7e78]  _ZN9JavaCalls12call_virtualEP9JavaValueP5KlassP6SymbolS5_P17JavaCallArgumentsP10JavaThread+0x11c
V  [libjvm.dylib+0x3c7f44]  _ZN9JavaCalls12call_virtualEP9JavaValue6HandleP5KlassP6SymbolS6_P10JavaThread+0x64
V  [libjvm.dylib+0x468f50]  _ZL12thread_entryP10JavaThreadS0_+0x9c
V  [libjvm.dylib+0x7cd2e8]  _ZN10JavaThread17thread_main_innerEv+0xa0
V  [libjvm.dylib+0x7cd22c]  _ZN10JavaThread3runEv+0x11c
V  [libjvm.dylib+0x7cbf50]  _ZN6Thread8call_runEv+0x8c
V  [libjvm.dylib+0x66d31c]  _ZL19thread_native_entryP6Thread+0xcc
C  [libsystem_pthread.dylib+0x726c]  _pthread_start+0x94

Java frames: (J=compiled Java code, j=interpreted, Vv=VM code)
j  com.sun.glass.ui.mac.MacApplication._submitForLaterInvocation(Ljava/lang/Runnable;)V+0 javafx.graphics
j  com.sun.glass.ui.mac.MacApplication.submitForLaterInvocation(Ljava/lang/Runnable;)V+2 javafx.graphics
j  com.sun.glass.ui.InvokeLaterDispatcher.run()V+82 javafx.graphics
v  ~StubRoutines::call_stub

siginfo: si_signo: 10 (SIGBUS), si_code: 1 (BUS_ADRALN), si_addr: 0x000000010e4a14f0

Register to memory mapping:

 x0=0x000000013ae05488 is a global jni handle
 x1=0x0 is NULL
 x2=0x000000061ef6a018 is an oop: com.sun.glass.ui.InvokeLaterDispatcher$Future 
{0x000000061ef6a018} - klass: 'com/sun/glass/ui/InvokeLaterDispatcher$Future'
 - ---- fields (total size 3 words):
 - private 'done' 'Z' @12  true
 - private final 'runnable' 'Ljava/lang/Runnable;' @16  a 'com/sun/javafx/tk/quantum/QuantumToolkit$$Lambda$270+0x0000000800d87570'{0x000000061e85d228} (c3d0ba45)
 - final synthetic 'this$0' 'Lcom/sun/glass/ui/InvokeLaterDispatcher;' @20  a 'com/sun/glass/ui/InvokeLaterDispatcher'{0x000000061e80d310} (c3d01a62)
 x3=0x0 is NULL
 x4=0x00000000000130a8 is an unknown value
 x5=0x0 is NULL
 x6=0x0 is NULL
 x7=0x0 is NULL
 x8=0x000000010e4a14ec is at begin+0 in a stub
StubRoutines::SafeFetchN [0x000000010e4a14ec, 0x000000010e4a14f8] (12 bytes)
 x9=0x0 is NULL
x10=0x2010000030300000 is an unknown value
x11=0x0000000000000007 is an unknown value
x12=0x0000000000000004 is an unknown value
x13=0x000060000071ab10 points into unknown readable memory: 0xff720001a3d4fc40 | 40 fc d4 a3 01 00 72 ff
x14=0x0000050000000000 is an unknown value
x15=0x000000012e7b9f98: OBJC_CLASS_$_GlassRunnable+0 in /Users/mira/.openjfx/cache/17.0.1/libglass.dylib at 0x000000012e774000
x16=0x00000001a3eb90fc: pthread_getspecific+0 in /usr/lib/system/libsystem_pthread.dylib at 0x00000001a3eb7000
x17=0x0000600000217f00 points into unknown readable memory: 0xfffffffffffffffe | fe ff ff ff ff ff ff ff
x18=0x0 is NULL
x19=0x0000600000210230 points into unknown readable memory: 0x0000600002b10140 | 40 01 b1 02 00 60 00 00
x20=0x000000013ae05488 is a global jni handle
x21=0x000000010513f600 is a thread
x22=0x0000000000000001 is an unknown value
x23=0x0 is NULL
x24=0x000000013ae05440 is a global jni handle
x25=0x0000000106550098: _ZN12StubRoutines17_safefetchN_entryE+0 in /opt/homebrew/Cellar/openjdk/18/libexec/openjdk.jdk/Contents/Home/lib/server/libjvm.dylib at 0x0000000105adc000
x26=0x0000000000000001 is an unknown value
x27=0x0 is NULL
x28=0x000000010513f600 is a thread


Registers:
 x0=0x000000013ae05488  x1=0x0000000000000000  x2=0x000000061ef6a018  x3=0x0000000000000000
 x4=0x00000000000130a8  x5=0x0000000000000000  x6=0x0000000000000000  x7=0x0000000000000000
 x8=0x000000010e4a14ec  x9=0x0000000000000000 x10=0x2010000030300000 x11=0x0000000000000007
x12=0x0000000000000004 x13=0x000060000071ab10 x14=0x0000050000000000 x15=0x000000012e7b9f98
x16=0x00000001a3eb90fc x17=0x0000600000217f00 x18=0x0000000000000000 x19=0x0000600000210230
x20=0x000000013ae05488 x21=0x000000010513f600 x22=0x0000000000000001 x23=0x0000000000000000
x24=0x000000013ae05440 x25=0x0000000106550098 x26=0x0000000000000001 x27=0x0000000000000000
x28=0x000000010513f600  fp=0x000000016d8927b0  lr=0x0000000106142d38  sp=0x000000016d892770
pc=0x000000010e4a14f0 cpsr=0x0000000060001000
Top of Stack: (sp=0x000000016d892770)
0x000000016d892770:   0000000160bb8610 000000016d892de0
0x000000016d892780:   000000016d892978 0000600002b9c070
0x000000016d892790:   000000012eb08c90 000000013ae05440
0x000000016d8927a0:   000000013ae05440 0000600000210230
0x000000016d8927b0:   000000016d8927f0 000000010614392c
0x000000016d8927c0:   0000000000000001 000000013ae05440
0x000000016d8927d0:   000000012eb08c90 000000013ae05440
0x000000016d8927e0:   0000000000000001 000000012eb08a00
0x000000016d8927f0:   000000016d892830 0000000105ef4bc0
0x000000016d892800:   000000012eb08a00 0000600002b9c078
0x000000016d892810:   0000600002b9c030 00000001edf7ebe0
0x000000016d892820:   0000000000000000 0000600002b9c030
0x000000016d892830:   000000016d892860 000000012e77eb08
0x000000016d892840:   97cedf34fd2a00c8 0000000000000000
0x000000016d892850:   0000000000000000 0000600003cbe4c0
0x000000016d892860:   000000016d8928a0 00000001a4e86618
0x000000016d892870:   000000016d892978 0000600002b9c070
0x000000016d892880:   0000600002b9c030 97cedf34fd2a00c8
0x000000016d892890:   0000000000000000 0000000000000000
0x000000016d8928a0:   000000016d8928e0 9e6d8001a4e5298c
0x000000016d8928b0:   000000016d892978 000000010e4a87c0
0x000000016d8928c0:   0000000000000000 0000000106557b50
0x000000016d8928d0:   000000016d8928f0 000000010e4a7730
0x000000016d8928e0:   000000016d892950 926500010e4a98ac
0x000000016d8928f0:   000000016d8928f0 00000008007cb15d
0x000000016d892900:   000000016d892900 0000000000000000
0x000000016d892910:   000000016d892978 0000000160bb8610
0x000000016d892920:   000000061e80d530 0000000000000000
0x000000016d892930:   0000000000000000 0000000160b97138
0x000000016d892940:   0000000000000000 000000016d892950
0x000000016d892950:   000000016d8929d0 000000010e4a5fc8
0x000000016d892960:   0000000000000000 0000000000000000 

Instructions: (pc=0x000000010e4a14f0)
0x000000010e4a13f0:   f2a0ca29 f2c00029 6d425935 1e640886
0x000000010e4a1400:   0c402d31 1e6408c7 1f5654d0 1e6c1017
0x000000010e4a1410:   1f5050d0 1f504cd0 1f5048d0 1e650af6
0x000000010e4a1420:   1f50d8f6 1f5694d6 1f5158f6 1e762880
0x000000010e4a1430:   36000501 1e614000 14000026 2e251ca5
0x000000010e4a1440:   d2983009 f2a0ca29 f2c00029 6d425d36
0x000000010e4a1450:   1e600806 0c402d32 1f5758c7 1e6c101a
0x000000010e4a1460:   1f4754c7 1e650805 1f4750c7 d2866668
0x000000010e4a1470:   f2a7fa68 1f474cc7 1e6608c0 1f4748c7
0x000000010e4a1480:   1e6e1019 eb08007f 540000ac 1f479400
0x000000010e4a1490:   1f460340 1e603b20 1400000e d2a7fd29
0x000000010e4a14a0:   eb09007f 540000ac 51480069 d3607d29
0x000000010e4a14b0:   9e670121 14000002 1e6a5001 1f679417
0x000000010e4a14c0:   1f668742 1e613b23 1e773857 1e773860
0x000000010e4a14d0:   a8c17ff3 910003bf a8c17bfd d65f03c0
0x000000010e4a14e0:   b9400001 aa0103e0 d65f03c0 f9400001
0x000000010e4a14f0:   aa0103e0 d65f03c0 00000000 00000000
0x000000010e4a1500:   00000000 00000000 00000000 00000000
0x000000010e4a1510:   00000000 00000000 00000000 00000000
0x000000010e4a1520:   00000000 00000000 00000000 00000000
0x000000010e4a1530:   00000000 00000000 00000000 00000000
0x000000010e4a1540:   00000000 00000000 00000000 00000000
0x000000010e4a1550:   00000000 00000000 00000000 00000000
0x000000010e4a1560:   00000000 00000000 00000000 00000000
0x000000010e4a1570:   00000000 00000000 00000000 00000000
0x000000010e4a1580:   00000000 00000000 00000000 00000000
0x000000010e4a1590:   00000000 00000000 00000000 00000000
0x000000010e4a15a0:   00000000 00000000 00000000 00000000
0x000000010e4a15b0:   00000000 00000000 00000000 00000000
0x000000010e4a15c0:   00000000 00000000 00000000 00000000
0x000000010e4a15d0:   00000000 00000000 00000000 00000000
0x000000010e4a15e0:   00000000 00000000 00000000 00000000 


Stack slot to memory mapping:
stack at sp + 0 slots: 0x0000000160bb8610 is pointing into metadata
stack at sp + 1 slots: 0x000000016d892de0 is pointing into the stack for thread: 0x000000010513f600
stack at sp + 2 slots: 0x000000016d892978 is pointing into the stack for thread: 0x000000010513f600
stack at sp + 3 slots: 0x0000600002b9c070 points into unknown readable memory: 0x01000001fc66a011 | 11 a0 66 fc 01 00 00 01
stack at sp + 4 slots: 0x000000012eb08c90 points into unknown readable memory: 0x000000010650b5d8 | d8 b5 50 06 01 00 00 00
stack at sp + 5 slots: 0x000000013ae05440 is a global jni handle
stack at sp + 6 slots: 0x000000013ae05440 is a global jni handle
stack at sp + 7 slots: 0x0000600000210230 points into unknown readable memory: 0x0000600002b10140 | 40 01 b1 02 00 60 00 00

StubRoutines::SafeFetchN [0x000000010e4a14ec, 0x000000010e4a14f8] (12 bytes)
[MachCode]
  0x000000010e4a14ec: 0100 40f9 | e003 01aa | c003 5fd6 
[/MachCode]

---------------  P R O C E S S  ---------------

Threads class SMR info:
_java_thread_list=0x00006000029a62c0, length=17, elements={
0x000000012b808a00, 0x000000013c008200, 0x000000011f80a400, 0x000000013b008c00,
0x000000012b018c00, 0x000000012b019200, 0x000000012b01ca00, 0x000000012b01d000,
0x000000011f812a00, 0x000000012b01e000, 0x000000012b01e600, 0x000000013b908000,
0x000000012ead7e00, 0x000000010513f600, 0x000000012eb08a00, 0x000000012b0d7800,
0x000000013b926000
}

Java Threads: ( => current thread )
  0x000000012b808a00 JavaThread "main" [_thread_blocked, id=10243, stack(0x000000016b4b8000,0x000000016b6bb000)]
  0x000000013c008200 JavaThread "Reference Handler" daemon [_thread_blocked, id=18947, stack(0x000000016c30c000,0x000000016c50f000)]
  0x000000011f80a400 JavaThread "Finalizer" daemon [_thread_blocked, id=18691, stack(0x000000016c518000,0x000000016c71b000)]
  0x000000013b008c00 JavaThread "Signal Dispatcher" daemon [_thread_blocked, id=41987, stack(0x000000016c83c000,0x000000016ca3f000)]
  0x000000012b018c00 JavaThread "Service Thread" daemon [_thread_blocked, id=41475, stack(0x000000016ca48000,0x000000016cc4b000)]
  0x000000012b019200 JavaThread "Monitor Deflation Thread" daemon [_thread_blocked, id=40963, stack(0x000000016cc54000,0x000000016ce57000)]
  0x000000012b01ca00 JavaThread "C2 CompilerThread0" daemon [_thread_blocked, id=40451, stack(0x000000016ce60000,0x000000016d063000)]
  0x000000012b01d000 JavaThread "C1 CompilerThread0" daemon [_thread_blocked, id=22787, stack(0x000000016d06c000,0x000000016d26f000)]
  0x000000011f812a00 JavaThread "Sweeper thread" daemon [_thread_blocked, id=40195, stack(0x000000016d278000,0x000000016d47b000)]
  0x000000012b01e000 JavaThread "Common-Cleaner" daemon [_thread_blocked, id=39939, stack(0x000000016d484000,0x000000016d687000)]
  0x000000012b01e600 JavaThread "Notification Thread" daemon [_thread_blocked, id=39427, stack(0x000000016d89c000,0x000000016da9f000)]
  0x000000013b908000 JavaThread "JavaFX-Launcher" [_thread_blocked, id=25859, stack(0x000000016ed14000,0x000000016ef17000)]
  0x000000012ead7e00 JavaThread "QuantumRenderer-0" daemon [_thread_blocked, id=26115, stack(0x000000016ef20000,0x000000016f123000)]
=>0x000000010513f600 JavaThread "InvokeLaterDispatcher" daemon [_thread_in_native, id=30983, stack(0x000000016d690000,0x000000016d893000)]
  0x000000012eb08a00 JavaThread "JavaFX Application Thread" [_thread_in_vm, id=259, stack(0x000000016ac30000,0x000000016b42c000)]
  0x000000012b0d7800 JavaThread "Prism Font Disposer" daemon [_thread_blocked, id=71947, stack(0x000000016f4dc000,0x000000016f6df000)]
  0x000000013b926000 JavaThread "PulseTimer-CVDisplayLink thread" daemon [_thread_in_native, id=75271, stack(0x000000016f12c000,0x000000016f1af000)]

Other Threads:
  0x000000011f515e30 VMThread "VM Thread" [stack: 0x000000016c100000,0x000000016c303000] [id=17411]
  0x000000012af11e60 WatcherThread "VM Periodic Task Thread" [stack: 0x000000016daa8000,0x000000016dcab000] [id=38915]
  0x000000012c006690 WorkerThread "GC Thread#0" [stack: 0x000000016b6c4000,0x000000016b8c7000] [id=13059]
  0x000000012af18350 WorkerThread "GC Thread#1" [stack: 0x000000016dcb4000,0x000000016deb7000] [id=38407]
  0x000000012ae13b90 WorkerThread "GC Thread#2" [stack: 0x000000016dec0000,0x000000016e0c3000] [id=37891]
  0x000000012af187c0 WorkerThread "GC Thread#3" [stack: 0x000000016e0cc000,0x000000016e2cf000] [id=24323]
  0x000000012ae143f0 WorkerThread "GC Thread#4" [stack: 0x000000016e2d8000,0x000000016e4db000] [id=37635]
  0x000000012ae14c50 WorkerThread "GC Thread#5" [stack: 0x000000016e4e4000,0x000000016e6e7000] [id=25091]
  0x000000012af19020 WorkerThread "GC Thread#6" [stack: 0x000000016e6f0000,0x000000016e8f3000] [id=37123]
  0x000000012ae154b0 WorkerThread "GC Thread#7" [stack: 0x000000016e8fc000,0x000000016eaff000] [id=25347]
  0x000000012c010e30 WorkerThread "GC Thread#8" [stack: 0x000000016eb08000,0x000000016ed0b000] [id=36355]
  0x000000012af04470 ConcurrentGCThread "G1 Main Marker" [stack: 0x000000016b8d0000,0x000000016bad3000] [id=20483]
  0x000000011f504080 WorkerThread "G1 Conc#0" [stack: 0x000000016badc000,0x000000016bcdf000] [id=14339]
  0x000000011f5111a0 ConcurrentGCThread "G1 Refine#0" [stack: 0x000000016bce8000,0x000000016beeb000] [id=15107]
  0x000000011f511a20 ConcurrentGCThread "G1 Service" [stack: 0x000000016bef4000,0x000000016c0f7000] [id=19971]

Threads with active compile tasks:

VM state: not at safepoint (normal execution)

VM Mutex/Monitor currently owned by a thread: None

Heap address: 0x0000000600000000, size: 8192 MB, Compressed Oops mode: Zero based, Oop shift amount: 3

CDS archive(s) mapped at: [0x0000000800000000-0x0000000800ba0000-0x0000000800ba0000), size 12189696, SharedBaseAddress: 0x0000000800000000, ArchiveRelocationMode: 0.
Compressed class space mapped at: 0x0000000800c00000-0x0000000840c00000, reserved size: 1073741824
Narrow klass base: 0x0000000800000000, Narrow klass shift: 0, Narrow klass range: 0x100000000

GC Precious Log:
 CardTable entry size: 512
 Card Set container configuration: InlinePtr #cards 4 size 8 Array Of Cards #cards 32 size 80 Howl #buckets 8 coarsen threshold 7372 Howl Bitmap #cards 1024 size 144 coarsen threshold 921 Card regions per heap region 1 cards per card region 8192
 CPUs: 10 total, 10 available
 Memory: 32768M
 Large Page Support: Disabled
 NUMA Support: Disabled
 Compressed Oops: Enabled (Zero based)
 Heap Region Size: 4M
 Heap Min Capacity: 8M
 Heap Initial Capacity: 512M
 Heap Max Capacity: 8G
 Pre-touch: Disabled
 Parallel Workers: 9
 Concurrent Workers: 2
 Concurrent Refinement Workers: 9
 Periodic GC: Disabled

Heap:
 garbage-first heap   total 532480K, used 30419K [0x0000000600000000, 0x0000000800000000)
  region size 4096K, 6 young (24576K), 1 survivors (4096K)
 Metaspace       used 18328K, committed 18624K, reserved 1114112K
  class space    used 2352K, committed 2496K, reserved 1048576K

Heap Regions: E=young(eden), S=young(survivor), O=old, HS=humongous(starts), HC=humongous(continues), CS=collection set, F=free, OA=open archive, CA=closed archive, TAMS=top-at-mark-start (previous, next)
|   0|0x0000000600000000, 0x0000000600400000, 0x0000000600400000|100%| O|  |TAMS 0x0000000600000000, 0x0000000600000000| Untracked 
|   1|0x0000000600400000, 0x00000006006d2600, 0x0000000600800000| 70%| O|  |TAMS 0x0000000600400000, 0x0000000600400000| Untracked 
|   2|0x0000000600800000, 0x0000000600800000, 0x0000000600c00000|  0%| F|  |TAMS 0x0000000600800000, 0x0000000600800000| Untracked 
|   3|0x0000000600c00000, 0x0000000600c00000, 0x0000000601000000|  0%| F|  |TAMS 0x0000000600c00000, 0x0000000600c00000| Untracked 
|   4|0x0000000601000000, 0x0000000601000000, 0x0000000601400000|  0%| F|  |TAMS 0x0000000601000000, 0x0000000601000000| Untracked 
|   5|0x0000000601400000, 0x0000000601400000, 0x0000000601800000|  0%| F|  |TAMS 0x0000000601400000, 0x0000000601400000| Untracked 
|   6|0x0000000601800000, 0x0000000601800000, 0x0000000601c00000|  0%| F|  |TAMS 0x0000000601800000, 0x0000000601800000| Untracked 
|   7|0x0000000601c00000, 0x0000000601c00000, 0x0000000602000000|  0%| F|  |TAMS 0x0000000601c00000, 0x0000000601c00000| Untracked 
|   8|0x0000000602000000, 0x0000000602000000, 0x0000000602400000|  0%| F|  |TAMS 0x0000000602000000, 0x0000000602000000| Untracked 
|   9|0x0000000602400000, 0x0000000602400000, 0x0000000602800000|  0%| F|  |TAMS 0x0000000602400000, 0x0000000602400000| Untracked 
|  10|0x0000000602800000, 0x0000000602800000, 0x0000000602c00000|  0%| F|  |TAMS 0x0000000602800000, 0x0000000602800000| Untracked 
|  11|0x0000000602c00000, 0x0000000602c00000, 0x0000000603000000|  0%| F|  |TAMS 0x0000000602c00000, 0x0000000602c00000| Untracked 
|  12|0x0000000603000000, 0x0000000603000000, 0x0000000603400000|  0%| F|  |TAMS 0x0000000603000000, 0x0000000603000000| Untracked 
|  13|0x0000000603400000, 0x0000000603400000, 0x0000000603800000|  0%| F|  |TAMS 0x0000000603400000, 0x0000000603400000| Untracked 
|  14|0x0000000603800000, 0x0000000603800000, 0x0000000603c00000|  0%| F|  |TAMS 0x0000000603800000, 0x0000000603800000| Untracked 
|  15|0x0000000603c00000, 0x0000000603c00000, 0x0000000604000000|  0%| F|  |TAMS 0x0000000603c00000, 0x0000000603c00000| Untracked 
|  16|0x0000000604000000, 0x0000000604000000, 0x0000000604400000|  0%| F|  |TAMS 0x0000000604000000, 0x0000000604000000| Untracked 
|  17|0x0000000604400000, 0x0000000604400000, 0x0000000604800000|  0%| F|  |TAMS 0x0000000604400000, 0x0000000604400000| Untracked 
|  18|0x0000000604800000, 0x0000000604800000, 0x0000000604c00000|  0%| F|  |TAMS 0x0000000604800000, 0x0000000604800000| Untracked 
|  19|0x0000000604c00000, 0x0000000604c00000, 0x0000000605000000|  0%| F|  |TAMS 0x0000000604c00000, 0x0000000604c00000| Untracked 
|  20|0x0000000605000000, 0x0000000605000000, 0x0000000605400000|  0%| F|  |TAMS 0x0000000605000000, 0x0000000605000000| Untracked 
|  21|0x0000000605400000, 0x0000000605400000, 0x0000000605800000|  0%| F|  |TAMS 0x0000000605400000, 0x0000000605400000| Untracked 
|  22|0x0000000605800000, 0x0000000605800000, 0x0000000605c00000|  0%| F|  |TAMS 0x0000000605800000, 0x0000000605800000| Untracked 
|  23|0x0000000605c00000, 0x0000000605c00000, 0x0000000606000000|  0%| F|  |TAMS 0x0000000605c00000, 0x0000000605c00000| Untracked 
|  24|0x0000000606000000, 0x0000000606000000, 0x0000000606400000|  0%| F|  |TAMS 0x0000000606000000, 0x0000000606000000| Untracked 
|  25|0x0000000606400000, 0x0000000606400000, 0x0000000606800000|  0%| F|  |TAMS 0x0000000606400000, 0x0000000606400000| Untracked 
|  26|0x0000000606800000, 0x0000000606800000, 0x0000000606c00000|  0%| F|  |TAMS 0x0000000606800000, 0x0000000606800000| Untracked 
|  27|0x0000000606c00000, 0x0000000606c00000, 0x0000000607000000|  0%| F|  |TAMS 0x0000000606c00000, 0x0000000606c00000| Untracked 
|  28|0x0000000607000000, 0x0000000607000000, 0x0000000607400000|  0%| F|  |TAMS 0x0000000607000000, 0x0000000607000000| Untracked 
|  29|0x0000000607400000, 0x0000000607400000, 0x0000000607800000|  0%| F|  |TAMS 0x0000000607400000, 0x0000000607400000| Untracked 
|  30|0x0000000607800000, 0x0000000607800000, 0x0000000607c00000|  0%| F|  |TAMS 0x0000000607800000, 0x0000000607800000| Untracked 
|  31|0x0000000607c00000, 0x0000000607c00000, 0x0000000608000000|  0%| F|  |TAMS 0x0000000607c00000, 0x0000000607c00000| Untracked 
|  32|0x0000000608000000, 0x0000000608000000, 0x0000000608400000|  0%| F|  |TAMS 0x0000000608000000, 0x0000000608000000| Untracked 
|  33|0x0000000608400000, 0x0000000608400000, 0x0000000608800000|  0%| F|  |TAMS 0x0000000608400000, 0x0000000608400000| Untracked 
|  34|0x0000000608800000, 0x0000000608800000, 0x0000000608c00000|  0%| F|  |TAMS 0x0000000608800000, 0x0000000608800000| Untracked 
|  35|0x0000000608c00000, 0x0000000608c00000, 0x0000000609000000|  0%| F|  |TAMS 0x0000000608c00000, 0x0000000608c00000| Untracked 
|  36|0x0000000609000000, 0x0000000609000000, 0x0000000609400000|  0%| F|  |TAMS 0x0000000609000000, 0x0000000609000000| Untracked 
|  37|0x0000000609400000, 0x0000000609400000, 0x0000000609800000|  0%| F|  |TAMS 0x0000000609400000, 0x0000000609400000| Untracked 
|  38|0x0000000609800000, 0x0000000609800000, 0x0000000609c00000|  0%| F|  |TAMS 0x0000000609800000, 0x0000000609800000| Untracked 
|  39|0x0000000609c00000, 0x0000000609c00000, 0x000000060a000000|  0%| F|  |TAMS 0x0000000609c00000, 0x0000000609c00000| Untracked 
|  40|0x000000060a000000, 0x000000060a000000, 0x000000060a400000|  0%| F|  |TAMS 0x000000060a000000, 0x000000060a000000| Untracked 
|  41|0x000000060a400000, 0x000000060a400000, 0x000000060a800000|  0%| F|  |TAMS 0x000000060a400000, 0x000000060a400000| Untracked 
|  42|0x000000060a800000, 0x000000060a800000, 0x000000060ac00000|  0%| F|  |TAMS 0x000000060a800000, 0x000000060a800000| Untracked 
|  43|0x000000060ac00000, 0x000000060ac00000, 0x000000060b000000|  0%| F|  |TAMS 0x000000060ac00000, 0x000000060ac00000| Untracked 
|  44|0x000000060b000000, 0x000000060b000000, 0x000000060b400000|  0%| F|  |TAMS 0x000000060b000000, 0x000000060b000000| Untracked 
|  45|0x000000060b400000, 0x000000060b400000, 0x000000060b800000|  0%| F|  |TAMS 0x000000060b400000, 0x000000060b400000| Untracked 
|  46|0x000000060b800000, 0x000000060b800000, 0x000000060bc00000|  0%| F|  |TAMS 0x000000060b800000, 0x000000060b800000| Untracked 
|  47|0x000000060bc00000, 0x000000060bc00000, 0x000000060c000000|  0%| F|  |TAMS 0x000000060bc00000, 0x000000060bc00000| Untracked 
|  48|0x000000060c000000, 0x000000060c000000, 0x000000060c400000|  0%| F|  |TAMS 0x000000060c000000, 0x000000060c000000| Untracked 
|  49|0x000000060c400000, 0x000000060c400000, 0x000000060c800000|  0%| F|  |TAMS 0x000000060c400000, 0x000000060c400000| Untracked 
|  50|0x000000060c800000, 0x000000060c800000, 0x000000060cc00000|  0%| F|  |TAMS 0x000000060c800000, 0x000000060c800000| Untracked 
|  51|0x000000060cc00000, 0x000000060cc00000, 0x000000060d000000|  0%| F|  |TAMS 0x000000060cc00000, 0x000000060cc00000| Untracked 
|  52|0x000000060d000000, 0x000000060d000000, 0x000000060d400000|  0%| F|  |TAMS 0x000000060d000000, 0x000000060d000000| Untracked 
|  53|0x000000060d400000, 0x000000060d400000, 0x000000060d800000|  0%| F|  |TAMS 0x000000060d400000, 0x000000060d400000| Untracked 
|  54|0x000000060d800000, 0x000000060d800000, 0x000000060dc00000|  0%| F|  |TAMS 0x000000060d800000, 0x000000060d800000| Untracked 
|  55|0x000000060dc00000, 0x000000060dc00000, 0x000000060e000000|  0%| F|  |TAMS 0x000000060dc00000, 0x000000060dc00000| Untracked 
|  56|0x000000060e000000, 0x000000060e000000, 0x000000060e400000|  0%| F|  |TAMS 0x000000060e000000, 0x000000060e000000| Untracked 
|  57|0x000000060e400000, 0x000000060e400000, 0x000000060e800000|  0%| F|  |TAMS 0x000000060e400000, 0x000000060e400000| Untracked 
|  58|0x000000060e800000, 0x000000060e800000, 0x000000060ec00000|  0%| F|  |TAMS 0x000000060e800000, 0x000000060e800000| Untracked 
|  59|0x000000060ec00000, 0x000000060ec00000, 0x000000060f000000|  0%| F|  |TAMS 0x000000060ec00000, 0x000000060ec00000| Untracked 
|  60|0x000000060f000000, 0x000000060f000000, 0x000000060f400000|  0%| F|  |TAMS 0x000000060f000000, 0x000000060f000000| Untracked 
|  61|0x000000060f400000, 0x000000060f400000, 0x000000060f800000|  0%| F|  |TAMS 0x000000060f400000, 0x000000060f400000| Untracked 
|  62|0x000000060f800000, 0x000000060f800000, 0x000000060fc00000|  0%| F|  |TAMS 0x000000060f800000, 0x000000060f800000| Untracked 
|  63|0x000000060fc00000, 0x000000060fc00000, 0x0000000610000000|  0%| F|  |TAMS 0x000000060fc00000, 0x000000060fc00000| Untracked 
|  64|0x0000000610000000, 0x0000000610000000, 0x0000000610400000|  0%| F|  |TAMS 0x0000000610000000, 0x0000000610000000| Untracked 
|  65|0x0000000610400000, 0x0000000610400000, 0x0000000610800000|  0%| F|  |TAMS 0x0000000610400000, 0x0000000610400000| Untracked 
|  66|0x0000000610800000, 0x0000000610800000, 0x0000000610c00000|  0%| F|  |TAMS 0x0000000610800000, 0x0000000610800000| Untracked 
|  67|0x0000000610c00000, 0x0000000610c00000, 0x0000000611000000|  0%| F|  |TAMS 0x0000000610c00000, 0x0000000610c00000| Untracked 
|  68|0x0000000611000000, 0x0000000611000000, 0x0000000611400000|  0%| F|  |TAMS 0x0000000611000000, 0x0000000611000000| Untracked 
|  69|0x0000000611400000, 0x0000000611400000, 0x0000000611800000|  0%| F|  |TAMS 0x0000000611400000, 0x0000000611400000| Untracked 
|  70|0x0000000611800000, 0x0000000611800000, 0x0000000611c00000|  0%| F|  |TAMS 0x0000000611800000, 0x0000000611800000| Untracked 
|  71|0x0000000611c00000, 0x0000000611c00000, 0x0000000612000000|  0%| F|  |TAMS 0x0000000611c00000, 0x0000000611c00000| Untracked 
|  72|0x0000000612000000, 0x0000000612000000, 0x0000000612400000|  0%| F|  |TAMS 0x0000000612000000, 0x0000000612000000| Untracked 
|  73|0x0000000612400000, 0x0000000612400000, 0x0000000612800000|  0%| F|  |TAMS 0x0000000612400000, 0x0000000612400000| Untracked 
|  74|0x0000000612800000, 0x0000000612800000, 0x0000000612c00000|  0%| F|  |TAMS 0x0000000612800000, 0x0000000612800000| Untracked 
|  75|0x0000000612c00000, 0x0000000612c00000, 0x0000000613000000|  0%| F|  |TAMS 0x0000000612c00000, 0x0000000612c00000| Untracked 
|  76|0x0000000613000000, 0x0000000613000000, 0x0000000613400000|  0%| F|  |TAMS 0x0000000613000000, 0x0000000613000000| Untracked 
|  77|0x0000000613400000, 0x0000000613400000, 0x0000000613800000|  0%| F|  |TAMS 0x0000000613400000, 0x0000000613400000| Untracked 
|  78|0x0000000613800000, 0x0000000613800000, 0x0000000613c00000|  0%| F|  |TAMS 0x0000000613800000, 0x0000000613800000| Untracked 
|  79|0x0000000613c00000, 0x0000000613c00000, 0x0000000614000000|  0%| F|  |TAMS 0x0000000613c00000, 0x0000000613c00000| Untracked 
|  80|0x0000000614000000, 0x0000000614000000, 0x0000000614400000|  0%| F|  |TAMS 0x0000000614000000, 0x0000000614000000| Untracked 
|  81|0x0000000614400000, 0x0000000614400000, 0x0000000614800000|  0%| F|  |TAMS 0x0000000614400000, 0x0000000614400000| Untracked 
|  82|0x0000000614800000, 0x0000000614800000, 0x0000000614c00000|  0%| F|  |TAMS 0x0000000614800000, 0x0000000614800000| Untracked 
|  83|0x0000000614c00000, 0x0000000614c00000, 0x0000000615000000|  0%| F|  |TAMS 0x0000000614c00000, 0x0000000614c00000| Untracked 
|  84|0x0000000615000000, 0x0000000615000000, 0x0000000615400000|  0%| F|  |TAMS 0x0000000615000000, 0x0000000615000000| Untracked 
|  85|0x0000000615400000, 0x0000000615400000, 0x0000000615800000|  0%| F|  |TAMS 0x0000000615400000, 0x0000000615400000| Untracked 
|  86|0x0000000615800000, 0x0000000615800000, 0x0000000615c00000|  0%| F|  |TAMS 0x0000000615800000, 0x0000000615800000| Untracked 
|  87|0x0000000615c00000, 0x0000000615c00000, 0x0000000616000000|  0%| F|  |TAMS 0x0000000615c00000, 0x0000000615c00000| Untracked 
|  88|0x0000000616000000, 0x0000000616000000, 0x0000000616400000|  0%| F|  |TAMS 0x0000000616000000, 0x0000000616000000| Untracked 
|  89|0x0000000616400000, 0x0000000616400000, 0x0000000616800000|  0%| F|  |TAMS 0x0000000616400000, 0x0000000616400000| Untracked 
|  90|0x0000000616800000, 0x0000000616800000, 0x0000000616c00000|  0%| F|  |TAMS 0x0000000616800000, 0x0000000616800000| Untracked 
|  91|0x0000000616c00000, 0x0000000616c00000, 0x0000000617000000|  0%| F|  |TAMS 0x0000000616c00000, 0x0000000616c00000| Untracked 
|  92|0x0000000617000000, 0x0000000617000000, 0x0000000617400000|  0%| F|  |TAMS 0x0000000617000000, 0x0000000617000000| Untracked 
|  93|0x0000000617400000, 0x0000000617400000, 0x0000000617800000|  0%| F|  |TAMS 0x0000000617400000, 0x0000000617400000| Untracked 
|  94|0x0000000617800000, 0x0000000617800000, 0x0000000617c00000|  0%| F|  |TAMS 0x0000000617800000, 0x0000000617800000| Untracked 
|  95|0x0000000617c00000, 0x0000000617c00000, 0x0000000618000000|  0%| F|  |TAMS 0x0000000617c00000, 0x0000000617c00000| Untracked 
|  96|0x0000000618000000, 0x0000000618000000, 0x0000000618400000|  0%| F|  |TAMS 0x0000000618000000, 0x0000000618000000| Untracked 
|  97|0x0000000618400000, 0x0000000618400000, 0x0000000618800000|  0%| F|  |TAMS 0x0000000618400000, 0x0000000618400000| Untracked 
|  98|0x0000000618800000, 0x0000000618800000, 0x0000000618c00000|  0%| F|  |TAMS 0x0000000618800000, 0x0000000618800000| Untracked 
|  99|0x0000000618c00000, 0x0000000618c00000, 0x0000000619000000|  0%| F|  |TAMS 0x0000000618c00000, 0x0000000618c00000| Untracked 
| 100|0x0000000619000000, 0x0000000619000000, 0x0000000619400000|  0%| F|  |TAMS 0x0000000619000000, 0x0000000619000000| Untracked 
| 101|0x0000000619400000, 0x0000000619400000, 0x0000000619800000|  0%| F|  |TAMS 0x0000000619400000, 0x0000000619400000| Untracked 
| 102|0x0000000619800000, 0x0000000619800000, 0x0000000619c00000|  0%| F|  |TAMS 0x0000000619800000, 0x0000000619800000| Untracked 
| 103|0x0000000619c00000, 0x0000000619c00000, 0x000000061a000000|  0%| F|  |TAMS 0x0000000619c00000, 0x0000000619c00000| Untracked 
| 104|0x000000061a000000, 0x000000061a000000, 0x000000061a400000|  0%| F|  |TAMS 0x000000061a000000, 0x000000061a000000| Untracked 
| 105|0x000000061a400000, 0x000000061a400000, 0x000000061a800000|  0%| F|  |TAMS 0x000000061a400000, 0x000000061a400000| Untracked 
| 106|0x000000061a800000, 0x000000061a800000, 0x000000061ac00000|  0%| F|  |TAMS 0x000000061a800000, 0x000000061a800000| Untracked 
| 107|0x000000061ac00000, 0x000000061ac00000, 0x000000061b000000|  0%| F|  |TAMS 0x000000061ac00000, 0x000000061ac00000| Untracked 
| 108|0x000000061b000000, 0x000000061b000000, 0x000000061b400000|  0%| F|  |TAMS 0x000000061b000000, 0x000000061b000000| Untracked 
| 109|0x000000061b400000, 0x000000061b400000, 0x000000061b800000|  0%| F|  |TAMS 0x000000061b400000, 0x000000061b400000| Untracked 
| 110|0x000000061b800000, 0x000000061b800000, 0x000000061bc00000|  0%| F|  |TAMS 0x000000061b800000, 0x000000061b800000| Untracked 
| 111|0x000000061bc00000, 0x000000061bc00000, 0x000000061c000000|  0%| F|  |TAMS 0x000000061bc00000, 0x000000061bc00000| Untracked 
| 112|0x000000061c000000, 0x000000061c000000, 0x000000061c400000|  0%| F|  |TAMS 0x000000061c000000, 0x000000061c000000| Untracked 
| 113|0x000000061c400000, 0x000000061c400000, 0x000000061c800000|  0%| F|  |TAMS 0x000000061c400000, 0x000000061c400000| Untracked 
| 114|0x000000061c800000, 0x000000061c800000, 0x000000061cc00000|  0%| F|  |TAMS 0x000000061c800000, 0x000000061c800000| Untracked 
| 115|0x000000061cc00000, 0x000000061cc00000, 0x000000061d000000|  0%| F|  |TAMS 0x000000061cc00000, 0x000000061cc00000| Untracked 
| 116|0x000000061d000000, 0x000000061d000000, 0x000000061d400000|  0%| F|  |TAMS 0x000000061d000000, 0x000000061d000000| Untracked 
| 117|0x000000061d400000, 0x000000061d400000, 0x000000061d800000|  0%| F|  |TAMS 0x000000061d400000, 0x000000061d400000| Untracked 
| 118|0x000000061d800000, 0x000000061d800000, 0x000000061dc00000|  0%| F|  |TAMS 0x000000061d800000, 0x000000061d800000| Untracked 
| 119|0x000000061dc00000, 0x000000061dc00000, 0x000000061e000000|  0%| F|  |TAMS 0x000000061dc00000, 0x000000061dc00000| Untracked 
| 120|0x000000061e000000, 0x000000061e000000, 0x000000061e400000|  0%| F|  |TAMS 0x000000061e000000, 0x000000061e000000| Untracked 
| 121|0x000000061e400000, 0x000000061e400000, 0x000000061e800000|  0%| F|  |TAMS 0x000000061e400000, 0x000000061e400000| Untracked 
| 122|0x000000061e800000, 0x000000061eafa7c0, 0x000000061ec00000| 74%| S|CS|TAMS 0x000000061e800000, 0x000000061e800000| Complete 
| 123|0x000000061ec00000, 0x000000061ef83358, 0x000000061f000000| 87%| E|  |TAMS 0x000000061ec00000, 0x000000061ec00000| Complete 
| 124|0x000000061f000000, 0x000000061f400000, 0x000000061f400000|100%| E|CS|TAMS 0x000000061f000000, 0x000000061f000000| Complete 
| 125|0x000000061f400000, 0x000000061f800000, 0x000000061f800000|100%| E|CS|TAMS 0x000000061f400000, 0x000000061f400000| Complete 
| 126|0x000000061f800000, 0x000000061fc00000, 0x000000061fc00000|100%| E|CS|TAMS 0x000000061f800000, 0x000000061f800000| Complete 
| 127|0x000000061fc00000, 0x0000000620000000, 0x0000000620000000|100%| E|CS|TAMS 0x000000061fc00000, 0x000000061fc00000| Complete 
|2046|0x00000007ff800000, 0x00000007ffb74000, 0x00000007ffc00000| 86%|OA|  |TAMS 0x00000007ff800000, 0x00000007ff800000| Untracked 
|2047|0x00000007ffc00000, 0x00000007ffc74000, 0x0000000800000000| 11%|CA|  |TAMS 0x00000007ffc00000, 0x00000007ffc00000| Untracked 

Card table byte_map: [0x000000011e4a0000,0x000000011f4a0000] _byte_map_base: 0x000000011b4a0000

Marking Bits (Prev, Next): (CMBitMap*) 0x000000012b008610, (CMBitMap*) 0x000000012b008650
 Prev Bits: [0x0000000148000000, 0x0000000150000000)
 Next Bits: [0x0000000150000000, 0x0000000158000000)

Polling page: 0x0000000104b58000

Metaspace:

Usage:
  Non-class:     15.60 MB used.
      Class:      2.30 MB used.
       Both:     17.90 MB used.

Virtual space:
  Non-class space:       64.00 MB reserved,      15.75 MB ( 25%) committed,  1 nodes.
      Class space:        1.00 GB reserved,       2.44 MB ( <1%) committed,  1 nodes.
             Both:        1.06 GB reserved,      18.19 MB (  2%) committed. 

Chunk freelists:
   Non-Class:  3.66 MB
       Class:  1.57 MB
        Both:  5.22 MB

MaxMetaspaceSize: unlimited
CompressedClassSpaceSize: 1.00 GB
Initial GC threshold: 21.00 MB
Current GC threshold: 21.00 MB
CDS: on
MetaspaceReclaimPolicy: balanced
 - commit_granule_bytes: 65536.
 - commit_granule_words: 8192.
 - virtual_space_node_default_size: 8388608.
 - enlarge_chunks_in_place: 1.
 - new_chunks_are_fully_committed: 0.
 - uncommit_free_chunks: 1.
 - use_allocation_guard: 0.


Internal statistics:

num_allocs_failed_limit: 0.
num_arena_births: 222.
num_arena_deaths: 0.
num_vsnodes_births: 2.
num_vsnodes_deaths: 0.
num_space_committed: 291.
num_space_uncommitted: 0.
num_chunks_returned_to_freelist: 0.
num_chunks_taken_from_freelist: 844.
num_chunk_merges: 0.
num_chunk_splits: 600.
num_chunks_enlarged: 474.
num_inconsistent_stats: 0.

CodeHeap 'non-profiled nmethods': size=120032Kb used=873Kb max_used=873Kb free=119158Kb
 bounds [0x0000000115f68000, 0x00000001161d8000, 0x000000011d4a0000]
CodeHeap 'profiled nmethods': size=120016Kb used=4478Kb max_used=4478Kb free=115537Kb
 bounds [0x000000010ea34000, 0x000000010ee94000, 0x0000000115f68000]
CodeHeap 'non-nmethods': size=5712Kb used=1365Kb max_used=1425Kb free=4346Kb
 bounds [0x000000010e4a0000, 0x000000010e710000, 0x000000010ea34000]
 total_blobs=2996 nmethods=2265 adapters=647
 compilation: enabled
              stopped_count=0, restarted_count=0
 full_count=0

Compilation events (20 events):
Event: 3.214 Thread 0x000000012b01d000 2305       3       javafx.scene.Scene$ClickCounter::moved (52 bytes)
Event: 3.214 Thread 0x000000012b01d000 nmethod 2305 0x000000010ee8fc10 code [0x000000010ee8fec0, 0x000000010ee90778]
Event: 3.214 Thread 0x000000012b01d000 2306       3       javafx.scene.Scene$ClickCounter::out (10 bytes)
Event: 3.214 Thread 0x000000012b01d000 nmethod 2306 0x000000010ee90c10 code [0x000000010ee90dc0, 0x000000010ee91058]
Event: 3.214 Thread 0x000000012b01d000 2307       3       javafx.scene.Scene::getWindow (22 bytes)
Event: 3.214 Thread 0x000000012b01d000 nmethod 2307 0x000000010ee91190 code [0x000000010ee91380, 0x000000010ee91898]
Event: 3.247 Thread 0x000000012b01d000 2308       3       java.util.WeakHashMap$HashIterator::hasNext (95 bytes)
Event: 3.247 Thread 0x000000012b01d000 nmethod 2308 0x000000010ee91a10 code [0x000000010ee91c00, 0x000000010ee921e8]
Event: 3.288 Thread 0x000000012b01d000 2309       3       java.util.WeakHashMap::size (18 bytes)
Event: 3.289 Thread 0x000000012b01d000 nmethod 2309 0x000000010ee92390 code [0x000000010ee92540, 0x000000010ee92758]
Event: 3.347 Thread 0x000000012b01d000 2310       1       java.util.WeakHashMap$Entry::getValue (5 bytes)
Event: 3.347 Thread 0x000000012b01d000 nmethod 2310 0x0000000116042090 code [0x0000000116042200, 0x00000001160422e8]
Event: 3.413 Thread 0x000000012b01d000 2311       3       java.util.WeakHashMap::isEmpty (13 bytes)
Event: 3.414 Thread 0x000000012b01d000 nmethod 2311 0x000000010ee92810 code [0x000000010ee929c0, 0x000000010ee92c58]
Event: 3.438 Thread 0x000000012b01d000 2312       3       java.util.concurrent.atomic.AtomicBoolean::get (13 bytes)
Event: 3.439 Thread 0x000000012b01d000 nmethod 2312 0x000000010ee92d90 code [0x000000010ee92f40, 0x000000010ee930e8]
Event: 3.447 Thread 0x000000012b01d000 2313       1       com.sun.scenario.animation.AnimationPulse::getEnabled (5 bytes)
Event: 3.448 Thread 0x000000012b01d000 nmethod 2313 0x0000000116042390 code [0x0000000116042500, 0x00000001160425e8]
Event: 3.464 Thread 0x000000012b01d000 2314       3       java.util.WeakHashMap$HashIterator::<init> (41 bytes)
Event: 3.464 Thread 0x000000012b01d000 nmethod 2314 0x000000010ee93190 code [0x000000010ee93380, 0x000000010ee937d8]

GC Heap History (4 events):
Event: 0.338 GC heap before
{Heap before GC invocations=0 (full 0):
 garbage-first heap   total 532480K, used 28576K [0x0000000600000000, 0x0000000800000000)
  region size 4096K, 6 young (24576K), 0 survivors (0K)
 Metaspace       used 8980K, committed 9216K, reserved 1114112K
  class space    used 1033K, committed 1152K, reserved 1048576K
}
Event: 0.341 GC heap after
{Heap after GC invocations=1 (full 0):
 garbage-first heap   total 532480K, used 10927K [0x0000000600000000, 0x0000000800000000)
  region size 4096K, 1 young (4096K), 1 survivors (4096K)
 Metaspace       used 8980K, committed 9216K, reserved 1114112K
  class space    used 1033K, committed 1152K, reserved 1048576K
}
Event: 0.879 GC heap before
{Heap before GC invocations=1 (full 0):
 garbage-first heap   total 532480K, used 27311K [0x0000000600000000, 0x0000000800000000)
  region size 4096K, 6 young (24576K), 1 survivors (4096K)
 Metaspace       used 13569K, committed 13824K, reserved 1114112K
  class space    used 1629K, committed 1728K, reserved 1048576K
}
Event: 0.881 GC heap after
{Heap after GC invocations=2 (full 0):
 garbage-first heap   total 532480K, used 14035K [0x0000000600000000, 0x0000000800000000)
  region size 4096K, 1 young (4096K), 1 survivors (4096K)
 Metaspace       used 13569K, committed 13824K, reserved 1114112K
  class space    used 1629K, committed 1728K, reserved 1048576K
}

Deoptimization events (20 events):
Event: 1.290 Thread 0x000000012eb08a00 Uncommon trap: trap_request=0xffffff45 fr.pc=0x0000000115fe64d4 relative=0x0000000000000194
Event: 1.290 Thread 0x000000012eb08a00 Uncommon trap: reason=unstable_if action=reinterpret pc=0x0000000115fe64d4 method=java.lang.String.isLatin1()Z @ 10 c2
Event: 1.290 Thread 0x000000012eb08a00 DEOPT PACKING pc=0x0000000115fe64d4 sp=0x000000016b4259c0
Event: 1.290 Thread 0x000000012eb08a00 DEOPT UNPACKING pc=0x000000010e4ded1c sp=0x000000016b4258f0 mode 2
Event: 1.290 Thread 0x000000012eb08a00 Uncommon trap: trap_request=0xffffff45 fr.pc=0x0000000115f839e4 relative=0x0000000000000064
Event: 1.290 Thread 0x000000012eb08a00 Uncommon trap: reason=unstable_if action=reinterpret pc=0x0000000115f839e4 method=java.lang.String.isLatin1()Z @ 10 c2
Event: 1.290 Thread 0x000000012eb08a00 DEOPT PACKING pc=0x0000000115f839e4 sp=0x000000016b425920
Event: 1.290 Thread 0x000000012eb08a00 DEOPT UNPACKING pc=0x000000010e4ded1c sp=0x000000016b4258c0 mode 2
Event: 1.294 Thread 0x000000012eb08a00 Uncommon trap: trap_request=0xffffff45 fr.pc=0x0000000115fef3fc relative=0x000000000000087c
Event: 1.294 Thread 0x000000012eb08a00 Uncommon trap: reason=unstable_if action=reinterpret pc=0x0000000115fef3fc method=java.lang.String.<init>([BIILjava/nio/charset/Charset;)V @ 381 c2
Event: 1.294 Thread 0x000000012eb08a00 DEOPT PACKING pc=0x0000000115fef3fc sp=0x000000016b4253c0
Event: 1.294 Thread 0x000000012eb08a00 DEOPT UNPACKING pc=0x000000010e4ded1c sp=0x000000016b425350 mode 2
Event: 1.303 Thread 0x000000012eb08a00 Uncommon trap: trap_request=0xffffff45 fr.pc=0x000000011601c4f4 relative=0x00000000000001b4
Event: 1.303 Thread 0x000000012eb08a00 Uncommon trap: reason=unstable_if action=reinterpret pc=0x000000011601c4f4 method=java.io.ByteArrayInputStream.read()I @ 8 c2
Event: 1.303 Thread 0x000000012eb08a00 DEOPT PACKING pc=0x000000011601c4f4 sp=0x000000016b424da0
Event: 1.303 Thread 0x000000012eb08a00 DEOPT UNPACKING pc=0x000000010e4ded1c sp=0x000000016b424d20 mode 2
Event: 1.303 Thread 0x000000012eb08a00 Uncommon trap: trap_request=0xffffff45 fr.pc=0x000000011600f83c relative=0x000000000000007c
Event: 1.303 Thread 0x000000012eb08a00 Uncommon trap: reason=unstable_if action=reinterpret pc=0x000000011600f83c method=jdk.internal.misc.Unsafe.convEndian(ZI)I @ 4 c2
Event: 1.303 Thread 0x000000012eb08a00 DEOPT PACKING pc=0x000000011600f83c sp=0x000000016b424c00
Event: 1.303 Thread 0x000000012eb08a00 DEOPT UNPACKING pc=0x000000010e4ded1c sp=0x000000016b424b30 mode 2

Classes loaded (20 events):
Event: 1.305 Loading class sun/invoke/util/ValueConversions$1
Event: 1.305 Loading class sun/invoke/util/ValueConversions$1 done
Event: 1.305 Loading class java/lang/invoke/BoundMethodHandle$Species_LI
Event: 1.305 Loading class java/lang/invoke/BoundMethodHandle$Species_LI done
Event: 1.318 Loading class java/util/WeakHashMap$EntrySet
Event: 1.319 Loading class java/util/WeakHashMap$EntrySet done
Event: 1.319 Loading class java/util/WeakHashMap$EntryIterator
Event: 1.319 Loading class java/util/WeakHashMap$EntryIterator done
Event: 1.359 Loading class java/nio/DirectShortBufferU
Event: 1.359 Loading class java/nio/ShortBuffer
Event: 1.359 Loading class java/nio/ShortBuffer done
Event: 1.359 Loading class java/nio/DirectShortBufferU done
Event: 1.367 Loading class java/nio/FloatBuffer
Event: 1.368 Loading class java/nio/FloatBuffer done
Event: 1.368 Loading class java/nio/DoubleBuffer
Event: 1.368 Loading class java/nio/DoubleBuffer done
Event: 3.098 Loading class java/util/concurrent/ConcurrentLinkedQueue
Event: 3.098 Loading class java/util/concurrent/ConcurrentLinkedQueue done
Event: 3.098 Loading class java/util/concurrent/ConcurrentLinkedQueue$Node
Event: 3.098 Loading class java/util/concurrent/ConcurrentLinkedQueue$Node done

Classes unloaded (0 events):
No events

Classes redefined (0 events):
No events

Internal exceptions (20 events):
Event: 0.883 Thread 0x000000012eb08a00 Exception <a 'java/lang/NoSuchMethodError'{0x000000061fc4ff98}: 'java.lang.Object java.lang.invoke.DirectMethodHandle$Holder.invokeStaticInit(java.lang.Object, java.lang.Object, java.lang.Object, java.lang.Object)'> (0x000000061fc4ff98) 
thrown [src/hotspot/share/interpreter/linkResolver.cpp, line 766]
Event: 0.884 Thread 0x000000012eb08a00 Exception <a 'java/lang/NullPointerException'{0x000000061fc5bb50}> (0x000000061fc5bb50) 
thrown [src/hotspot/share/interpreter/linkResolver.cpp, line 1357]
Event: 1.067 Thread 0x000000012eb08a00 Exception <a 'java/lang/NoSuchMethodError'{0x000000061fa5f7a8}: 'void java.lang.invoke.DirectMethodHandle$Holder.invokeStaticInit(java.lang.Object, java.lang.Object)'> (0x000000061fa5f7a8) 
thrown [src/hotspot/share/interpreter/linkResolver.cpp, line 766]
Event: 1.086 Thread 0x000000012eb08a00 Implicit null exception at 0x0000000115fa69f8 to 0x0000000115fa6a88
Event: 1.133 Thread 0x000000012eb08a00 Implicit null exception at 0x000000011601f7d4 to 0x000000011601f99c
Event: 1.133 Thread 0x000000012eb08a00 Implicit null exception at 0x000000011601efd4 to 0x000000011601f190
Event: 1.297 Thread 0x000000012eb08a00 Exception <a 'java/lang/NoSuchMethodError'{0x000000061f2b91a8}: 'java.lang.Object java.lang.invoke.DirectMethodHandle$Holder.invokeInterface(java.lang.Object, java.lang.Object, java.lang.Object)'> (0x000000061f2b91a8) 
thrown [src/hotspot/share/interpreter/linkResolver.cpp, line 766]
Event: 1.298 Thread 0x000000012eb08a00 Exception <a 'java/lang/IncompatibleClassChangeError'{0x000000061f2bc868}: Found class java.lang.Object, but interface was expected> (0x000000061f2bc868) 
thrown [src/hotspot/share/interpreter/linkResolver.cpp, line 833]
Event: 1.305 Thread 0x000000012eb08a00 Exception <a 'java/lang/NoSuchMethodError'{0x000000061f326bc8}: 'int java.lang.invoke.DirectMethodHandle$Holder.invokeSpecial(java.lang.Object, java.lang.Object, int)'> (0x000000061f326bc8) 
thrown [src/hotspot/share/interpreter/linkResolver.cpp, line 766]
Event: 1.305 Thread 0x000000012eb08a00 Exception <a 'java/lang/NoSuchMethodError'{0x000000061f32e510}: 'int java.lang.invoke.DirectMethodHandle$Holder.invokeSpecial(java.lang.Object, java.lang.Object, java.lang.Object, int)'> (0x000000061f32e510) 
thrown [src/hotspot/share/interpreter/linkResolver.cpp, line 766]
Event: 1.306 Thread 0x000000012eb08a00 Exception <a 'java/lang/NoSuchMethodError'{0x000000061f340e38}: 'java.lang.Object java.lang.invoke.DirectMethodHandle$Holder.invokeStatic(java.lang.Object, java.lang.Object, java.lang.Object, java.lang.Object, int)'> (0x000000061f340e38) 
thrown [src/hotspot/share/interpreter/linkResolver.cpp, line 766]
Event: 1.317 Thread 0x000000012eb08a00 Exception <a 'java/lang/NoSuchMethodError'{0x000000061f3c9258}: 'java.lang.Object java.lang.invoke.DirectMethodHandle$Holder.newInvokeSpecial(java.lang.Object, java.lang.Object, int)'> (0x000000061f3c9258) 
thrown [src/hotspot/share/interpreter/linkResolver.cpp, line 766]
Event: 1.356 Thread 0x000000012ead7e00 Exception <a 'java/lang/NoSuchMethodError'{0x000000061ecff8c0}: 'java.lang.Object java.lang.invoke.Invokers$Holder.invokeExact_MT(java.lang.Object, java.lang.Object, java.lang.Object, java.lang.Object, java.lang.Object)'> (0x000000061ecff8c0) 
thrown [src/hotspot/share/interpreter/linkResolver.cpp, line 766]
Event: 3.093 Thread 0x000000012eb08a00 Exception <a 'java/lang/NoSuchMethodError'{0x000000061ee86688}: 'java.lang.Object java.lang.invoke.DirectMethodHandle$Holder.newInvokeSpecial(java.lang.Object, java.lang.Object, int, int, int, int, int, java.lang.Object)'> (0x000000061ee86688) 
thrown [src/hotspot/share/interpreter/linkResolver.cpp, line 766]
Event: 3.094 Thread 0x000000012eb08a00 Exception <a 'java/lang/NoSuchMethodError'{0x000000061ee99a98}: 'java.lang.Object java.lang.invoke.DirectMethodHandle$Holder.newInvokeSpecial(java.lang.Object, java.lang.Object, java.lang.Object, int, int, int, int, int)'> (0x000000061ee99a98) 
thrown [src/hotspot/share/interpreter/linkResolver.cpp, line 766]
Event: 3.094 Thread 0x000000012eb08a00 Exception <a 'java/lang/NoSuchMethodError'{0x000000061eea1300}: 'java.lang.Object java.lang.invoke.Invokers$Holder.linkToTargetMethod(java.lang.Object, java.lang.Object, int, int, int, int, int, java.lang.Object)'> (0x000000061eea1300) 
thrown [src/hotspot/share/interpreter/linkResolver.cpp, line 766]
Event: 3.098 Thread 0x000000012eb08a00 Exception <a 'java/lang/NoSuchMethodError'{0x000000061ef2fb50}: 'long java.lang.invoke.DirectMethodHandle$Holder.invokeStatic(java.lang.Object, java.lang.Object, java.lang.Object)'> (0x000000061ef2fb50) 
thrown [src/hotspot/share/interpreter/linkResolver.cpp, line 766]
Event: 3.098 Thread 0x000000012eb08a00 Exception <a 'java/lang/NoSuchMethodError'{0x000000061ef332f0}: 'long java.lang.invoke.DirectMethodHandle$Holder.invokeStaticInit(java.lang.Object, java.lang.Object, java.lang.Object)'> (0x000000061ef332f0) 
thrown [src/hotspot/share/interpreter/linkResolver.cpp, line 766]
Event: 3.099 Thread 0x000000012eb08a00 Exception <a 'java/lang/NoSuchMethodError'{0x000000061ef4be60}: 'java.lang.Object java.lang.invoke.DirectMethodHandle$Holder.newInvokeSpecial(java.lang.Object, java.lang.Object, long)'> (0x000000061ef4be60) 
thrown [src/hotspot/share/interpreter/linkResolver.cpp, line 766]
Event: 3.100 Thread 0x000000012eb08a00 Exception <a 'java/lang/NoSuchMethodError'{0x000000061ef4f730}: 'java.lang.Object java.lang.invoke.Invokers$Holder.linkToTargetMethod(java.lang.Object, long, java.lang.Object)'> (0x000000061ef4f730) 
thrown [src/hotspot/share/interpreter/linkResolver.cpp, line 766]

VM Operations (20 events):
Event: 0.369 Executing VM operation: ICBufferFull
Event: 0.369 Executing VM operation: ICBufferFull done
Event: 0.382 Executing VM operation: HandshakeAllThreads
Event: 0.382 Executing VM operation: HandshakeAllThreads done
Event: 0.384 Executing VM operation: HandshakeAllThreads
Event: 0.384 Executing VM operation: HandshakeAllThreads done
Event: 0.385 Executing VM operation: HandshakeAllThreads
Event: 0.385 Executing VM operation: HandshakeAllThreads done
Event: 0.878 Executing VM operation: G1CollectForAllocation
Event: 0.881 Executing VM operation: G1CollectForAllocation done
Event: 1.042 Executing VM operation: HandshakeAllThreads
Event: 1.042 Executing VM operation: HandshakeAllThreads done
Event: 1.134 Executing VM operation: ICBufferFull
Event: 1.134 Executing VM operation: ICBufferFull done
Event: 1.289 Executing VM operation: HandshakeAllThreads
Event: 1.289 Executing VM operation: HandshakeAllThreads done
Event: 2.294 Executing VM operation: Cleanup
Event: 2.295 Executing VM operation: Cleanup done
Event: 3.297 Executing VM operation: Cleanup
Event: 3.297 Executing VM operation: Cleanup done

Events (20 events):
Event: 0.602 Loading shared library /Users/mira/.m2/repository/org/openjfx/javafx-graphics/17.0.1/libglass.dylib failed, dlopen(/Users/mira/.m2/repository/org/openjfx/javafx-graphics/17.0.1/libglass.dylib, 0x0001): tried: '/Users/mira/.m2/repository/org/openjfx/javafx
Event: 0.735 Loaded shared library /Users/mira/.openjfx/cache/17.0.1/libglass.dylib
Event: 0.736 Thread 0x000000010513f600 Thread added: 0x000000010513f600
Event: 0.736 Protecting memory [0x000000016d690000,0x000000016d69c000] with protection modes 0
Event: 0.737 Protecting memory [0x000000016ac30000,0x000000016ac3c000] with protection modes 0
Event: 0.737 Thread 0x000000012eb08a00 Thread added: 0x000000012eb08a00
Event: 0.774 Thread 0x000000012b0c3800 Thread added: 0x000000012b0c3800
Event: 0.774 Protecting memory [0x000000016f12c000,0x000000016f138000] with protection modes 0
Event: 0.831 Protecting memory [0x000000016f12c000,0x000000016f138000] with protection modes 3
Event: 0.831 Thread 0x000000012b0c3800 Thread exited: 0x000000012b0c3800
Event: 0.855 Protecting memory [0x000000016f12c000,0x000000016f138000] with protection modes 0
Event: 0.855 Thread 0x000000013c09fc00 Thread added: 0x000000013c09fc00
Event: 0.900 Loading shared library /Users/mira/.m2/repository/org/openjfx/javafx-graphics/17.0.1/libjavafx_font.dylib failed, dlopen(/Users/mira/.m2/repository/org/openjfx/javafx-graphics/17.0.1/libjavafx_font.dylib, 0x0001): tried: '/Users/mira/.m2/repository/org/op
Event: 1.037 Loaded shared library /Users/mira/.openjfx/cache/17.0.1/libjavafx_font.dylib
Event: 1.295 Thread 0x000000012b0d7800 Thread added: 0x000000012b0d7800
Event: 1.295 Protecting memory [0x000000016f4dc000,0x000000016f4e8000] with protection modes 0
Event: 1.606 Protecting memory [0x000000016f12c000,0x000000016f138000] with protection modes 3
Event: 1.606 Thread 0x000000013c09fc00 Thread exited: 0x000000013c09fc00
Event: 3.097 Protecting memory [0x000000016f12c000,0x000000016f138000] with protection modes 0
Event: 3.097 Thread 0x000000013b926000 Thread added: 0x000000013b926000


Dynamic libraries:
0x0000000104b08000 	/opt/homebrew/Cellar/openjdk/18/libexec/openjdk.jdk/Contents/Home/lib/libjli.dylib
0x00000001ae94c000 	/usr/lib/libz.1.dylib
0x00000001aea03000 	/usr/lib/libSystem.B.dylib
0x00000001ae9fd000 	/usr/lib/system/libcache.dylib
0x00000001ae9bb000 	/usr/lib/system/libcommonCrypto.dylib
0x00000001ae9e4000 	/usr/lib/system/libcompiler_rt.dylib
0x00000001ae9db000 	/usr/lib/system/libcopyfile.dylib
0x00000001a3c43000 	/usr/lib/system/libcorecrypto.dylib
0x00000001a3cf6000 	/usr/lib/system/libdispatch.dylib
0x00000001a3ec4000 	/usr/lib/system/libdyld.dylib
0x00000001ae9f3000 	/usr/lib/system/libkeymgr.dylib
0x00000001ae996000 	/usr/lib/system/libmacho.dylib
0x00000001ae08b000 	/usr/lib/system/libquarantine.dylib
0x00000001ae9f0000 	/usr/lib/system/libremovefile.dylib
0x00000001a902c000 	/usr/lib/system/libsystem_asl.dylib
0x00000001a3be5000 	/usr/lib/system/libsystem_blocks.dylib
0x00000001a3d7e000 	/usr/lib/system/libsystem_c.dylib
0x00000001ae9e8000 	/usr/lib/system/libsystem_collections.dylib
0x00000001ad519000 	/usr/lib/system/libsystem_configuration.dylib
0x00000001ac775000 	/usr/lib/system/libsystem_containermanager.dylib
0x00000001ae6f8000 	/usr/lib/system/libsystem_coreservices.dylib
0x00000001a65ec000 	/usr/lib/system/libsystem_darwin.dylib
0x00000001ae9f4000 	/usr/lib/system/libsystem_dnssd.dylib
0x00000001a3d7b000 	/usr/lib/system/libsystem_featureflags.dylib
0x00000001a3ed9000 	/usr/lib/system/libsystem_info.dylib
0x00000001ae95e000 	/usr/lib/system/libsystem_m.dylib
0x00000001a3ccb000 	/usr/lib/system/libsystem_malloc.dylib
0x00000001a8fbb000 	/usr/lib/system/libsystem_networkextension.dylib
0x00000001a6a45000 	/usr/lib/system/libsystem_notify.dylib
0x00000001b4d41000 	/usr/lib/system/libsystem_product_info_filter.dylib
0x00000001ad51e000 	/usr/lib/system/libsystem_sandbox.dylib
0x00000001ae9ed000 	/usr/lib/system/libsystem_secinit.dylib
0x00000001a3e7f000 	/usr/lib/system/libsystem_kernel.dylib
0x00000001a3ed1000 	/usr/lib/system/libsystem_platform.dylib
0x00000001a3eb7000 	/usr/lib/system/libsystem_pthread.dylib
0x00000001aa784000 	/usr/lib/system/libsystem_symptoms.dylib
0x00000001a3c29000 	/usr/lib/system/libsystem_trace.dylib
0x00000001ae9c8000 	/usr/lib/system/libunwind.dylib
0x00000001a3be7000 	/usr/lib/system/libxpc.dylib
0x00000001a3e67000 	/usr/lib/libc++abi.dylib
0x00000001a3d3d000 	/usr/lib/libobjc.A.dylib
0x00000001ae9d3000 	/usr/lib/liboah.dylib
0x00000001a3e00000 	/usr/lib/libc++.1.dylib
0x00000001ba85a000 	/System/Library/Frameworks/Cocoa.framework/Versions/A/Cocoa
0x00000001a6aa6000 	/System/Library/Frameworks/AppKit.framework/Versions/C/AppKit
0x00000001a9fac000 	/System/Library/Frameworks/CoreData.framework/Versions/A/CoreData
0x00000001a4e01000 	/System/Library/Frameworks/Foundation.framework/Versions/C/Foundation
0x00000001a795e000 	/System/Library/PrivateFrameworks/UIFoundation.framework/Versions/A/UIFoundation
0x00000001b4a3b000 	/System/Library/PrivateFrameworks/RemoteViewServices.framework/Versions/A/RemoteViewServices
0x00000001acec1000 	/System/Library/PrivateFrameworks/XCTTargetBootstrap.framework/Versions/A/XCTTargetBootstrap
0x00000001b073f000 	/System/Library/PrivateFrameworks/InternationalSupport.framework/Versions/A/InternationalSupport
0x00000001b07c8000 	/System/Library/PrivateFrameworks/UserActivity.framework/Versions/A/UserActivity
0x00000001afc3a000 	/usr/lib/libspindump.dylib
0x00000001a7bcf000 	/System/Library/Frameworks/UniformTypeIdentifiers.framework/Versions/A/UniformTypeIdentifiers
0x00000001ab40c000 	/usr/lib/libapp_launch_measurement.dylib
0x00000001aa936000 	/System/Library/PrivateFrameworks/CoreAnalytics.framework/Versions/A/CoreAnalytics
0x00000001ab40f000 	/System/Library/PrivateFrameworks/CoreAutoLayout.framework/Versions/A/CoreAutoLayout
0x00000001ac7b2000 	/System/Library/Frameworks/Metal.framework/Versions/A/Metal
0x00000001ad529000 	/usr/lib/liblangid.dylib
0x00000001acec6000 	/System/Library/PrivateFrameworks/CoreSVG.framework/Versions/A/CoreSVG
0x00000001a9060000 	/System/Library/PrivateFrameworks/SkyLight.framework/Versions/A/SkyLight
0x00000001a9435000 	/System/Library/Frameworks/CoreGraphics.framework/Versions/A/CoreGraphics
0x00000001b5107000 	/System/Library/Frameworks/Accelerate.framework/Versions/A/Accelerate
0x00000001af6b1000 	/System/Library/PrivateFrameworks/IconServices.framework/Versions/A/IconServices
0x00000001ac794000 	/System/Library/Frameworks/IOSurface.framework/Versions/A/IOSurface
0x00000001aa967000 	/usr/lib/libDiagnosticMessagesClient.dylib
0x00000001b8608000 	/System/Library/Frameworks/ApplicationServices.framework/Versions/A/ApplicationServices
0x00000001acea9000 	/System/Library/PrivateFrameworks/DFRFoundation.framework/Versions/A/DFRFoundation
0x00000001a6336000 	/usr/lib/libicucore.A.dylib
0x00000001b15eb000 	/System/Library/Frameworks/AudioToolbox.framework/Versions/A/AudioToolbox
0x00000001b074b000 	/System/Library/PrivateFrameworks/DataDetectorsCore.framework/Versions/A/DataDetectorsCore
0x00000001c708b000 	/System/Library/PrivateFrameworks/TextInput.framework/Versions/A/TextInput
0x00000001a8fd5000 	/usr/lib/libMobileGestalt.dylib
0x00000001acb75000 	/System/Library/Frameworks/Carbon.framework/Versions/A/Frameworks/HIToolbox.framework/Versions/A/HIToolbox
0x00000001aade8000 	/System/Library/Frameworks/QuartzCore.framework/Versions/A/QuartzCore
0x00000001a5fb9000 	/System/Library/Frameworks/Security.framework/Versions/A/Security
0x00000001b4a7b000 	/System/Library/Frameworks/Carbon.framework/Versions/A/Frameworks/SpeechRecognition.framework/Versions/A/SpeechRecognition
0x00000001ab162000 	/System/Library/PrivateFrameworks/CoreUI.framework/Versions/A/CoreUI
0x00000001a5896000 	/System/Library/Frameworks/CoreAudio.framework/Versions/A/CoreAudio
0x00000001aaa5c000 	/System/Library/Frameworks/DiskArbitration.framework/Versions/A/DiskArbitration
0x00000001b0044000 	/System/Library/PrivateFrameworks/MultitouchSupport.framework/Versions/A/MultitouchSupport
0x00000001a8fd3000 	/usr/lib/libenergytrace.dylib
0x00000001a696e000 	/System/Library/Frameworks/IOKit.framework/Versions/A/IOKit
0x00000001b4e6a000 	/System/Library/Frameworks/CoreServices.framework/Versions/A/CoreServices
0x00000001ab39c000 	/System/Library/PrivateFrameworks/PerformanceAnalysis.framework/Versions/A/PerformanceAnalysis
0x0000000205373000 	/System/Library/Frameworks/OpenGL.framework/Versions/A/OpenGL
0x00000001adfa3000 	/System/Library/PrivateFrameworks/MobileKeyBag.framework/Versions/A/MobileKeyBag
0x00000001a9a42000 	/System/Library/Frameworks/ColorSync.framework/Versions/A/ColorSync
0x00000001a3f06000 	/System/Library/Frameworks/CoreFoundation.framework/Versions/A/CoreFoundation
0x00000001ad145000 	/System/Library/Frameworks/CoreImage.framework/Versions/A/CoreImage
0x00000001a56ba000 	/System/Library/Frameworks/CoreText.framework/Versions/A/CoreText
0x00000001acef6000 	/System/Library/Frameworks/ImageIO.framework/Versions/A/ImageIO
0x00000001aea09000 	/System/Library/PrivateFrameworks/SoftLinking.framework/Versions/A/SoftLinking
0x00000001ab45a000 	/usr/lib/libxml2.2.dylib
0x00000001aeca2000 	/usr/lib/libcompression.dylib
0x00000001b069b000 	/System/Library/PrivateFrameworks/TextureIO.framework/Versions/A/TextureIO
0x00000001af3ca000 	/usr/lib/libate.dylib
0x00000001af28f000 	/usr/lib/liblzma.5.dylib
0x00000001a4af5000 	/System/Library/Frameworks/SystemConfiguration.framework/Versions/A/SystemConfiguration
0x00000001aea05000 	/usr/lib/libfakelink.dylib
0x00000001a8b07000 	/System/Library/Frameworks/CFNetwork.framework/Versions/A/CFNetwork
0x00000001aeb4b000 	/usr/lib/libarchive.2.dylib
0x00000001ad525000 	/System/Library/PrivateFrameworks/AppleSystemInfo.framework/Versions/A/AppleSystemInfo
0x00000001ae0b6000 	/usr/lib/libbsm.0.dylib
0x00000001a8078000 	/usr/lib/libnetwork.dylib
0x00000001ae99f000 	/usr/lib/system/libkxld.dylib
0x00000001adcc9000 	/System/Library/PrivateFrameworks/IOMobileFramebuffer.framework/Versions/A/IOMobileFramebuffer
0x0000000222c9f000 	/usr/lib/libCoreEntitlements.dylib
0x00000001ae6da000 	/System/Library/PrivateFrameworks/AppleFSCompression.framework/Versions/A/AppleFSCompression
0x00000001ae09e000 	/usr/lib/libcoretls.dylib
0x00000001af2a8000 	/usr/lib/libcoretls_cfhelpers.dylib
0x00000001aec9d000 	/usr/lib/libpam.2.dylib
0x00000001aa39b000 	/usr/lib/libsqlite3.dylib
0x00000001af311000 	/usr/lib/libxar.1.dylib
0x00000001ae6eb000 	/usr/lib/libbz2.1.0.dylib
0x00000001aea0a000 	/usr/lib/libpcap.A.dylib
0x00000001aa77b000 	/usr/lib/libdns_services.dylib
0x00000001aec70000 	/usr/lib/libapple_nghttp2.dylib
0x00000001aea47000 	/usr/lib/libiconv.2.dylib
0x00000001ae995000 	/usr/lib/libcharset.1.dylib
0x00000001ab3d8000 	/System/Library/Frameworks/CoreServices.framework/Versions/A/Frameworks/FSEvents.framework/Versions/A/FSEvents
0x00000001a65f7000 	/System/Library/Frameworks/CoreServices.framework/Versions/A/Frameworks/CarbonCore.framework/Versions/A/CarbonCore
0x00000001aa9bc000 	/System/Library/Frameworks/CoreServices.framework/Versions/A/Frameworks/Metadata.framework/Versions/A/Metadata
0x00000001ae6fe000 	/System/Library/Frameworks/CoreServices.framework/Versions/A/Frameworks/OSServices.framework/Versions/A/OSServices
0x00000001aebd1000 	/System/Library/Frameworks/CoreServices.framework/Versions/A/Frameworks/SearchKit.framework/Versions/A/SearchKit
0x00000001aa70a000 	/System/Library/Frameworks/CoreServices.framework/Versions/A/Frameworks/AE.framework/Versions/A/AE
0x00000001a444c000 	/System/Library/Frameworks/CoreServices.framework/Versions/A/Frameworks/LaunchServices.framework/Versions/A/LaunchServices
0x00000001af238000 	/System/Library/Frameworks/CoreServices.framework/Versions/A/Frameworks/DictionaryServices.framework/Versions/A/DictionaryServices
0x00000001ab3e5000 	/System/Library/Frameworks/CoreServices.framework/Versions/A/Frameworks/SharedFileList.framework/Versions/A/SharedFileList
0x00000001ae08e000 	/usr/lib/libCheckFix.dylib
0x00000001a9044000 	/System/Library/PrivateFrameworks/TCC.framework/Versions/A/TCC
0x00000001ad52b000 	/System/Library/PrivateFrameworks/CoreNLP.framework/Versions/A/CoreNLP
0x00000001aa96a000 	/System/Library/PrivateFrameworks/MetadataUtilities.framework/Versions/A/MetadataUtilities
0x00000001a4bae000 	/usr/lib/libmecabra.dylib
0x00000001ae0c7000 	/usr/lib/libmecab.dylib
0x00000001a4b7a000 	/usr/lib/libCRFSuite.dylib
0x00000001ae124000 	/usr/lib/libgermantok.dylib
0x00000001aec49000 	/usr/lib/libThaiTokenizer.dylib
0x00000001aaa64000 	/System/Library/Frameworks/Accelerate.framework/Versions/A/Frameworks/vImage.framework/Versions/A/vImage
0x00000001b4e41000 	/System/Library/Frameworks/Accelerate.framework/Versions/A/Frameworks/vecLib.framework/Versions/A/vecLib
0x00000001af356000 	/System/Library/Frameworks/Accelerate.framework/Versions/A/Frameworks/vecLib.framework/Versions/A/libvMisc.dylib
0x00000001adbd0000 	/System/Library/Frameworks/Accelerate.framework/Versions/A/Frameworks/vecLib.framework/Versions/A/libvDSP.dylib
0x00000001a47d5000 	/System/Library/Frameworks/Accelerate.framework/Versions/A/Frameworks/vecLib.framework/Versions/A/libBLAS.dylib
0x00000001aed73000 	/System/Library/Frameworks/Accelerate.framework/Versions/A/Frameworks/vecLib.framework/Versions/A/libLAPACK.dylib
0x00000001ae127000 	/System/Library/Frameworks/Accelerate.framework/Versions/A/Frameworks/vecLib.framework/Versions/A/libLinearAlgebra.dylib
0x00000001aec88000 	/System/Library/Frameworks/Accelerate.framework/Versions/A/Frameworks/vecLib.framework/Versions/A/libSparseBLAS.dylib
0x00000001aed6e000 	/System/Library/Frameworks/Accelerate.framework/Versions/A/Frameworks/vecLib.framework/Versions/A/libQuadrature.dylib
0x00000001ad624000 	/System/Library/Frameworks/Accelerate.framework/Versions/A/Frameworks/vecLib.framework/Versions/A/libBNNS.dylib
0x00000001a4a93000 	/System/Library/Frameworks/Accelerate.framework/Versions/A/Frameworks/vecLib.framework/Versions/A/libSparse.dylib
0x00000001ad61c000 	/System/Library/PrivateFrameworks/LinguisticData.framework/Versions/A/LinguisticData
0x00000001a4a4b000 	/System/Library/PrivateFrameworks/Lexicon.framework/Versions/A/Lexicon
0x00000001af34e000 	/usr/lib/libChineseTokenizer.dylib
0x00000001a51f2000 	/System/Library/PrivateFrameworks/LanguageModeling.framework/Versions/A/LanguageModeling
0x00000001aec4b000 	/System/Library/PrivateFrameworks/AppleSauce.framework/Versions/A/AppleSauce
0x00000001adcb6000 	/System/Library/PrivateFrameworks/CoreEmoji.framework/Versions/A/CoreEmoji
0x00000001aeb39000 	/usr/lib/libcmph.dylib
0x00000001ab3b8000 	/System/Library/Frameworks/OpenDirectory.framework/Versions/A/Frameworks/CFOpenDirectory.framework/Versions/A/CFOpenDirectory
0x00000001ab3a8000 	/System/Library/Frameworks/OpenDirectory.framework/Versions/A/OpenDirectory
0x00000001af2aa000 	/System/Library/PrivateFrameworks/APFS.framework/Versions/A/APFS
0x00000001adfde000 	/System/Library/Frameworks/SecurityFoundation.framework/Versions/A/SecurityFoundation
0x00000001af320000 	/usr/lib/libutil.dylib
0x00000001a6930000 	/System/Library/PrivateFrameworks/CoreServicesStore.framework/Versions/A/CoreServicesStore
0x00000001af324000 	/usr/lib/libxslt.1.dylib
0x00000001ae072000 	/System/Library/PrivateFrameworks/BackgroundTaskManagement.framework/Versions/A/BackgroundTaskManagement
0x00000001b05bc000 	/System/Library/Frameworks/ImageIO.framework/Versions/A/Resources/libRadiance.dylib
0x00000001b05c5000 	/System/Library/Frameworks/ImageIO.framework/Versions/A/Resources/libJPEG.dylib
0x00000001b0518000 	/System/Library/Frameworks/ImageIO.framework/Versions/A/Resources/libPng.dylib
0x00000001b053a000 	/System/Library/Frameworks/ImageIO.framework/Versions/A/Resources/libTIFF.dylib
0x00000001b0620000 	/System/Library/Frameworks/ImageIO.framework/Versions/A/Resources/libGIF.dylib
0x00000001aff54000 	/System/Library/Frameworks/ImageIO.framework/Versions/A/Resources/libJP2.dylib
0x00000001af676000 	/usr/lib/libexpat.1.dylib
0x00000001aff0f000 	/System/Library/PrivateFrameworks/AppleJPEG.framework/Versions/A/AppleJPEG
0x00000001aca31000 	/System/Library/PrivateFrameworks/FontServices.framework/libFontParser.dylib
0x00000001aa6af000 	/System/Library/PrivateFrameworks/RunningBoardServices.framework/Versions/A/RunningBoardServices
0x00000001baf2d000 	/System/Library/PrivateFrameworks/IOSurfaceAccelerator.framework/Versions/A/IOSurfaceAccelerator
0x00000001b0040000 	/System/Library/PrivateFrameworks/WatchdogClient.framework/Versions/A/WatchdogClient
0x00000001a52f6000 	/System/Library/Frameworks/CoreDisplay.framework/Versions/A/CoreDisplay
0x00000001ac91b000 	/System/Library/Frameworks/CoreMedia.framework/Versions/A/CoreMedia
0x00000001ac7a8000 	/System/Library/PrivateFrameworks/IOAccelerator.framework/Versions/A/IOAccelerator
0x00000001ab548000 	/System/Library/Frameworks/CoreVideo.framework/Versions/A/CoreVideo
0x00000001aec9b000 	/System/Library/Frameworks/MetalPerformanceShaders.framework/Versions/A/MetalPerformanceShaders
0x00000001b007f000 	/System/Library/Frameworks/VideoToolbox.framework/Versions/A/VideoToolbox
0x00000001aa5f3000 	/System/Library/PrivateFrameworks/BaseBoard.framework/Versions/A/BaseBoard
0x00000001aa381000 	/System/Library/PrivateFrameworks/ProtocolBuffer.framework/Versions/A/ProtocolBuffer
0x00000001b05b7000 	/System/Library/PrivateFrameworks/GPUWrangler.framework/Versions/A/GPUWrangler
0x00000001b0597000 	/System/Library/PrivateFrameworks/IOPresentment.framework/Versions/A/IOPresentment
0x00000001b05bf000 	/System/Library/PrivateFrameworks/DSExternalDisplay.framework/Versions/A/DSExternalDisplay
0x0000000205366000 	/System/Library/Frameworks/OpenGL.framework/Versions/A/Libraries/libCoreFSCache.dylib
0x000000020f825000 	/System/Library/PrivateFrameworks/GPUCompiler.framework/Versions/31001/Libraries/libGPUCompilerUtils.dylib
0x00000001b0625000 	/System/Library/PrivateFrameworks/CMCaptureCore.framework/Versions/A/CMCaptureCore
0x00000001afc27000 	/System/Library/PrivateFrameworks/AppServerSupport.framework/Versions/A/AppServerSupport
0x00000001b1ea8000 	/System/Library/PrivateFrameworks/perfdata.framework/Versions/A/perfdata
0x00000001a5416000 	/System/Library/PrivateFrameworks/AudioToolboxCore.framework/Versions/A/AudioToolboxCore
0x00000001ac8f4000 	/System/Library/PrivateFrameworks/caulk.framework/Versions/A/caulk
0x00000001b179d000 	/usr/lib/libAudioStatistics.dylib
0x00000001c36f2000 	/System/Library/PrivateFrameworks/SystemPolicy.framework/Versions/A/SystemPolicy
0x00000001b1a09000 	/usr/lib/libSMC.dylib
0x00000001ba73c000 	/System/Library/Frameworks/CoreMIDI.framework/Versions/A/CoreMIDI
0x00000001b04e6000 	/usr/lib/libAudioToolboxUtility.dylib
0x00000001bf7bf000 	/System/Library/PrivateFrameworks/OSAServicesClient.framework/Versions/A/OSAServicesClient
0x00000001b1eb5000 	/usr/lib/libperfcheck.dylib
0x00000001c420a000 	/usr/lib/libmis.dylib
0x00000002053c8000 	/System/Library/Frameworks/OpenGL.framework/Versions/A/Libraries/libGLU.dylib
0x0000000205387000 	/System/Library/Frameworks/OpenGL.framework/Versions/A/Libraries/libGFXShared.dylib
0x0000000205574000 	/System/Library/Frameworks/OpenGL.framework/Versions/A/Libraries/libGL.dylib
0x0000000205390000 	/System/Library/Frameworks/OpenGL.framework/Versions/A/Libraries/libGLImage.dylib
0x0000000205384000 	/System/Library/Frameworks/OpenGL.framework/Versions/A/Libraries/libCVMSPluginSupport.dylib
0x000000020536d000 	/System/Library/Frameworks/OpenGL.framework/Versions/A/Libraries/libCoreVMClient.dylib
0x00000001ad4a5000 	/System/Library/Frameworks/MetalPerformanceShaders.framework/Versions/A/Frameworks/MPSCore.framework/Versions/A/MPSCore
0x00000001ae64d000 	/System/Library/Frameworks/MetalPerformanceShaders.framework/Versions/A/Frameworks/MPSImage.framework/Versions/A/MPSImage
0x00000001ae13c000 	/System/Library/Frameworks/MetalPerformanceShaders.framework/Versions/A/Frameworks/MPSNeuralNetwork.framework/Versions/A/MPSNeuralNetwork
0x00000001ae575000 	/System/Library/Frameworks/MetalPerformanceShaders.framework/Versions/A/Frameworks/MPSMatrix.framework/Versions/A/MPSMatrix
0x00000001ae34e000 	/System/Library/Frameworks/MetalPerformanceShaders.framework/Versions/A/Frameworks/MPSRayIntersector.framework/Versions/A/MPSRayIntersector
0x00000001ae5a6000 	/System/Library/Frameworks/MetalPerformanceShaders.framework/Versions/A/Frameworks/MPSNDArray.framework/Versions/A/MPSNDArray
0x00000002074df000 	/System/Library/Frameworks/MetalPerformanceShaders.framework/Versions/A/Frameworks/MPSFunctions.framework/Versions/A/MPSFunctions
0x00000001a46ac000 	/System/Library/PrivateFrameworks/MetalTools.framework/Versions/A/MetalTools
0x00000001ad523000 	/System/Library/PrivateFrameworks/AggregateDictionary.framework/Versions/A/AggregateDictionary
0x00000001af45b000 	/usr/lib/libIOReport.dylib
0x00000001b975a000 	/System/Library/PrivateFrameworks/ASEProcessing.framework/Versions/A/ASEProcessing
0x00000001af7d0000 	/System/Library/PrivateFrameworks/FaceCore.framework/Versions/A/FaceCore
0x00000001af7c2000 	/System/Library/PrivateFrameworks/GraphVisualizer.framework/Versions/A/GraphVisualizer
0x000000020f73c000 	/System/Library/PrivateFrameworks/FontServices.framework/Versions/A/FontServices
0x00000001afbe3000 	/System/Library/PrivateFrameworks/OTSVG.framework/Versions/A/OTSVG
0x00000001ab112000 	/System/Library/Frameworks/ApplicationServices.framework/Versions/A/Frameworks/ATS.framework/Versions/A/Resources/libFontRegistry.dylib
0x00000001afc30000 	/System/Library/PrivateFrameworks/FontServices.framework/libhvf.dylib
0x000000020f73d000 	/System/Library/PrivateFrameworks/FontServices.framework/libXTFontStaticRegistryData.dylib
0x0000000205715000 	/System/Library/Frameworks/OpenCL.framework/Versions/A/OpenCL
0x00000001af62a000 	/System/Library/PrivateFrameworks/AppleVA.framework/Versions/A/AppleVA
0x00000001b17c5000 	/System/Library/Frameworks/ApplicationServices.framework/Versions/A/Frameworks/ATS.framework/Versions/A/ATS
0x00000001a9b3f000 	/System/Library/Frameworks/ApplicationServices.framework/Versions/A/Frameworks/HIServices.framework/Versions/A/HIServices
0x00000001b062f000 	/System/Library/Frameworks/ApplicationServices.framework/Versions/A/Frameworks/PrintCore.framework/Versions/A/PrintCore
0x00000001b1b5c000 	/System/Library/Frameworks/ApplicationServices.framework/Versions/A/Frameworks/QD.framework/Versions/A/QD
0x00000001b1b54000 	/System/Library/Frameworks/ApplicationServices.framework/Versions/A/Frameworks/ColorSyncLegacy.framework/Versions/A/ColorSyncLegacy
0x00000001b17b1000 	/System/Library/Frameworks/ApplicationServices.framework/Versions/A/Frameworks/SpeechSynthesis.framework/Versions/A/SpeechSynthesis
0x00000001b05f0000 	/System/Library/Frameworks/ApplicationServices.framework/Versions/A/Frameworks/ATSUI.framework/Versions/A/ATSUI
0x00000001b1ae9000 	/usr/lib/libcups.2.dylib
0x00000001b1ec3000 	/System/Library/Frameworks/Kerberos.framework/Versions/A/Kerberos
0x00000001b1ed4000 	/System/Library/Frameworks/GSS.framework/Versions/A/GSS
0x00000001b1835000 	/usr/lib/libresolv.9.dylib
0x00000001afc3f000 	/System/Library/PrivateFrameworks/Heimdal.framework/Versions/A/Heimdal
0x00000001b898f000 	/System/Library/Frameworks/Kerberos.framework/Versions/A/Libraries/libHeimdalProxy.dylib
0x00000001aa78d000 	/System/Library/Frameworks/Network.framework/Versions/A/Network
0x00000001af691000 	/usr/lib/libheimdal-asn1.dylib
0x00000001b1f24000 	/System/Library/PrivateFrameworks/CommonAuth.framework/Versions/A/CommonAuth
0x00000001b172b000 	/System/Library/PrivateFrameworks/AudioSession.framework/Versions/A/AudioSession
0x00000001af723000 	/System/Library/PrivateFrameworks/MediaExperience.framework/Versions/A/MediaExperience
0x00000001b15b1000 	/System/Library/PrivateFrameworks/AudioSession.framework/libSessionUtility.dylib
0x00000001b1b68000 	/System/Library/PrivateFrameworks/AudioResourceArbitration.framework/Versions/A/AudioResourceArbitration
0x00000001b5d1e000 	/System/Library/PrivateFrameworks/PowerLog.framework/Versions/A/PowerLog
0x00000001af69b000 	/System/Library/PrivateFrameworks/IconFoundation.framework/Versions/A/IconFoundation
0x00000001b4a67000 	/System/Library/PrivateFrameworks/SpeechRecognitionCore.framework/Versions/A/SpeechRecognitionCore
0x0000000105adc000 	/opt/homebrew/Cellar/openjdk/18/libexec/openjdk.jdk/Contents/Home/lib/server/libjvm.dylib
0x0000000104b6c000 	/opt/homebrew/Cellar/openjdk/18/libexec/openjdk.jdk/Contents/Home/lib/libjimage.dylib
0x0000000104ca8000 	/opt/homebrew/Cellar/openjdk/18/libexec/openjdk.jdk/Contents/Home/lib/libjava.dylib
0x0000000104f5c000 	/opt/homebrew/Cellar/openjdk/18/libexec/openjdk.jdk/Contents/Home/lib/libnio.dylib
0x0000000104f7c000 	/opt/homebrew/Cellar/openjdk/18/libexec/openjdk.jdk/Contents/Home/lib/libnet.dylib
0x0000000104f3c000 	/opt/homebrew/Cellar/openjdk/18/libexec/openjdk.jdk/Contents/Home/lib/libzip.dylib
0x0000000104f9c000 	/Users/mira/.openjfx/cache/17.0.1/libprism_es2.dylib
0x00000001a68f3000 	/System/Library/PrivateFrameworks/CoreServicesInternal.framework/Versions/A/CoreServicesInternal
0x000000020557e000 	/System/Library/Frameworks/OpenGL.framework/Versions/A/Resources/GLEngine.bundle/GLEngine
0x0000000205406000 	/System/Library/Frameworks/OpenGL.framework/Versions/A/Libraries/libGLProgrammability.dylib
0x000000012ad00000 	/System/Library/Extensions/AppleMetalOpenGLRenderer.bundle/Contents/MacOS/AppleMetalOpenGLRenderer
0x00000002056ed000 	/System/Library/Frameworks/OpenGL.framework/Versions/A/Resources/GLRendererFloat.bundle/GLRendererFloat
0x00000001ea665000 	/System/Library/Extensions/AGXMetalG13X.bundle/Contents/MacOS/AGXMetalG13X
0x00000001c4226000 	/System/Library/PrivateFrameworks/GPURawCounter.framework/Versions/A/GPURawCounter
0x00000001be930000 	/System/Library/PrivateFrameworks/IOGPU.framework/Versions/A/IOGPU
0x000000012e774000 	/Users/mira/.openjfx/cache/17.0.1/libglass.dylib
0x00000001b5f76000 	/System/Library/Frameworks/FileProvider.framework/Versions/A/FileProvider
0x00000001aa55b000 	/System/Library/Frameworks/Accounts.framework/Versions/A/Accounts
0x00000001b60fa000 	/System/Library/PrivateFrameworks/GenerationalStorage.framework/Versions/A/GenerationalStorage
0x00000001b6cbd000 	/System/Library/PrivateFrameworks/CoreSymbolication.framework/Versions/A/CoreSymbolication
0x00000001b5d12000 	/System/Library/PrivateFrameworks/SymptomDiagnosticReporter.framework/Versions/A/SymptomDiagnosticReporter
0x00000001a7be3000 	/System/Library/PrivateFrameworks/DesktopServicesPriv.framework/Versions/A/DesktopServicesPriv
0x00000001a6a55000 	/usr/lib/libsandbox.1.dylib
0x00000001ab5d6000 	/System/Library/PrivateFrameworks/UserManagement.framework/Versions/A/UserManagement
0x00000001b6c7a000 	/System/Library/PrivateFrameworks/DebugSymbols.framework/Versions/A/DebugSymbols
0x00000001b1b47000 	/System/Library/PrivateFrameworks/NetAuth.framework/Versions/A/NetAuth
0x00000001b2a65000 	/System/Library/PrivateFrameworks/Sharing.framework/Versions/A/Sharing
0x00000001ab5a6000 	/System/Library/PrivateFrameworks/login.framework/Versions/A/Frameworks/loginsupport.framework/Versions/A/loginsupport
0x00000001b7eaf000 	/System/Library/PrivateFrameworks/Apple80211.framework/Versions/A/Apple80211
0x00000001ae731000 	/System/Library/PrivateFrameworks/AuthKit.framework/Versions/A/AuthKit
0x00000001addb2000 	/System/Library/PrivateFrameworks/CoreUtils.framework/Versions/A/CoreUtils
0x00000001adcd5000 	/System/Library/Frameworks/CoreWLAN.framework/Versions/A/CoreWLAN
0x00000001b2bd5000 	/System/Library/Frameworks/IOBluetooth.framework/Versions/A/IOBluetooth
0x00000001b7f0f000 	/System/Library/PrivateFrameworks/CoreWiFi.framework/Versions/A/CoreWiFi
0x00000001b685a000 	/System/Library/PrivateFrameworks/FrontBoardServices.framework/Versions/A/FrontBoardServices
0x00000001b68f2000 	/System/Library/PrivateFrameworks/BoardServices.framework/Versions/A/BoardServices
0x00000001adfcc000 	/System/Library/PrivateFrameworks/AssertionServices.framework/Versions/A/AssertionServices
0x00000001b808c000 	/System/Library/PrivateFrameworks/BackBoardServices.framework/Versions/A/BackBoardServices
0x00000001b1fbb000 	/System/Library/PrivateFrameworks/CorePhoneNumbers.framework/Versions/A/CorePhoneNumbers
0x00000001b5e42000 	/System/Library/PrivateFrameworks/DiskManagement.framework/Versions/A/DiskManagement
0x00000001b5d45000 	/System/Library/PrivateFrameworks/AppleIDAuthSupport.framework/Versions/A/AppleIDAuthSupport
0x0000000209d06000 	/System/Library/PrivateFrameworks/AAAFoundation.framework/Versions/A/AAAFoundation
0x00000001b1f9a000 	/System/Library/PrivateFrameworks/KeychainCircle.framework/Versions/A/KeychainCircle
0x00000001b5e0e000 	/System/Library/PrivateFrameworks/MediaKit.framework/Versions/A/MediaKit
0x00000001b5d52000 	/System/Library/Frameworks/DiscRecording.framework/Versions/A/DiscRecording
0x00000001af5a6000 	/usr/lib/libCoreStorage.dylib
0x00000001b8389000 	/usr/lib/libcsfde.dylib
0x00000001b2caa000 	/System/Library/PrivateFrameworks/ProtectedCloudStorage.framework/Versions/A/ProtectedCloudStorage
0x00000001b8381000 	/System/Library/PrivateFrameworks/EFILogin.framework/Versions/A/EFILogin
0x00000001b6121000 	/System/Library/PrivateFrameworks/OctagonTrust.framework/Versions/A/OctagonTrust
0x000000020e8d7000 	/System/Library/PrivateFrameworks/CoreUtilsExtras.framework/Versions/A/CoreUtilsExtras
0x00000001b5c77000 	/System/Library/Frameworks/CoreBluetooth.framework/Versions/A/CoreBluetooth
0x00000001b8a14000 	/System/Library/Frameworks/AudioUnit.framework/Versions/A/AudioUnit
0x00000001af59e000 	/usr/lib/libMatch.1.dylib
0x00000001c86d2000 	/System/Library/Frameworks/Accelerate.framework/Versions/A/Frameworks/vImage.framework/Versions/A/Libraries/libCGInterfaces.dylib
0x0000000139694000 	/usr/lib/libobjc-trampolines.dylib
0x00000001ab2a0000 	/System/Library/PrivateFrameworks/ViewBridge.framework/Versions/A/ViewBridge
0x000000013d250000 	/Users/mira/.openjfx/cache/17.0.1/libjavafx_font.dylib
0x00000001afd02000 	/System/Library/PrivateFrameworks/login.framework/Versions/A/login
0x0000000222e1d000 	/usr/lib/libRosetta.dylib


VM Arguments:
jvm_args: --module-path=/Users/mira/.m2/repository/org/openjfx/javafx-base/17.0.1/javafx-base-17.0.1-mac-aarch64.jar:/Users/mira/.m2/repository/org/openjfx/javafx-base/17.0.1/javafx-base-17.0.1.jar:/Users/mira/.m2/repository/org/openjfx/javafx-controls/17.0.1/javafx-controls-17.0.1-mac-aarch64.jar:/Users/mira/.m2/repository/org/openjfx/javafx-controls/17.0.1/javafx-controls-17.0.1.jar:/Users/mira/.m2/repository/org/openjfx/javafx-graphics/17.0.1/javafx-graphics-17.0.1-mac-aarch64.jar:/Users/mira/.m2/repository/org/openjfx/javafx-graphics/17.0.1/javafx-graphics-17.0.1.jar --add-modules=javafx.base,javafx.controls,javafx.graphics --add-modules=ALL-DEFAULT 
java_command: jdk.compiler/com.sun.tools.javac.launcher.Main src/main/java/edu/bu/met/cs665/Main.java
java_class_path (initial): /Users/mira/Documents/Boston University/CS665/met-cs665-assignment-project/target/classes:/Users/mira/.m2/repository/org/apache/logging/log4j/log4j-1.2-api/2.13.1/log4j-1.2-api-2.13.1.jar:/Users/mira/.m2/repository/org/apache/logging/log4j/log4j-api/2.13.1/log4j-api-2.13.1.jar:/Users/mira/.m2/repository/org/apache/logging/log4j/log4j-core/2.17.2/log4j-core-2.17.2.jar
Launcher Type: SUN_STANDARD

[Global flags]
     intx CICompilerCount                          = 4                                         {product} {ergonomic}
     uint ConcGCThreads                            = 2                                         {product} {ergonomic}
     uint G1ConcRefinementThreads                  = 9                                         {product} {ergonomic}
   size_t G1HeapRegionSize                         = 4194304                                   {product} {ergonomic}
    uintx GCDrainStackTargetSize                   = 64                                        {product} {ergonomic}
   size_t InitialHeapSize                          = 536870912                                 {product} {ergonomic}
   size_t MarkStackSize                            = 4194304                                   {product} {ergonomic}
   size_t MaxHeapSize                              = 8589934592                                {product} {ergonomic}
   size_t MaxNewSize                               = 5150605312                                {product} {ergonomic}
   size_t MinHeapDeltaBytes                        = 4194304                                   {product} {ergonomic}
   size_t MinHeapSize                              = 8388608                                   {product} {ergonomic}
    uintx NonNMethodCodeHeapSize                   = 5839564                                {pd product} {ergonomic}
    uintx NonProfiledCodeHeapSize                  = 122909338                              {pd product} {ergonomic}
    uintx ProfiledCodeHeapSize                     = 122909338                              {pd product} {ergonomic}
    uintx ReservedCodeCacheSize                    = 251658240                              {pd product} {ergonomic}
     bool SegmentedCodeCache                       = true                                      {product} {ergonomic}
   size_t SoftMaxHeapSize                          = 8589934592                             {manageable} {ergonomic}
     bool UseCompressedClassPointers               = true                           {product lp64_product} {ergonomic}
     bool UseCompressedOops                        = true                           {product lp64_product} {ergonomic}
     bool UseG1GC                                  = true                                      {product} {ergonomic}
     bool UseNUMA                                  = false                                     {product} {ergonomic}
     bool UseNUMAInterleaving                      = false                                     {product} {ergonomic}

Logging:
Log output configuration:
 #0: stdout all=warning uptime,level,tags foldmultilines=false
 #1: stderr all=off uptime,level,tags foldmultilines=false

Environment Variables:
JAVA_HOME=/opt/homebrew/opt/openjdk/libexec/openjdk.jdk/Contents/Home
PATH=/opt/anaconda3/bin:/opt/homebrew/bin:/opt/homebrew/sbin:/Library/Frameworks/Python.framework/Versions/3.9/bin:/usr/local/bin:/usr/local/sbin:/usr/bin:/bin:/usr/sbin:/sbin
SHELL=/bin/zsh
LANG=en_US.UTF-8
LC_CTYPE=en_US.UTF-8

Signal Handlers:
   SIGSEGV: _ZL13crash_handleriP9__siginfoPv in libjvm.dylib, mask=11100110000111110111111111111111, flags=SA_RESTART|SA_SIGINFO
    SIGBUS: _ZL13crash_handleriP9__siginfoPv in libjvm.dylib, mask=11100110000111110111111111111111, flags=SA_RESTART|SA_SIGINFO
    SIGFPE: _ZL13crash_handleriP9__siginfoPv in libjvm.dylib, mask=11100110000111110111111111111111, flags=SA_RESTART|SA_SIGINFO
   SIGPIPE: _ZL17javaSignalHandleriP9__siginfoPv in libjvm.dylib, mask=11100110000111110111111111111111, flags=SA_RESTART|SA_SIGINFO
   SIGXFSZ: _ZL17javaSignalHandleriP9__siginfoPv in libjvm.dylib, mask=11100110000111110111111111111111, flags=SA_RESTART|SA_SIGINFO
    SIGILL: _ZL13crash_handleriP9__siginfoPv in libjvm.dylib, mask=11100110000111110111111111111111, flags=SA_RESTART|SA_SIGINFO
   SIGUSR2: _ZL10SR_handleriP9__siginfoP17__darwin_ucontext in libjvm.dylib, mask=00100000000000000000000000000000, flags=SA_RESTART|SA_SIGINFO
    SIGHUP: _ZL11UserHandleriPvS_ in libjvm.dylib, mask=11100110000111110111111111111111, flags=SA_RESTART|SA_SIGINFO
    SIGINT: _ZL11UserHandleriPvS_ in libjvm.dylib, mask=11100110000111110111111111111111, flags=SA_RESTART|SA_SIGINFO
   SIGTERM: _ZL11UserHandleriPvS_ in libjvm.dylib, mask=11100110000111110111111111111111, flags=SA_RESTART|SA_SIGINFO
   SIGQUIT: _ZL11UserHandleriPvS_ in libjvm.dylib, mask=11100110000111110111111111111111, flags=SA_RESTART|SA_SIGINFO
   SIGTRAP: _ZL13crash_handleriP9__siginfoPv in libjvm.dylib, mask=11100110000111110111111111111111, flags=SA_RESTART|SA_SIGINFO


---------------  S Y S T E M  ---------------

OS:
uname: Darwin 21.4.0 Darwin Kernel Version 21.4.0: Fri Mar 18 00:46:32 PDT 2022; root:xnu-8020.101.4~15/RELEASE_ARM64_T6000 arm64
OS uptime: 5 days 17:27 hours
rlimit (soft/hard): STACK 8176k/65520k , CORE 0k/infinity , NPROC 5333/8000 , NOFILE 10240/infinity , AS infinity/infinity , CPU infinity/infinity , DATA infinity/infinity , FSIZE infinity/infinity , MEMLOCK infinity/infinity , RSS infinity/infinity
load average: 5.91 3.77 3.33

CPU: total 10 (initial active 10) 0x61:0x0:0x1b588bb3:0, fp, simd, aes, pmull, crc, lse

Memory: 16k page, physical 33554432k(511216k free), swap 0k(0k free)

vm_info: OpenJDK 64-Bit Server VM (18+0) for bsd-aarch64 JRE (18+0), built on Mar 28 2022 13:48:55 by "brew" with clang Apple LLVM 13.1.6 (clang-1316.0.21.2)

END.
